11-Jun-2025 19:35:07.109 INFO [main] org.apache.catalina.startup.VersionLoggerListener.log Nombre de la versión del servidor: Apache Tomcat/11.0.7
11-Jun-2025 19:35:07.113 INFO [main] org.apache.catalina.startup.VersionLoggerListener.log Server built:                      May 7 2025 14:55:59 UTC
11-Jun-2025 19:35:07.113 INFO [main] org.apache.catalina.startup.VersionLoggerListener.log Número de versión de servidor:     11.0.7.0
11-Jun-2025 19:35:07.113 INFO [main] org.apache.catalina.startup.VersionLoggerListener.log OS Name:                           Windows 11
11-Jun-2025 19:35:07.113 INFO [main] org.apache.catalina.startup.VersionLoggerListener.log Versión de Systema Operativo:      10.0
11-Jun-2025 19:35:07.113 INFO [main] org.apache.catalina.startup.VersionLoggerListener.log Arquitectura:                      amd64
11-Jun-2025 19:35:07.113 INFO [main] org.apache.catalina.startup.VersionLoggerListener.log Java Home:                         C:\Program Files\Java\jdk-22
11-Jun-2025 19:35:07.113 INFO [main] org.apache.catalina.startup.VersionLoggerListener.log JVM Version:                       22.0.1+8-16
11-Jun-2025 19:35:07.113 INFO [main] org.apache.catalina.startup.VersionLoggerListener.log Vededor JVM:                       Oracle Corporation
11-Jun-2025 19:35:07.114 INFO [main] org.apache.catalina.startup.VersionLoggerListener.log CATALINA_BASE:                     C:\xampp\htdocs\SABI\apache-tomcat-11.0.7
11-Jun-2025 19:35:07.114 INFO [main] org.apache.catalina.startup.VersionLoggerListener.log CATALINA_HOME:                     C:\xampp\htdocs\SABI\apache-tomcat-11.0.7
11-Jun-2025 19:35:07.123 INFO [main] org.apache.catalina.startup.VersionLoggerListener.log Command line argument:             -Djava.util.logging.config.file=C:\xampp\htdocs\SABI\apache-tomcat-11.0.7\conf\logging.properties
11-Jun-2025 19:35:07.123 INFO [main] org.apache.catalina.startup.VersionLoggerListener.log Command line argument:             -Djava.util.logging.manager=org.apache.juli.ClassLoaderLogManager
11-Jun-2025 19:35:07.123 INFO [main] org.apache.catalina.startup.VersionLoggerListener.log Command line argument:             -Djdk.tls.ephemeralDHKeySize=2048
11-Jun-2025 19:35:07.123 INFO [main] org.apache.catalina.startup.VersionLoggerListener.log Command line argument:             --add-opens=java.base/java.lang=ALL-UNNAMED
11-Jun-2025 19:35:07.123 INFO [main] org.apache.catalina.startup.VersionLoggerListener.log Command line argument:             --add-opens=java.base/java.lang.reflect=ALL-UNNAMED
11-Jun-2025 19:35:07.123 INFO [main] org.apache.catalina.startup.VersionLoggerListener.log Command line argument:             --add-opens=java.base/java.io=ALL-UNNAMED
11-Jun-2025 19:35:07.123 INFO [main] org.apache.catalina.startup.VersionLoggerListener.log Command line argument:             --add-opens=java.base/java.util=ALL-UNNAMED
11-Jun-2025 19:35:07.123 INFO [main] org.apache.catalina.startup.VersionLoggerListener.log Command line argument:             --add-opens=java.base/java.util.concurrent=ALL-UNNAMED
11-Jun-2025 19:35:07.123 INFO [main] org.apache.catalina.startup.VersionLoggerListener.log Command line argument:             --add-opens=java.rmi/sun.rmi.transport=ALL-UNNAMED
11-Jun-2025 19:35:07.123 INFO [main] org.apache.catalina.startup.VersionLoggerListener.log Command line argument:             --enable-native-access=ALL-UNNAMED
11-Jun-2025 19:35:07.123 INFO [main] org.apache.catalina.startup.VersionLoggerListener.log Command line argument:             -Dcatalina.base=C:\xampp\htdocs\SABI\apache-tomcat-11.0.7
11-Jun-2025 19:35:07.123 INFO [main] org.apache.catalina.startup.VersionLoggerListener.log Command line argument:             -Dcatalina.home=C:\xampp\htdocs\SABI\apache-tomcat-11.0.7
11-Jun-2025 19:35:07.123 INFO [main] org.apache.catalina.startup.VersionLoggerListener.log Command line argument:             -Djava.io.tmpdir=C:\xampp\htdocs\SABI\apache-tomcat-11.0.7\temp
11-Jun-2025 19:35:07.244 INFO [main] org.apache.catalina.core.AprLifecycleListener.lifecycleEvent Cargada la biblioteca nativa APR de Apache Tomcat [2.0.8] con la versión APR [1.7.4].
11-Jun-2025 19:35:07.250 INFO [main] org.apache.catalina.core.AprLifecycleListener.initializeSSL OpenSSL inicializado correctamente [OpenSSL 3.0.14 4 Jun 2024]
11-Jun-2025 19:35:07.514 INFO [main] org.apache.coyote.AbstractProtocol.init Inicializando el manejador de protocolo ["http-nio-8080"]

11-Jun-2025 19:35:07.533 INFO [main] org.apache.catalina.startup.Catalina.load Server initialization in [701] milliseconds
11-Jun-2025 19:35:07.586 INFO [main] org.apache.catalina.core.StandardService.startInternal Arrancando servicio [Catalina]
11-Jun-2025 19:35:07.586 INFO [main] org.apache.catalina.core.StandardEngine.startInternal Starting Servlet engine: [Apache Tomcat/11.0.7]
11-Jun-2025 19:35:07.596 INFO [main] org.apache.catalina.startup.HostConfig.deployDescriptor Desplieque del descriptor de configuración [C:\xampp\htdocs\SABI\apache-tomcat-11.0.7\conf\Catalina\localhost\apacheDonCarlos.xml]
11-Jun-2025 19:35:07.611 WARNING [main] org.apache.catalina.startup.HostConfig.deployDescriptor The path attribute with value [/apacheDonCarlos] in deployment descriptor [C:\xampp\htdocs\SABI\apache-tomcat-11.0.7\conf\Catalina\localhost\apacheDonCarlos.xml] has been ignored
11-Jun-2025 19:35:07.649 SEVERE [main] org.apache.catalina.startup.HostConfig.deployDescriptor Error durante el despliegue del descriptor de configuración [C:\xampp\htdocs\SABI\apache-tomcat-11.0.7\conf\Catalina\localhost\apacheDonCarlos.xml]
	java.lang.IllegalStateException: Error starting child
		at org.apache.catalina.core.ContainerBase.addChild(ContainerBase.java:569)
		at org.apache.catalina.core.StandardHost.addChild(StandardHost.java:652)
		at org.apache.catalina.startup.HostConfig.deployDescriptor(HostConfig.java:593)
		at org.apache.catalina.startup.HostConfig$DeployDescriptor.run(HostConfig.java:1831)
		at java.base/java.util.concurrent.Executors$RunnableAdapter.call(Executors.java:572)
		at java.base/java.util.concurrent.FutureTask.run(FutureTask.java:317)
		at org.apache.tomcat.util.threads.InlineExecutorService.execute(InlineExecutorService.java:75)
		at java.base/java.util.concurrent.AbstractExecutorService.submit(AbstractExecutorService.java:123)
		at org.apache.catalina.startup.HostConfig.deployDescriptors(HostConfig.java:488)
		at org.apache.catalina.startup.HostConfig.deployApps(HostConfig.java:379)
		at org.apache.catalina.startup.HostConfig.start(HostConfig.java:1581)
		at org.apache.catalina.startup.HostConfig.lifecycleEvent(HostConfig.java:265)
		at org.apache.catalina.util.LifecycleBase.fireLifecycleEvent(LifecycleBase.java:109)
		at org.apache.catalina.util.LifecycleBase.setStateInternal(LifecycleBase.java:389)
		at org.apache.catalina.util.LifecycleBase.setState(LifecycleBase.java:336)
		at org.apache.catalina.core.ContainerBase.startInternal(ContainerBase.java:743)
		at org.apache.catalina.core.StandardHost.startInternal(StandardHost.java:769)
		at org.apache.catalina.util.LifecycleBase.start(LifecycleBase.java:164)
		at org.apache.catalina.core.ContainerBase$StartChild.call(ContainerBase.java:1164)
		at org.apache.catalina.core.ContainerBase$StartChild.call(ContainerBase.java:1160)
		at java.base/java.util.concurrent.FutureTask.run(FutureTask.java:317)
		at org.apache.tomcat.util.threads.InlineExecutorService.execute(InlineExecutorService.java:75)
		at java.base/java.util.concurrent.AbstractExecutorService.submit(AbstractExecutorService.java:145)
		at org.apache.catalina.core.ContainerBase.startInternal(ContainerBase.java:716)
		at org.apache.catalina.core.StandardEngine.startInternal(StandardEngine.java:203)
		at org.apache.catalina.util.LifecycleBase.start(LifecycleBase.java:164)
		at org.apache.catalina.core.StandardService.startInternal(StandardService.java:412)
		at org.apache.catalina.util.LifecycleBase.start(LifecycleBase.java:164)
		at org.apache.catalina.core.StandardServer.startInternal(StandardServer.java:866)
		at org.apache.catalina.util.LifecycleBase.start(LifecycleBase.java:164)
		at org.apache.catalina.startup.Catalina.start(Catalina.java:759)
		at java.base/jdk.internal.reflect.DirectMethodHandleAccessor.invoke(DirectMethodHandleAccessor.java:103)
		at java.base/java.lang.reflect.Method.invoke(Method.java:580)
		at org.apache.catalina.startup.Bootstrap.start(Bootstrap.java:342)
		at org.apache.catalina.startup.Bootstrap.main(Bootstrap.java:473)
	Caused by: org.apache.catalina.LifecycleException: Failed to start component [org.apache.catalina.webresources.StandardRoot@4e928fbf]
		at org.apache.catalina.util.LifecycleBase.handleSubClassException(LifecycleBase.java:406)
		at org.apache.catalina.util.LifecycleBase.start(LifecycleBase.java:179)
		at org.apache.catalina.core.StandardContext.resourcesStart(StandardContext.java:4127)
		at org.apache.catalina.core.StandardContext.startInternal(StandardContext.java:4249)
		at org.apache.catalina.util.LifecycleBase.start(LifecycleBase.java:164)
		at org.apache.catalina.core.ContainerBase.addChild(ContainerBase.java:566)
		... 34 more
	Caused by: java.lang.IllegalArgumentException: The main resource set specified [C:\Users\adminsena\Documents\GitHub\SABI\apacheDonCarlos\target\apacheDonCarlos-1.0-SNAPSHOT] is not a directory or war file, or is not readable (it does not exist or permissions to access it are missing)
		at org.apache.catalina.webresources.StandardRoot.createMainResourceSet(StandardRoot.java:749)
		at org.apache.catalina.webresources.StandardRoot.startInternal(StandardRoot.java:706)
		at org.apache.catalina.util.LifecycleBase.start(LifecycleBase.java:164)
		... 38 more
11-Jun-2025 19:35:07.658 INFO [main] org.apache.catalina.startup.HostConfig.deployDescriptor Deployment of deployment descriptor [C:\xampp\htdocs\SABI\apache-tomcat-11.0.7\conf\Catalina\localhost\apacheDonCarlos.xml] has finished in [59] ms
11-Jun-2025 19:35:07.659 INFO [main] org.apache.catalina.startup.HostConfig.deployDirectory Desplegando el directorio [C:\xampp\htdocs\SABI\apache-tomcat-11.0.7\webapps\docs] de la aplicación web
11-Jun-2025 19:35:07.905 INFO [main] org.apache.catalina.startup.HostConfig.deployDirectory Deployment of web application directory [C:\xampp\htdocs\SABI\apache-tomcat-11.0.7\webapps\docs] has finished in [245] ms
11-Jun-2025 19:35:07.905 INFO [main] org.apache.catalina.startup.HostConfig.deployDirectory Desplegando el directorio [C:\xampp\htdocs\SABI\apache-tomcat-11.0.7\webapps\examples] de la aplicación web
11-Jun-2025 19:35:08.723 INFO [main] org.apache.catalina.startup.HostConfig.deployDirectory Deployment of web application directory [C:\xampp\htdocs\SABI\apache-tomcat-11.0.7\webapps\examples] has finished in [818] ms
11-Jun-2025 19:35:08.725 INFO [main] org.apache.catalina.startup.HostConfig.deployDirectory Desplegando el directorio [C:\xampp\htdocs\SABI\apache-tomcat-11.0.7\webapps\host-manager] de la aplicación web
11-Jun-2025 19:35:08.764 INFO [main] org.apache.catalina.startup.HostConfig.deployDirectory Deployment of web application directory [C:\xampp\htdocs\SABI\apache-tomcat-11.0.7\webapps\host-manager] has finished in [39] ms
11-Jun-2025 19:35:08.765 INFO [main] org.apache.catalina.startup.HostConfig.deployDirectory Desplegando el directorio [C:\xampp\htdocs\SABI\apache-tomcat-11.0.7\webapps\manager] de la aplicación web
11-Jun-2025 19:35:08.805 INFO [main] org.apache.catalina.startup.HostConfig.deployDirectory Deployment of web application directory [C:\xampp\htdocs\SABI\apache-tomcat-11.0.7\webapps\manager] has finished in [40] ms
11-Jun-2025 19:35:08.806 INFO [main] org.apache.catalina.startup.HostConfig.deployDirectory Desplegando el directorio [C:\xampp\htdocs\SABI\apache-tomcat-11.0.7\webapps\ROOT] de la aplicación web
11-Jun-2025 19:35:08.837 INFO [main] org.apache.catalina.startup.HostConfig.deployDirectory Deployment of web application directory [C:\xampp\htdocs\SABI\apache-tomcat-11.0.7\webapps\ROOT] has finished in [31] ms
11-Jun-2025 19:35:08.842 INFO [main] org.apache.coyote.AbstractProtocol.start Starting ProtocolHandler ["http-nio-8080"]
11-Jun-2025 19:35:08.869 INFO [main] org.apache.catalina.startup.Catalina.start Server startup in [1334] milliseconds
11-Jun-2025 19:35:11.098 INFO [http-nio-8080-exec-9] org.apache.catalina.startup.HostConfig.undeploy Repliegue (undeploy) de la aplicación web que tiene como trayectoria de contexto [/apacheDonCarlos]
11-Jun-2025 19:35:11.146 INFO [http-nio-8080-exec-3] org.apache.catalina.startup.HostConfig.deployDescriptor Desplieque del descriptor de configuración [C:\xampp\htdocs\SABI\apache-tomcat-11.0.7\conf\Catalina\localhost\apacheDonCarlos.xml]
11-Jun-2025 19:35:11.147 WARNING [http-nio-8080-exec-3] org.apache.catalina.startup.HostConfig.deployDescriptor The path attribute with value [/apacheDonCarlos] in deployment descriptor [C:\xampp\htdocs\SABI\apache-tomcat-11.0.7\conf\Catalina\localhost\apacheDonCarlos.xml] has been ignored
11-Jun-2025 19:35:11.208 INFO [http-nio-8080-exec-3] org.apache.catalina.startup.HostConfig.deployDescriptor Deployment of deployment descriptor [C:\xampp\htdocs\SABI\apache-tomcat-11.0.7\conf\Catalina\localhost\apacheDonCarlos.xml] has finished in [62] ms
11-Jun-2025 19:35:11.211 INFO [http-nio-8080-exec-1] org.apache.catalina.util.LifecycleBase.start The start() method was called on component [StandardEngine[Catalina].StandardHost[localhost].StandardContext[/apacheDonCarlos]] after start() had already been called. The second call will be ignored.
11-Jun-2025 19:39:51.444 INFO [http-nio-8080-exec-16] org.apache.catalina.startup.HostConfig.undeploy Repliegue (undeploy) de la aplicación web que tiene como trayectoria de contexto [/apacheDonCarlos]
11-Jun-2025 19:39:51.461 INFO [http-nio-8080-exec-12] org.apache.catalina.startup.HostConfig.deployDescriptor Desplieque del descriptor de configuración [C:\xampp\htdocs\SABI\apache-tomcat-11.0.7\conf\Catalina\localhost\apacheDonCarlos.xml]
11-Jun-2025 19:39:51.462 WARNING [http-nio-8080-exec-12] org.apache.catalina.startup.HostConfig.deployDescriptor The path attribute with value [/apacheDonCarlos] in deployment descriptor [C:\xampp\htdocs\SABI\apache-tomcat-11.0.7\conf\Catalina\localhost\apacheDonCarlos.xml] has been ignored
11-Jun-2025 19:39:51.512 INFO [http-nio-8080-exec-12] org.apache.catalina.startup.HostConfig.deployDescriptor Deployment of deployment descriptor [C:\xampp\htdocs\SABI\apache-tomcat-11.0.7\conf\Catalina\localhost\apacheDonCarlos.xml] has finished in [51] ms
11-Jun-2025 19:39:51.515 INFO [http-nio-8080-exec-15] org.apache.catalina.util.LifecycleBase.start The start() method was called on component [StandardEngine[Catalina].StandardHost[localhost].StandardContext[/apacheDonCarlos]] after start() had already been called. The second call will be ignored.
11-Jun-2025 19:41:24.200 INFO [http-nio-8080-exec-19] org.apache.catalina.startup.HostConfig.undeploy Repliegue (undeploy) de la aplicación web que tiene como trayectoria de contexto [/apacheDonCarlos]
11-Jun-2025 19:41:24.215 INFO [http-nio-8080-exec-15] org.apache.catalina.startup.HostConfig.deployDescriptor Desplieque del descriptor de configuración [C:\xampp\htdocs\SABI\apache-tomcat-11.0.7\conf\Catalina\localhost\apacheDonCarlos.xml]
11-Jun-2025 19:41:24.215 WARNING [http-nio-8080-exec-15] org.apache.catalina.startup.HostConfig.deployDescriptor The path attribute with value [/apacheDonCarlos] in deployment descriptor [C:\xampp\htdocs\SABI\apache-tomcat-11.0.7\conf\Catalina\localhost\apacheDonCarlos.xml] has been ignored
11-Jun-2025 19:41:24.266 INFO [http-nio-8080-exec-15] org.apache.catalina.startup.HostConfig.deployDescriptor Deployment of deployment descriptor [C:\xampp\htdocs\SABI\apache-tomcat-11.0.7\conf\Catalina\localhost\apacheDonCarlos.xml] has finished in [51] ms
11-Jun-2025 19:41:24.268 INFO [http-nio-8080-exec-24] org.apache.catalina.util.LifecycleBase.start The start() method was called on component [StandardEngine[Catalina].StandardHost[localhost].StandardContext[/apacheDonCarlos]] after start() had already been called. The second call will be ignored.
11-Jun-2025 19:48:39.964 INFO [main] org.apache.catalina.core.StandardServer.await Se ha recibido un comando de apagado a través del puerto de apagado. Parando la instancia del Servidor.
11-Jun-2025 19:48:39.964 INFO [main] org.apache.coyote.AbstractProtocol.pause Pausing ProtocolHandler ["http-nio-8080"]
11-Jun-2025 19:48:39.968 INFO [main] org.apache.catalina.core.StandardService.stopInternal Parando servicio [Catalina]
11-Jun-2025 19:48:39.978 INFO [main] org.apache.coyote.AbstractProtocol.stop Stopping ProtocolHandler ["http-nio-8080"]
11-Jun-2025 19:48:39.980 INFO [main] org.apache.coyote.AbstractProtocol.destroy Destroying ProtocolHandler ["http-nio-8080"]
