27-Jun-2025 06:50:50.290 INFO [main] org.apache.catalina.startup.VersionLoggerListener.log Nombre de la versión del servidor: Apache Tomcat/11.0.7
27-Jun-2025 06:50:50.294 INFO [main] org.apache.catalina.startup.VersionLoggerListener.log Server built:                      May 7 2025 14:55:59 UTC
27-Jun-2025 06:50:50.294 INFO [main] org.apache.catalina.startup.VersionLoggerListener.log Número de versión de servidor:     11.0.7.0
27-Jun-2025 06:50:50.294 INFO [main] org.apache.catalina.startup.VersionLoggerListener.log OS Name:                           Windows 11
27-Jun-2025 06:50:50.294 INFO [main] org.apache.catalina.startup.VersionLoggerListener.log Versión de Systema Operativo:      10.0
27-Jun-2025 06:50:50.294 INFO [main] org.apache.catalina.startup.VersionLoggerListener.log Arquitectura:                      amd64
27-Jun-2025 06:50:50.294 INFO [main] org.apache.catalina.startup.VersionLoggerListener.log Java Home:                         C:\Program Files\Java\jdk-23
27-Jun-2025 06:50:50.294 INFO [main] org.apache.catalina.startup.VersionLoggerListener.log JVM Version:                       23+37-2369
27-Jun-2025 06:50:50.294 INFO [main] org.apache.catalina.startup.VersionLoggerListener.log Vededor JVM:                       Oracle Corporation
27-Jun-2025 06:50:50.294 INFO [main] org.apache.catalina.startup.VersionLoggerListener.log CATALINA_BASE:                     C:\xampp\htdocs\SABI\apache-tomcat-11.0.7
27-Jun-2025 06:50:50.294 INFO [main] org.apache.catalina.startup.VersionLoggerListener.log CATALINA_HOME:                     C:\xampp\htdocs\SABI\apache-tomcat-11.0.7
27-Jun-2025 06:50:50.301 INFO [main] org.apache.catalina.startup.VersionLoggerListener.log Command line argument:             -Djava.util.logging.config.file=C:\xampp\htdocs\SABI\apache-tomcat-11.0.7\conf\logging.properties
27-Jun-2025 06:50:50.301 INFO [main] org.apache.catalina.startup.VersionLoggerListener.log Command line argument:             -Djava.util.logging.manager=org.apache.juli.ClassLoaderLogManager
27-Jun-2025 06:50:50.301 INFO [main] org.apache.catalina.startup.VersionLoggerListener.log Command line argument:             -Djdk.tls.ephemeralDHKeySize=2048
27-Jun-2025 06:50:50.301 INFO [main] org.apache.catalina.startup.VersionLoggerListener.log Command line argument:             --add-opens=java.base/java.lang=ALL-UNNAMED
27-Jun-2025 06:50:50.301 INFO [main] org.apache.catalina.startup.VersionLoggerListener.log Command line argument:             --add-opens=java.base/java.lang.reflect=ALL-UNNAMED
27-Jun-2025 06:50:50.301 INFO [main] org.apache.catalina.startup.VersionLoggerListener.log Command line argument:             --add-opens=java.base/java.io=ALL-UNNAMED
27-Jun-2025 06:50:50.301 INFO [main] org.apache.catalina.startup.VersionLoggerListener.log Command line argument:             --add-opens=java.base/java.util=ALL-UNNAMED
27-Jun-2025 06:50:50.301 INFO [main] org.apache.catalina.startup.VersionLoggerListener.log Command line argument:             --add-opens=java.base/java.util.concurrent=ALL-UNNAMED
27-Jun-2025 06:50:50.301 INFO [main] org.apache.catalina.startup.VersionLoggerListener.log Command line argument:             --add-opens=java.rmi/sun.rmi.transport=ALL-UNNAMED
27-Jun-2025 06:50:50.301 INFO [main] org.apache.catalina.startup.VersionLoggerListener.log Command line argument:             --enable-native-access=ALL-UNNAMED
27-Jun-2025 06:50:50.301 INFO [main] org.apache.catalina.startup.VersionLoggerListener.log Command line argument:             -Dcatalina.base=C:\xampp\htdocs\SABI\apache-tomcat-11.0.7
27-Jun-2025 06:50:50.302 INFO [main] org.apache.catalina.startup.VersionLoggerListener.log Command line argument:             -Dcatalina.home=C:\xampp\htdocs\SABI\apache-tomcat-11.0.7
27-Jun-2025 06:50:50.302 INFO [main] org.apache.catalina.startup.VersionLoggerListener.log Command line argument:             -Djava.io.tmpdir=C:\xampp\htdocs\SABI\apache-tomcat-11.0.7\temp
27-Jun-2025 06:50:50.379 INFO [main] org.apache.catalina.core.AprLifecycleListener.lifecycleEvent Cargada la biblioteca nativa APR de Apache Tomcat [2.0.8] con la versión APR [1.7.4].
27-Jun-2025 06:50:50.417 INFO [main] org.apache.catalina.core.AprLifecycleListener.initializeSSL OpenSSL inicializado correctamente [OpenSSL 3.0.14 4 Jun 2024]
27-Jun-2025 06:50:50.643 INFO [main] org.apache.coyote.AbstractProtocol.init Inicializando el manejador de protocolo ["http-nio-8080"]

27-Jun-2025 06:50:50.665 INFO [main] org.apache.catalina.startup.Catalina.load Server initialization in [536] milliseconds
27-Jun-2025 06:50:50.717 INFO [main] org.apache.catalina.core.StandardService.startInternal Arrancando servicio [Catalina]
27-Jun-2025 06:50:50.717 INFO [main] org.apache.catalina.core.StandardEngine.startInternal Starting Servlet engine: [Apache Tomcat/11.0.7]
27-Jun-2025 06:50:50.726 INFO [main] org.apache.catalina.startup.HostConfig.deployDescriptor Desplieque del descriptor de configuración [C:\xampp\htdocs\SABI\apache-tomcat-11.0.7\conf\Catalina\localhost\apacheDonCarlos.xml]
27-Jun-2025 06:50:50.738 WARNING [main] org.apache.catalina.startup.HostConfig.deployDescriptor The path attribute with value [/apacheDonCarlos] in deployment descriptor [C:\xampp\htdocs\SABI\apache-tomcat-11.0.7\conf\Catalina\localhost\apacheDonCarlos.xml] has been ignored
27-Jun-2025 06:50:51.275 INFO [main] org.apache.jasper.servlet.TldScanner.scanJars Al menos un JAR, que se ha explorado buscando TLDs, aún no contenía TLDs. Activar historial de depuración para este historiador para una completa lista de los JARs que fueron explorados y de los que nos se halló TLDs. Saltarse JARs no necesarios durante la exploración puede dar lugar a una mejora de tiempo significativa en el arranque y compilación de JSP .
27-Jun-2025 06:50:51.316 INFO [main] org.apache.catalina.startup.HostConfig.deployDescriptor Deployment of deployment descriptor [C:\xampp\htdocs\SABI\apache-tomcat-11.0.7\conf\Catalina\localhost\apacheDonCarlos.xml] has finished in [587] ms
27-Jun-2025 06:50:51.317 INFO [main] org.apache.catalina.startup.HostConfig.deployDescriptor Desplieque del descriptor de configuración [C:\xampp\htdocs\SABI\apache-tomcat-11.0.7\conf\Catalina\localhost\apacheSABI.xml]
27-Jun-2025 06:50:51.317 WARNING [main] org.apache.catalina.startup.HostConfig.deployDescriptor The path attribute with value [/apacheSABI] in deployment descriptor [C:\xampp\htdocs\SABI\apache-tomcat-11.0.7\conf\Catalina\localhost\apacheSABI.xml] has been ignored
27-Jun-2025 06:50:51.372 INFO [main] org.apache.catalina.startup.HostConfig.deployDescriptor Deployment of deployment descriptor [C:\xampp\htdocs\SABI\apache-tomcat-11.0.7\conf\Catalina\localhost\apacheSABI.xml] has finished in [54] ms
27-Jun-2025 06:50:51.372 INFO [main] org.apache.catalina.startup.HostConfig.deployDescriptor Desplieque del descriptor de configuración [C:\xampp\htdocs\SABI\apache-tomcat-11.0.7\conf\Catalina\localhost\mavenproject1.xml]
27-Jun-2025 06:50:51.373 WARNING [main] org.apache.catalina.startup.HostConfig.deployDescriptor The path attribute with value [/mavenproject1] in deployment descriptor [C:\xampp\htdocs\SABI\apache-tomcat-11.0.7\conf\Catalina\localhost\mavenproject1.xml] has been ignored
27-Jun-2025 06:50:51.378 SEVERE [main] org.apache.catalina.startup.HostConfig.deployDescriptor Error durante el despliegue del descriptor de configuración [C:\xampp\htdocs\SABI\apache-tomcat-11.0.7\conf\Catalina\localhost\mavenproject1.xml]
	java.lang.IllegalStateException: Error starting child
		at org.apache.catalina.core.ContainerBase.addChild(ContainerBase.java:569)
		at org.apache.catalina.core.StandardHost.addChild(StandardHost.java:652)
		at org.apache.catalina.startup.HostConfig.deployDescriptor(HostConfig.java:593)
		at org.apache.catalina.startup.HostConfig$DeployDescriptor.run(HostConfig.java:1831)
		at java.base/java.util.concurrent.Executors$RunnableAdapter.call(Executors.java:572)
		at java.base/java.util.concurrent.FutureTask.run(FutureTask.java:317)
		at org.apache.tomcat.util.threads.InlineExecutorService.execute(InlineExecutorService.java:75)
		at java.base/java.util.concurrent.AbstractExecutorService.submit(AbstractExecutorService.java:124)
		at org.apache.catalina.startup.HostConfig.deployDescriptors(HostConfig.java:488)
		at org.apache.catalina.startup.HostConfig.deployApps(HostConfig.java:379)
		at org.apache.catalina.startup.HostConfig.start(HostConfig.java:1581)
		at org.apache.catalina.startup.HostConfig.lifecycleEvent(HostConfig.java:265)
		at org.apache.catalina.util.LifecycleBase.fireLifecycleEvent(LifecycleBase.java:109)
		at org.apache.catalina.util.LifecycleBase.setStateInternal(LifecycleBase.java:389)
		at org.apache.catalina.util.LifecycleBase.setState(LifecycleBase.java:336)
		at org.apache.catalina.core.ContainerBase.startInternal(ContainerBase.java:743)
		at org.apache.catalina.core.StandardHost.startInternal(StandardHost.java:769)
		at org.apache.catalina.util.LifecycleBase.start(LifecycleBase.java:164)
		at org.apache.catalina.core.ContainerBase$StartChild.call(ContainerBase.java:1164)
		at org.apache.catalina.core.ContainerBase$StartChild.call(ContainerBase.java:1160)
		at java.base/java.util.concurrent.FutureTask.run(FutureTask.java:317)
		at org.apache.tomcat.util.threads.InlineExecutorService.execute(InlineExecutorService.java:75)
		at java.base/java.util.concurrent.AbstractExecutorService.submit(AbstractExecutorService.java:148)
		at org.apache.catalina.core.ContainerBase.startInternal(ContainerBase.java:716)
		at org.apache.catalina.core.StandardEngine.startInternal(StandardEngine.java:203)
		at org.apache.catalina.util.LifecycleBase.start(LifecycleBase.java:164)
		at org.apache.catalina.core.StandardService.startInternal(StandardService.java:412)
		at org.apache.catalina.util.LifecycleBase.start(LifecycleBase.java:164)
		at org.apache.catalina.core.StandardServer.startInternal(StandardServer.java:866)
		at org.apache.catalina.util.LifecycleBase.start(LifecycleBase.java:164)
		at org.apache.catalina.startup.Catalina.start(Catalina.java:759)
		at java.base/jdk.internal.reflect.DirectMethodHandleAccessor.invoke(DirectMethodHandleAccessor.java:103)
		at java.base/java.lang.reflect.Method.invoke(Method.java:580)
		at org.apache.catalina.startup.Bootstrap.start(Bootstrap.java:342)
		at org.apache.catalina.startup.Bootstrap.main(Bootstrap.java:473)
	Caused by: org.apache.catalina.LifecycleException: Failed to start component [org.apache.catalina.webresources.StandardRoot@69a2b3b6]
		at org.apache.catalina.util.LifecycleBase.handleSubClassException(LifecycleBase.java:406)
		at org.apache.catalina.util.LifecycleBase.start(LifecycleBase.java:179)
		at org.apache.catalina.core.StandardContext.resourcesStart(StandardContext.java:4127)
		at org.apache.catalina.core.StandardContext.startInternal(StandardContext.java:4249)
		at org.apache.catalina.util.LifecycleBase.start(LifecycleBase.java:164)
		at org.apache.catalina.core.ContainerBase.addChild(ContainerBase.java:566)
		... 34 more
	Caused by: java.lang.IllegalArgumentException: The main resource set specified [C:\Users\William\Documents\mavenproject1\target\mavenproject1-1.0-SNAPSHOT] is not a directory or war file, or is not readable (it does not exist or permissions to access it are missing)
		at org.apache.catalina.webresources.StandardRoot.createMainResourceSet(StandardRoot.java:749)
		at org.apache.catalina.webresources.StandardRoot.startInternal(StandardRoot.java:706)
		at org.apache.catalina.util.LifecycleBase.start(LifecycleBase.java:164)
		... 38 more
27-Jun-2025 06:50:51.411 INFO [main] org.apache.catalina.startup.HostConfig.deployDescriptor Deployment of deployment descriptor [C:\xampp\htdocs\SABI\apache-tomcat-11.0.7\conf\Catalina\localhost\mavenproject1.xml] has finished in [39] ms
27-Jun-2025 06:50:51.412 INFO [main] org.apache.catalina.startup.HostConfig.deployDirectory Desplegando el directorio [C:\xampp\htdocs\SABI\apache-tomcat-11.0.7\webapps\docs] de la aplicación web
27-Jun-2025 06:50:51.448 INFO [main] org.apache.catalina.startup.HostConfig.deployDirectory Deployment of web application directory [C:\xampp\htdocs\SABI\apache-tomcat-11.0.7\webapps\docs] has finished in [36] ms
27-Jun-2025 06:50:51.450 INFO [main] org.apache.catalina.startup.HostConfig.deployDirectory Desplegando el directorio [C:\xampp\htdocs\SABI\apache-tomcat-11.0.7\webapps\examples] de la aplicación web
27-Jun-2025 06:50:52.015 INFO [main] org.apache.catalina.startup.HostConfig.deployDirectory Deployment of web application directory [C:\xampp\htdocs\SABI\apache-tomcat-11.0.7\webapps\examples] has finished in [565] ms
27-Jun-2025 06:50:52.015 INFO [main] org.apache.catalina.startup.HostConfig.deployDirectory Desplegando el directorio [C:\xampp\htdocs\SABI\apache-tomcat-11.0.7\webapps\host-manager] de la aplicación web
27-Jun-2025 06:50:52.044 INFO [main] org.apache.catalina.startup.HostConfig.deployDirectory Deployment of web application directory [C:\xampp\htdocs\SABI\apache-tomcat-11.0.7\webapps\host-manager] has finished in [29] ms
27-Jun-2025 06:50:52.044 INFO [main] org.apache.catalina.startup.HostConfig.deployDirectory Desplegando el directorio [C:\xampp\htdocs\SABI\apache-tomcat-11.0.7\webapps\manager] de la aplicación web
27-Jun-2025 06:50:52.073 INFO [main] org.apache.catalina.startup.HostConfig.deployDirectory Deployment of web application directory [C:\xampp\htdocs\SABI\apache-tomcat-11.0.7\webapps\manager] has finished in [29] ms
27-Jun-2025 06:50:52.074 INFO [main] org.apache.catalina.startup.HostConfig.deployDirectory Desplegando el directorio [C:\xampp\htdocs\SABI\apache-tomcat-11.0.7\webapps\ROOT] de la aplicación web
27-Jun-2025 06:50:52.094 INFO [main] org.apache.catalina.startup.HostConfig.deployDirectory Deployment of web application directory [C:\xampp\htdocs\SABI\apache-tomcat-11.0.7\webapps\ROOT] has finished in [20] ms
27-Jun-2025 06:50:52.097 INFO [main] org.apache.coyote.AbstractProtocol.start Starting ProtocolHandler ["http-nio-8080"]
27-Jun-2025 06:50:52.118 INFO [main] org.apache.catalina.startup.Catalina.start Server startup in [1452] milliseconds
27-Jun-2025 06:50:56.775 INFO [http-nio-8080-exec-9] org.apache.catalina.startup.HostConfig.undeploy Repliegue (undeploy) de la aplicación web que tiene como trayectoria de contexto [/apacheDonCarlos]
27-Jun-2025 06:50:56.807 INFO [http-nio-8080-exec-7] org.apache.catalina.startup.HostConfig.deployDescriptor Desplieque del descriptor de configuración [C:\xampp\htdocs\SABI\apache-tomcat-11.0.7\conf\Catalina\localhost\apacheDonCarlos.xml]
27-Jun-2025 06:50:56.808 WARNING [http-nio-8080-exec-7] org.apache.catalina.startup.HostConfig.deployDescriptor The path attribute with value [/apacheDonCarlos] in deployment descriptor [C:\xampp\htdocs\SABI\apache-tomcat-11.0.7\conf\Catalina\localhost\apacheDonCarlos.xml] has been ignored
27-Jun-2025 06:50:57.111 INFO [http-nio-8080-exec-7] org.apache.jasper.servlet.TldScanner.scanJars Al menos un JAR, que se ha explorado buscando TLDs, aún no contenía TLDs. Activar historial de depuración para este historiador para una completa lista de los JARs que fueron explorados y de los que nos se halló TLDs. Saltarse JARs no necesarios durante la exploración puede dar lugar a una mejora de tiempo significativa en el arranque y compilación de JSP .
27-Jun-2025 06:50:57.114 INFO [http-nio-8080-exec-7] org.apache.catalina.startup.HostConfig.deployDescriptor Deployment of deployment descriptor [C:\xampp\htdocs\SABI\apache-tomcat-11.0.7\conf\Catalina\localhost\apacheDonCarlos.xml] has finished in [306] ms
27-Jun-2025 06:50:57.117 INFO [http-nio-8080-exec-8] org.apache.catalina.util.LifecycleBase.start The start() method was called on component [StandardEngine[Catalina].StandardHost[localhost].StandardContext[/apacheDonCarlos]] after start() had already been called. The second call will be ignored.
27-Jun-2025 06:51:22.966 WARNING [http-nio-8080-exec-13] org.apache.catalina.loader.WebappClassLoaderBase.clearReferencesJdbc La aplicación web [apacheDonCarlos] registró el conductor JDBC [com.mysql.cj.jdbc.Driver] pero falló al anular el registro mientras la aplicación web estaba parada. Para prevenir un fallo de memoria, se ha anulado el registro del conductor JDBC por la fuerza.
27-Jun-2025 06:51:22.967 WARNING [http-nio-8080-exec-13] org.apache.catalina.loader.WebappClassLoaderBase.clearReferencesThreads The web application [apacheDonCarlos] appears to have started a thread named [mysql-cj-abandoned-connection-cleanup] but has failed to stop it. This is very likely to create a memory leak. Stack trace of thread:
 java.base/jdk.internal.misc.Unsafe.park(Native Method)
 java.base/java.util.concurrent.locks.LockSupport.parkNanos(LockSupport.java:269)
 java.base/java.util.concurrent.locks.AbstractQueuedSynchronizer$ConditionObject.await(AbstractQueuedSynchronizer.java:1852)
 java.base/java.lang.ref.ReferenceQueue.await(ReferenceQueue.java:79)
 java.base/java.lang.ref.ReferenceQueue.remove0(ReferenceQueue.java:151)
 java.base/java.lang.ref.ReferenceQueue.remove(ReferenceQueue.java:229)
 com.mysql.cj.jdbc.AbandonedConnectionCleanupThread.run(AbandonedConnectionCleanupThread.java:91)
 java.base/java.util.concurrent.ThreadPoolExecutor.runWorker(ThreadPoolExecutor.java:1144)
 java.base/java.util.concurrent.ThreadPoolExecutor$Worker.run(ThreadPoolExecutor.java:642)
 java.base/java.lang.Thread.run(Thread.java:1575)
27-Jun-2025 06:51:23.473 INFO [http-nio-8080-exec-13] org.apache.catalina.startup.HostConfig.undeploy Repliegue (undeploy) de la aplicación web que tiene como trayectoria de contexto [/apacheDonCarlos]
27-Jun-2025 06:51:23.487 INFO [http-nio-8080-exec-11] org.apache.catalina.startup.HostConfig.deployDescriptor Desplieque del descriptor de configuración [C:\xampp\htdocs\SABI\apache-tomcat-11.0.7\conf\Catalina\localhost\apacheDonCarlos.xml]
27-Jun-2025 06:51:23.488 WARNING [http-nio-8080-exec-11] org.apache.catalina.startup.HostConfig.deployDescriptor The path attribute with value [/apacheDonCarlos] in deployment descriptor [C:\xampp\htdocs\SABI\apache-tomcat-11.0.7\conf\Catalina\localhost\apacheDonCarlos.xml] has been ignored
27-Jun-2025 06:51:23.674 INFO [mysql-cj-abandoned-connection-cleanup] org.apache.catalina.loader.WebappClassLoaderBase.checkStateForResourceLoading Acceso ilegal: esta instancia de aplicación web ya ha sido parada.  Could not load [].  La eventual traza de pila que sigue ha sido motivada por un error lanzado con motivos de depuración así como para intentar terminar el hilo que motivó el acceso ilegal y no tiene impacto funcional.
	java.lang.IllegalStateException: Acceso ilegal: esta instancia de aplicación web ya ha sido parada.  Could not load [].  La eventual traza de pila que sigue ha sido motivada por un error lanzado con motivos de depuración así como para intentar terminar el hilo que motivó el acceso ilegal y no tiene impacto funcional.
		at org.apache.catalina.loader.WebappClassLoaderBase.checkStateForResourceLoading(WebappClassLoaderBase.java:1248)
		at org.apache.catalina.loader.WebappClassLoaderBase.getResource(WebappClassLoaderBase.java:857)
		at com.mysql.cj.jdbc.AbandonedConnectionCleanupThread.checkThreadContextClassLoader(AbandonedConnectionCleanupThread.java:123)
		at com.mysql.cj.jdbc.AbandonedConnectionCleanupThread.run(AbandonedConnectionCleanupThread.java:90)
		at java.base/java.util.concurrent.ThreadPoolExecutor.runWorker(ThreadPoolExecutor.java:1144)
		at java.base/java.util.concurrent.ThreadPoolExecutor$Worker.run(ThreadPoolExecutor.java:642)
		at java.base/java.lang.Thread.run(Thread.java:1575)
27-Jun-2025 06:51:23.781 INFO [http-nio-8080-exec-11] org.apache.jasper.servlet.TldScanner.scanJars Al menos un JAR, que se ha explorado buscando TLDs, aún no contenía TLDs. Activar historial de depuración para este historiador para una completa lista de los JARs que fueron explorados y de los que nos se halló TLDs. Saltarse JARs no necesarios durante la exploración puede dar lugar a una mejora de tiempo significativa en el arranque y compilación de JSP .
27-Jun-2025 06:51:23.784 INFO [http-nio-8080-exec-11] org.apache.catalina.startup.HostConfig.deployDescriptor Deployment of deployment descriptor [C:\xampp\htdocs\SABI\apache-tomcat-11.0.7\conf\Catalina\localhost\apacheDonCarlos.xml] has finished in [296] ms
27-Jun-2025 06:51:23.786 INFO [http-nio-8080-exec-3] org.apache.catalina.util.LifecycleBase.start The start() method was called on component [StandardEngine[Catalina].StandardHost[localhost].StandardContext[/apacheDonCarlos]] after start() had already been called. The second call will be ignored.
27-Jun-2025 06:52:33.731 INFO [http-nio-8080-exec-20] org.apache.catalina.startup.HostConfig.undeploy Repliegue (undeploy) de la aplicación web que tiene como trayectoria de contexto [/apacheSABI]
27-Jun-2025 06:52:33.758 INFO [http-nio-8080-exec-13] org.apache.catalina.startup.HostConfig.deployDescriptor Desplieque del descriptor de configuración [C:\xampp\htdocs\SABI\apache-tomcat-11.0.7\conf\Catalina\localhost\apacheSABI.xml]
27-Jun-2025 06:52:33.759 WARNING [http-nio-8080-exec-13] org.apache.catalina.startup.HostConfig.deployDescriptor The path attribute with value [/apacheSABI] in deployment descriptor [C:\xampp\htdocs\SABI\apache-tomcat-11.0.7\conf\Catalina\localhost\apacheSABI.xml] has been ignored
27-Jun-2025 06:52:33.813 INFO [http-nio-8080-exec-13] org.apache.catalina.startup.HostConfig.deployDescriptor Deployment of deployment descriptor [C:\xampp\htdocs\SABI\apache-tomcat-11.0.7\conf\Catalina\localhost\apacheSABI.xml] has finished in [55] ms
27-Jun-2025 06:52:33.815 INFO [http-nio-8080-exec-22] org.apache.catalina.util.LifecycleBase.start The start() method was called on component [StandardEngine[Catalina].StandardHost[localhost].StandardContext[/apacheSABI]] after start() had already been called. The second call will be ignored.
27-Jun-2025 06:53:54.907 INFO [http-nio-8080-exec-20] org.apache.catalina.startup.HostConfig.undeploy Repliegue (undeploy) de la aplicación web que tiene como trayectoria de contexto [/apacheSABI]
27-Jun-2025 06:53:54.922 INFO [http-nio-8080-exec-23] org.apache.catalina.startup.HostConfig.deployDescriptor Desplieque del descriptor de configuración [C:\xampp\htdocs\SABI\apache-tomcat-11.0.7\conf\Catalina\localhost\apacheSABI.xml]
27-Jun-2025 06:53:54.923 WARNING [http-nio-8080-exec-23] org.apache.catalina.startup.HostConfig.deployDescriptor The path attribute with value [/apacheSABI] in deployment descriptor [C:\xampp\htdocs\SABI\apache-tomcat-11.0.7\conf\Catalina\localhost\apacheSABI.xml] has been ignored
27-Jun-2025 06:53:54.974 INFO [http-nio-8080-exec-23] org.apache.catalina.startup.HostConfig.deployDescriptor Deployment of deployment descriptor [C:\xampp\htdocs\SABI\apache-tomcat-11.0.7\conf\Catalina\localhost\apacheSABI.xml] has finished in [52] ms
27-Jun-2025 06:53:54.976 INFO [http-nio-8080-exec-1] org.apache.catalina.util.LifecycleBase.start The start() method was called on component [StandardEngine[Catalina].StandardHost[localhost].StandardContext[/apacheSABI]] after start() had already been called. The second call will be ignored.
27-Jun-2025 06:58:46.148 INFO [http-nio-8080-exec-34] org.apache.catalina.startup.HostConfig.undeploy Repliegue (undeploy) de la aplicación web que tiene como trayectoria de contexto [/apacheSABI]
27-Jun-2025 06:58:46.163 INFO [http-nio-8080-exec-1] org.apache.catalina.startup.HostConfig.deployDescriptor Desplieque del descriptor de configuración [C:\xampp\htdocs\SABI\apache-tomcat-11.0.7\conf\Catalina\localhost\apacheSABI.xml]
27-Jun-2025 06:58:46.164 WARNING [http-nio-8080-exec-1] org.apache.catalina.startup.HostConfig.deployDescriptor The path attribute with value [/apacheSABI] in deployment descriptor [C:\xampp\htdocs\SABI\apache-tomcat-11.0.7\conf\Catalina\localhost\apacheSABI.xml] has been ignored
27-Jun-2025 06:58:46.215 INFO [http-nio-8080-exec-1] org.apache.catalina.startup.HostConfig.deployDescriptor Deployment of deployment descriptor [C:\xampp\htdocs\SABI\apache-tomcat-11.0.7\conf\Catalina\localhost\apacheSABI.xml] has finished in [52] ms
27-Jun-2025 06:58:46.217 INFO [http-nio-8080-exec-30] org.apache.catalina.util.LifecycleBase.start The start() method was called on component [StandardEngine[Catalina].StandardHost[localhost].StandardContext[/apacheSABI]] after start() had already been called. The second call will be ignored.
27-Jun-2025 07:21:44.159 INFO [Catalina-utility-2] org.apache.catalina.startup.HostConfig.reload Falló la recarga del contexto [/apacheSABI]
27-Jun-2025 07:21:44.160 INFO [Catalina-utility-2] org.apache.catalina.core.StandardContext.reload Ha comenzado la recarga de Contexto [/apacheSABI]
27-Jun-2025 07:21:44.214 INFO [Catalina-utility-2] org.apache.catalina.core.StandardContext.reload Se ha completado la recarga de este Contexto
27-Jun-2025 09:47:43.952 INFO [Catalina-utility-2] org.apache.catalina.startup.HostConfig.reload Falló la recarga del contexto [/apacheSABI]
27-Jun-2025 09:47:43.953 INFO [Catalina-utility-2] org.apache.catalina.core.StandardContext.reload Ha comenzado la recarga de Contexto [/apacheSABI]
27-Jun-2025 09:47:44.028 INFO [Catalina-utility-2] org.apache.catalina.core.StandardContext.reload Se ha completado la recarga de este Contexto
