18-Jun-2025 19:35:36.648 INFO [main] org.apache.catalina.startup.VersionLoggerListener.log Nombre de la versión del servidor: Apache Tomcat/11.0.7
18-Jun-2025 19:35:36.651 INFO [main] org.apache.catalina.startup.VersionLoggerListener.log Server built:                      May 7 2025 14:55:59 UTC
18-Jun-2025 19:35:36.652 INFO [main] org.apache.catalina.startup.VersionLoggerListener.log Número de versión de servidor:     11.0.7.0
18-Jun-2025 19:35:36.652 INFO [main] org.apache.catalina.startup.VersionLoggerListener.log OS Name:                           Windows 11
18-Jun-2025 19:35:36.652 INFO [main] org.apache.catalina.startup.VersionLoggerListener.log Versión de Systema Operativo:      10.0
18-Jun-2025 19:35:36.652 INFO [main] org.apache.catalina.startup.VersionLoggerListener.log Arquitectura:                      amd64
18-Jun-2025 19:35:36.652 INFO [main] org.apache.catalina.startup.VersionLoggerListener.log Java Home:                         C:\Program Files\Java\jdk-21
18-Jun-2025 19:35:36.652 INFO [main] org.apache.catalina.startup.VersionLoggerListener.log JVM Version:                       21.0.7+8-LTS-245
18-Jun-2025 19:35:36.652 INFO [main] org.apache.catalina.startup.VersionLoggerListener.log Vededor JVM:                       Oracle Corporation
18-Jun-2025 19:35:36.652 INFO [main] org.apache.catalina.startup.VersionLoggerListener.log CATALINA_BASE:                     C:\xampp\htdocs\SABI\apache-tomcat-11.0.7
18-Jun-2025 19:35:36.652 INFO [main] org.apache.catalina.startup.VersionLoggerListener.log CATALINA_HOME:                     C:\xampp\htdocs\SABI\apache-tomcat-11.0.7
18-Jun-2025 19:35:36.662 INFO [main] org.apache.catalina.startup.VersionLoggerListener.log Command line argument:             -Djava.util.logging.config.file=C:\xampp\htdocs\SABI\apache-tomcat-11.0.7\conf\logging.properties
18-Jun-2025 19:35:36.662 INFO [main] org.apache.catalina.startup.VersionLoggerListener.log Command line argument:             -Djava.util.logging.manager=org.apache.juli.ClassLoaderLogManager
18-Jun-2025 19:35:36.662 INFO [main] org.apache.catalina.startup.VersionLoggerListener.log Command line argument:             -Djdk.tls.ephemeralDHKeySize=2048
18-Jun-2025 19:35:36.662 INFO [main] org.apache.catalina.startup.VersionLoggerListener.log Command line argument:             --add-opens=java.base/java.lang=ALL-UNNAMED
18-Jun-2025 19:35:36.662 INFO [main] org.apache.catalina.startup.VersionLoggerListener.log Command line argument:             --add-opens=java.base/java.lang.reflect=ALL-UNNAMED
18-Jun-2025 19:35:36.662 INFO [main] org.apache.catalina.startup.VersionLoggerListener.log Command line argument:             --add-opens=java.base/java.io=ALL-UNNAMED
18-Jun-2025 19:35:36.662 INFO [main] org.apache.catalina.startup.VersionLoggerListener.log Command line argument:             --add-opens=java.base/java.util=ALL-UNNAMED
18-Jun-2025 19:35:36.662 INFO [main] org.apache.catalina.startup.VersionLoggerListener.log Command line argument:             --add-opens=java.base/java.util.concurrent=ALL-UNNAMED
18-Jun-2025 19:35:36.662 INFO [main] org.apache.catalina.startup.VersionLoggerListener.log Command line argument:             --add-opens=java.rmi/sun.rmi.transport=ALL-UNNAMED
18-Jun-2025 19:35:36.662 INFO [main] org.apache.catalina.startup.VersionLoggerListener.log Command line argument:             --enable-native-access=ALL-UNNAMED
18-Jun-2025 19:35:36.662 INFO [main] org.apache.catalina.startup.VersionLoggerListener.log Command line argument:             -Dcatalina.base=C:\xampp\htdocs\SABI\apache-tomcat-11.0.7
18-Jun-2025 19:35:36.662 INFO [main] org.apache.catalina.startup.VersionLoggerListener.log Command line argument:             -Dcatalina.home=C:\xampp\htdocs\SABI\apache-tomcat-11.0.7
18-Jun-2025 19:35:36.662 INFO [main] org.apache.catalina.startup.VersionLoggerListener.log Command line argument:             -Djava.io.tmpdir=C:\xampp\htdocs\SABI\apache-tomcat-11.0.7\temp
18-Jun-2025 19:35:36.665 INFO [main] org.apache.catalina.core.AprLifecycleListener.lifecycleEvent Cargada la biblioteca nativa APR de Apache Tomcat [2.0.8] con la versión APR [1.7.4].
18-Jun-2025 19:35:36.724 INFO [main] org.apache.catalina.core.AprLifecycleListener.initializeSSL OpenSSL inicializado correctamente [OpenSSL 3.0.14 4 Jun 2024]
18-Jun-2025 19:35:36.947 INFO [main] org.apache.coyote.AbstractProtocol.init Inicializando el manejador de protocolo ["http-nio-8080"]

18-Jun-2025 19:35:36.962 INFO [main] org.apache.catalina.startup.Catalina.load Server initialization in [469] milliseconds
18-Jun-2025 19:35:37.014 INFO [main] org.apache.catalina.core.StandardService.startInternal Arrancando servicio [Catalina]
18-Jun-2025 19:35:37.014 INFO [main] org.apache.catalina.core.StandardEngine.startInternal Starting Servlet engine: [Apache Tomcat/11.0.7]
18-Jun-2025 19:35:37.023 INFO [main] org.apache.catalina.startup.HostConfig.deployDescriptor Desplieque del descriptor de configuración [C:\xampp\htdocs\SABI\apache-tomcat-11.0.7\conf\Catalina\localhost\apacheDonCarlos.xml]
18-Jun-2025 19:35:37.036 WARNING [main] org.apache.catalina.startup.HostConfig.deployDescriptor The path attribute with value [/apacheDonCarlos] in deployment descriptor [C:\xampp\htdocs\SABI\apache-tomcat-11.0.7\conf\Catalina\localhost\apacheDonCarlos.xml] has been ignored
18-Jun-2025 19:35:37.645 INFO [main] org.apache.jasper.servlet.TldScanner.scanJars Al menos un JAR, que se ha explorado buscando TLDs, aún no contenía TLDs. Activar historial de depuración para este historiador para una completa lista de los JARs que fueron explorados y de los que nos se halló TLDs. Saltarse JARs no necesarios durante la exploración puede dar lugar a una mejora de tiempo significativa en el arranque y compilación de JSP .
18-Jun-2025 19:35:37.690 INFO [main] org.apache.catalina.startup.HostConfig.deployDescriptor Deployment of deployment descriptor [C:\xampp\htdocs\SABI\apache-tomcat-11.0.7\conf\Catalina\localhost\apacheDonCarlos.xml] has finished in [664] ms
18-Jun-2025 19:35:37.692 INFO [main] org.apache.catalina.startup.HostConfig.deployDirectory Desplegando el directorio [C:\xampp\htdocs\SABI\apache-tomcat-11.0.7\webapps\docs] de la aplicación web
18-Jun-2025 19:35:37.724 INFO [main] org.apache.catalina.startup.HostConfig.deployDirectory Deployment of web application directory [C:\xampp\htdocs\SABI\apache-tomcat-11.0.7\webapps\docs] has finished in [32] ms
18-Jun-2025 19:35:37.725 INFO [main] org.apache.catalina.startup.HostConfig.deployDirectory Desplegando el directorio [C:\xampp\htdocs\SABI\apache-tomcat-11.0.7\webapps\examples] de la aplicación web
18-Jun-2025 19:35:38.038 INFO [main] org.apache.catalina.startup.HostConfig.deployDirectory Deployment of web application directory [C:\xampp\htdocs\SABI\apache-tomcat-11.0.7\webapps\examples] has finished in [313] ms
18-Jun-2025 19:35:38.038 INFO [main] org.apache.catalina.startup.HostConfig.deployDirectory Desplegando el directorio [C:\xampp\htdocs\SABI\apache-tomcat-11.0.7\webapps\host-manager] de la aplicación web
18-Jun-2025 19:35:38.074 INFO [main] org.apache.catalina.startup.HostConfig.deployDirectory Deployment of web application directory [C:\xampp\htdocs\SABI\apache-tomcat-11.0.7\webapps\host-manager] has finished in [36] ms
18-Jun-2025 19:35:38.074 INFO [main] org.apache.catalina.startup.HostConfig.deployDirectory Desplegando el directorio [C:\xampp\htdocs\SABI\apache-tomcat-11.0.7\webapps\manager] de la aplicación web
18-Jun-2025 19:35:38.106 INFO [main] org.apache.catalina.startup.HostConfig.deployDirectory Deployment of web application directory [C:\xampp\htdocs\SABI\apache-tomcat-11.0.7\webapps\manager] has finished in [32] ms
18-Jun-2025 19:35:38.106 INFO [main] org.apache.catalina.startup.HostConfig.deployDirectory Desplegando el directorio [C:\xampp\htdocs\SABI\apache-tomcat-11.0.7\webapps\ROOT] de la aplicación web
18-Jun-2025 19:35:38.132 INFO [main] org.apache.catalina.startup.HostConfig.deployDirectory Deployment of web application directory [C:\xampp\htdocs\SABI\apache-tomcat-11.0.7\webapps\ROOT] has finished in [26] ms
18-Jun-2025 19:35:38.137 INFO [main] org.apache.coyote.AbstractProtocol.start Starting ProtocolHandler ["http-nio-8080"]
18-Jun-2025 19:35:38.158 INFO [main] org.apache.catalina.startup.Catalina.start Server startup in [1195] milliseconds
18-Jun-2025 19:35:40.733 INFO [http-nio-8080-exec-9] org.apache.catalina.startup.HostConfig.undeploy Repliegue (undeploy) de la aplicación web que tiene como trayectoria de contexto [/apacheDonCarlos]
18-Jun-2025 19:35:40.761 INFO [http-nio-8080-exec-10] org.apache.catalina.startup.HostConfig.deployDescriptor Desplieque del descriptor de configuración [C:\xampp\htdocs\SABI\apache-tomcat-11.0.7\conf\Catalina\localhost\apacheDonCarlos.xml]
18-Jun-2025 19:35:40.762 WARNING [http-nio-8080-exec-10] org.apache.catalina.startup.HostConfig.deployDescriptor The path attribute with value [/apacheDonCarlos] in deployment descriptor [C:\xampp\htdocs\SABI\apache-tomcat-11.0.7\conf\Catalina\localhost\apacheDonCarlos.xml] has been ignored
18-Jun-2025 19:35:41.084 INFO [http-nio-8080-exec-10] org.apache.jasper.servlet.TldScanner.scanJars Al menos un JAR, que se ha explorado buscando TLDs, aún no contenía TLDs. Activar historial de depuración para este historiador para una completa lista de los JARs que fueron explorados y de los que nos se halló TLDs. Saltarse JARs no necesarios durante la exploración puede dar lugar a una mejora de tiempo significativa en el arranque y compilación de JSP .
18-Jun-2025 19:35:41.087 INFO [http-nio-8080-exec-10] org.apache.catalina.startup.HostConfig.deployDescriptor Deployment of deployment descriptor [C:\xampp\htdocs\SABI\apache-tomcat-11.0.7\conf\Catalina\localhost\apacheDonCarlos.xml] has finished in [325] ms
18-Jun-2025 19:35:41.090 INFO [http-nio-8080-exec-7] org.apache.catalina.util.LifecycleBase.start The start() method was called on component [StandardEngine[Catalina].StandardHost[localhost].StandardContext[/apacheDonCarlos]] after start() had already been called. The second call will be ignored.
18-Jun-2025 19:36:39.746 WARNING [http-nio-8080-exec-13] org.apache.catalina.loader.WebappClassLoaderBase.clearReferencesJdbc La aplicación web [apacheDonCarlos] registró el conductor JDBC [com.mysql.cj.jdbc.Driver] pero falló al anular el registro mientras la aplicación web estaba parada. Para prevenir un fallo de memoria, se ha anulado el registro del conductor JDBC por la fuerza.
18-Jun-2025 19:36:39.746 WARNING [http-nio-8080-exec-13] org.apache.catalina.loader.WebappClassLoaderBase.clearReferencesThreads The web application [apacheDonCarlos] appears to have started a thread named [mysql-cj-abandoned-connection-cleanup] but has failed to stop it. This is very likely to create a memory leak. Stack trace of thread:
 java.base/jdk.internal.misc.Unsafe.park(Native Method)
 java.base/java.util.concurrent.locks.LockSupport.parkNanos(LockSupport.java:269)
 java.base/java.util.concurrent.locks.AbstractQueuedSynchronizer$ConditionObject.await(AbstractQueuedSynchronizer.java:1852)
 java.base/java.lang.ref.ReferenceQueue.await(ReferenceQueue.java:71)
 java.base/java.lang.ref.ReferenceQueue.remove0(ReferenceQueue.java:143)
 java.base/java.lang.ref.ReferenceQueue.remove(ReferenceQueue.java:218)
 com.mysql.cj.jdbc.AbandonedConnectionCleanupThread.run(AbandonedConnectionCleanupThread.java:91)
 java.base/java.util.concurrent.ThreadPoolExecutor.runWorker(ThreadPoolExecutor.java:1144)
 java.base/java.util.concurrent.ThreadPoolExecutor$Worker.run(ThreadPoolExecutor.java:642)
 java.base/java.lang.Thread.run(Thread.java:1583)
18-Jun-2025 19:36:40.257 INFO [http-nio-8080-exec-13] org.apache.catalina.startup.HostConfig.undeploy Repliegue (undeploy) de la aplicación web que tiene como trayectoria de contexto [/apacheDonCarlos]
18-Jun-2025 19:36:40.284 INFO [http-nio-8080-exec-1] org.apache.catalina.startup.HostConfig.deployDescriptor Desplieque del descriptor de configuración [C:\xampp\htdocs\SABI\apache-tomcat-11.0.7\conf\Catalina\localhost\apacheDonCarlos.xml]
18-Jun-2025 19:36:40.285 WARNING [http-nio-8080-exec-1] org.apache.catalina.startup.HostConfig.deployDescriptor The path attribute with value [/apacheDonCarlos] in deployment descriptor [C:\xampp\htdocs\SABI\apache-tomcat-11.0.7\conf\Catalina\localhost\apacheDonCarlos.xml] has been ignored
18-Jun-2025 19:36:40.587 INFO [http-nio-8080-exec-1] org.apache.jasper.servlet.TldScanner.scanJars Al menos un JAR, que se ha explorado buscando TLDs, aún no contenía TLDs. Activar historial de depuración para este historiador para una completa lista de los JARs que fueron explorados y de los que nos se halló TLDs. Saltarse JARs no necesarios durante la exploración puede dar lugar a una mejora de tiempo significativa en el arranque y compilación de JSP .
18-Jun-2025 19:36:40.590 INFO [http-nio-8080-exec-1] org.apache.catalina.startup.HostConfig.deployDescriptor Deployment of deployment descriptor [C:\xampp\htdocs\SABI\apache-tomcat-11.0.7\conf\Catalina\localhost\apacheDonCarlos.xml] has finished in [306] ms
18-Jun-2025 19:36:40.592 INFO [http-nio-8080-exec-15] org.apache.catalina.util.LifecycleBase.start The start() method was called on component [StandardEngine[Catalina].StandardHost[localhost].StandardContext[/apacheDonCarlos]] after start() had already been called. The second call will be ignored.
18-Jun-2025 19:36:42.694 INFO [mysql-cj-abandoned-connection-cleanup] org.apache.catalina.loader.WebappClassLoaderBase.checkStateForResourceLoading Acceso ilegal: esta instancia de aplicación web ya ha sido parada.  Could not load [].  La eventual traza de pila que sigue ha sido motivada por un error lanzado con motivos de depuración así como para intentar terminar el hilo que motivó el acceso ilegal y no tiene impacto funcional.
	java.lang.IllegalStateException: Acceso ilegal: esta instancia de aplicación web ya ha sido parada.  Could not load [].  La eventual traza de pila que sigue ha sido motivada por un error lanzado con motivos de depuración así como para intentar terminar el hilo que motivó el acceso ilegal y no tiene impacto funcional.
		at org.apache.catalina.loader.WebappClassLoaderBase.checkStateForResourceLoading(WebappClassLoaderBase.java:1248)
		at org.apache.catalina.loader.WebappClassLoaderBase.getResource(WebappClassLoaderBase.java:857)
		at com.mysql.cj.jdbc.AbandonedConnectionCleanupThread.checkThreadContextClassLoader(AbandonedConnectionCleanupThread.java:123)
		at com.mysql.cj.jdbc.AbandonedConnectionCleanupThread.run(AbandonedConnectionCleanupThread.java:90)
		at java.base/java.util.concurrent.ThreadPoolExecutor.runWorker(ThreadPoolExecutor.java:1144)
		at java.base/java.util.concurrent.ThreadPoolExecutor$Worker.run(ThreadPoolExecutor.java:642)
		at java.base/java.lang.Thread.run(Thread.java:1583)
18-Jun-2025 19:39:43.462 WARNING [http-nio-8080-exec-21] org.apache.catalina.loader.WebappClassLoaderBase.clearReferencesJdbc La aplicación web [apacheDonCarlos] registró el conductor JDBC [com.mysql.cj.jdbc.Driver] pero falló al anular el registro mientras la aplicación web estaba parada. Para prevenir un fallo de memoria, se ha anulado el registro del conductor JDBC por la fuerza.
18-Jun-2025 19:39:43.463 WARNING [http-nio-8080-exec-21] org.apache.catalina.loader.WebappClassLoaderBase.clearReferencesThreads The web application [apacheDonCarlos] appears to have started a thread named [mysql-cj-abandoned-connection-cleanup] but has failed to stop it. This is very likely to create a memory leak. Stack trace of thread:
 java.base/jdk.internal.misc.Unsafe.park(Native Method)
 java.base/java.util.concurrent.locks.LockSupport.parkNanos(LockSupport.java:269)
 java.base/java.util.concurrent.locks.AbstractQueuedSynchronizer$ConditionObject.await(AbstractQueuedSynchronizer.java:1852)
 java.base/java.lang.ref.ReferenceQueue.await(ReferenceQueue.java:71)
 java.base/java.lang.ref.ReferenceQueue.remove0(ReferenceQueue.java:143)
 java.base/java.lang.ref.ReferenceQueue.remove(ReferenceQueue.java:218)
 com.mysql.cj.jdbc.AbandonedConnectionCleanupThread.run(AbandonedConnectionCleanupThread.java:91)
 java.base/java.util.concurrent.ThreadPoolExecutor.runWorker(ThreadPoolExecutor.java:1144)
 java.base/java.util.concurrent.ThreadPoolExecutor$Worker.run(ThreadPoolExecutor.java:642)
 java.base/java.lang.Thread.run(Thread.java:1583)
18-Jun-2025 19:39:43.506 INFO [mysql-cj-abandoned-connection-cleanup] org.apache.catalina.loader.WebappClassLoaderBase.checkStateForResourceLoading Acceso ilegal: esta instancia de aplicación web ya ha sido parada.  Could not load [].  La eventual traza de pila que sigue ha sido motivada por un error lanzado con motivos de depuración así como para intentar terminar el hilo que motivó el acceso ilegal y no tiene impacto funcional.
	java.lang.IllegalStateException: Acceso ilegal: esta instancia de aplicación web ya ha sido parada.  Could not load [].  La eventual traza de pila que sigue ha sido motivada por un error lanzado con motivos de depuración así como para intentar terminar el hilo que motivó el acceso ilegal y no tiene impacto funcional.
		at org.apache.catalina.loader.WebappClassLoaderBase.checkStateForResourceLoading(WebappClassLoaderBase.java:1248)
		at org.apache.catalina.loader.WebappClassLoaderBase.getResource(WebappClassLoaderBase.java:857)
		at com.mysql.cj.jdbc.AbandonedConnectionCleanupThread.checkThreadContextClassLoader(AbandonedConnectionCleanupThread.java:123)
		at com.mysql.cj.jdbc.AbandonedConnectionCleanupThread.run(AbandonedConnectionCleanupThread.java:90)
		at java.base/java.util.concurrent.ThreadPoolExecutor.runWorker(ThreadPoolExecutor.java:1144)
		at java.base/java.util.concurrent.ThreadPoolExecutor$Worker.run(ThreadPoolExecutor.java:642)
		at java.base/java.lang.Thread.run(Thread.java:1583)
18-Jun-2025 19:39:43.972 INFO [http-nio-8080-exec-21] org.apache.catalina.startup.HostConfig.undeploy Repliegue (undeploy) de la aplicación web que tiene como trayectoria de contexto [/apacheDonCarlos]
18-Jun-2025 19:39:43.990 INFO [http-nio-8080-exec-26] org.apache.catalina.startup.HostConfig.deployDescriptor Desplieque del descriptor de configuración [C:\xampp\htdocs\SABI\apache-tomcat-11.0.7\conf\Catalina\localhost\apacheDonCarlos.xml]
18-Jun-2025 19:39:43.991 WARNING [http-nio-8080-exec-26] org.apache.catalina.startup.HostConfig.deployDescriptor The path attribute with value [/apacheDonCarlos] in deployment descriptor [C:\xampp\htdocs\SABI\apache-tomcat-11.0.7\conf\Catalina\localhost\apacheDonCarlos.xml] has been ignored
18-Jun-2025 19:39:44.301 INFO [http-nio-8080-exec-26] org.apache.jasper.servlet.TldScanner.scanJars Al menos un JAR, que se ha explorado buscando TLDs, aún no contenía TLDs. Activar historial de depuración para este historiador para una completa lista de los JARs que fueron explorados y de los que nos se halló TLDs. Saltarse JARs no necesarios durante la exploración puede dar lugar a una mejora de tiempo significativa en el arranque y compilación de JSP .
18-Jun-2025 19:39:44.304 INFO [http-nio-8080-exec-26] org.apache.catalina.startup.HostConfig.deployDescriptor Deployment of deployment descriptor [C:\xampp\htdocs\SABI\apache-tomcat-11.0.7\conf\Catalina\localhost\apacheDonCarlos.xml] has finished in [314] ms
18-Jun-2025 19:39:44.307 INFO [http-nio-8080-exec-18] org.apache.catalina.util.LifecycleBase.start The start() method was called on component [StandardEngine[Catalina].StandardHost[localhost].StandardContext[/apacheDonCarlos]] after start() had already been called. The second call will be ignored.
