03-Jun-2025 07:25:04.688 INFO [main] org.apache.catalina.startup.VersionLoggerListener.log Nombre de la versión del servidor: Apache Tomcat/11.0.7
03-Jun-2025 07:25:04.692 INFO [main] org.apache.catalina.startup.VersionLoggerListener.log Server built:                      May 7 2025 14:55:59 UTC
03-Jun-2025 07:25:04.692 INFO [main] org.apache.catalina.startup.VersionLoggerListener.log Número de versión de servidor:     11.0.7.0
03-Jun-2025 07:25:04.692 INFO [main] org.apache.catalina.startup.VersionLoggerListener.log OS Name:                           Windows 10
03-Jun-2025 07:25:04.692 INFO [main] org.apache.catalina.startup.VersionLoggerListener.log Versión de Systema Operativo:      10.0
03-Jun-2025 07:25:04.692 INFO [main] org.apache.catalina.startup.VersionLoggerListener.log Arquitectura:                      amd64
03-Jun-2025 07:25:04.692 INFO [main] org.apache.catalina.startup.VersionLoggerListener.log Java Home:                         C:\Program Files\Java\jdk-23
03-Jun-2025 07:25:04.692 INFO [main] org.apache.catalina.startup.VersionLoggerListener.log JVM Version:                       23.0.2+7-58
03-Jun-2025 07:25:04.692 INFO [main] org.apache.catalina.startup.VersionLoggerListener.log Vededor JVM:                       Oracle Corporation
03-Jun-2025 07:25:04.692 INFO [main] org.apache.catalina.startup.VersionLoggerListener.log CATALINA_BASE:                     C:\Users\adminsena\Documents\GitHub\SABI\apache-tomcat-11.0.7
03-Jun-2025 07:25:04.693 INFO [main] org.apache.catalina.startup.VersionLoggerListener.log CATALINA_HOME:                     C:\Users\adminsena\Documents\GitHub\SABI\apache-tomcat-11.0.7
03-Jun-2025 07:25:04.704 INFO [main] org.apache.catalina.startup.VersionLoggerListener.log Command line argument:             -Djava.util.logging.config.file=C:\Users\adminsena\Documents\GitHub\SABI\apache-tomcat-11.0.7\conf\logging.properties
03-Jun-2025 07:25:04.704 INFO [main] org.apache.catalina.startup.VersionLoggerListener.log Command line argument:             -Djava.util.logging.manager=org.apache.juli.ClassLoaderLogManager
03-Jun-2025 07:25:04.704 INFO [main] org.apache.catalina.startup.VersionLoggerListener.log Command line argument:             -Djdk.tls.ephemeralDHKeySize=2048
03-Jun-2025 07:25:04.704 INFO [main] org.apache.catalina.startup.VersionLoggerListener.log Command line argument:             --add-opens=java.base/java.lang=ALL-UNNAMED
03-Jun-2025 07:25:04.705 INFO [main] org.apache.catalina.startup.VersionLoggerListener.log Command line argument:             --add-opens=java.base/java.lang.reflect=ALL-UNNAMED
03-Jun-2025 07:25:04.705 INFO [main] org.apache.catalina.startup.VersionLoggerListener.log Command line argument:             --add-opens=java.base/java.io=ALL-UNNAMED
03-Jun-2025 07:25:04.705 INFO [main] org.apache.catalina.startup.VersionLoggerListener.log Command line argument:             --add-opens=java.base/java.util=ALL-UNNAMED
03-Jun-2025 07:25:04.705 INFO [main] org.apache.catalina.startup.VersionLoggerListener.log Command line argument:             --add-opens=java.base/java.util.concurrent=ALL-UNNAMED
03-Jun-2025 07:25:04.705 INFO [main] org.apache.catalina.startup.VersionLoggerListener.log Command line argument:             --add-opens=java.rmi/sun.rmi.transport=ALL-UNNAMED
03-Jun-2025 07:25:04.705 INFO [main] org.apache.catalina.startup.VersionLoggerListener.log Command line argument:             --enable-native-access=ALL-UNNAMED
03-Jun-2025 07:25:04.705 INFO [main] org.apache.catalina.startup.VersionLoggerListener.log Command line argument:             -Dcatalina.base=C:\Users\adminsena\Documents\GitHub\SABI\apache-tomcat-11.0.7
03-Jun-2025 07:25:04.705 INFO [main] org.apache.catalina.startup.VersionLoggerListener.log Command line argument:             -Dcatalina.home=C:\Users\adminsena\Documents\GitHub\SABI\apache-tomcat-11.0.7
03-Jun-2025 07:25:04.705 INFO [main] org.apache.catalina.startup.VersionLoggerListener.log Command line argument:             -Djava.io.tmpdir=C:\Users\adminsena\Documents\GitHub\SABI\apache-tomcat-11.0.7\temp
03-Jun-2025 07:25:04.708 INFO [main] org.apache.catalina.core.AprLifecycleListener.lifecycleEvent Cargada la biblioteca nativa APR de Apache Tomcat [2.0.8] con la versión APR [1.7.4].
03-Jun-2025 07:25:04.746 INFO [main] org.apache.catalina.core.AprLifecycleListener.initializeSSL OpenSSL inicializado correctamente [OpenSSL 3.0.14 4 Jun 2024]
03-Jun-2025 07:25:05.116 INFO [main] org.apache.coyote.AbstractProtocol.init Inicializando el manejador de protocolo ["http-nio-8080"]

03-Jun-2025 07:25:05.148 INFO [main] org.apache.catalina.startup.Catalina.load Server initialization in [690] milliseconds
03-Jun-2025 07:25:05.235 INFO [main] org.apache.catalina.core.StandardService.startInternal Arrancando servicio [Catalina]
03-Jun-2025 07:25:05.236 INFO [main] org.apache.catalina.core.StandardEngine.startInternal Starting Servlet engine: [Apache Tomcat/11.0.7]
03-Jun-2025 07:25:05.253 INFO [main] org.apache.catalina.startup.HostConfig.deployDescriptor Desplieque del descriptor de configuración [C:\Users\adminsena\Documents\GitHub\SABI\apache-tomcat-11.0.7\conf\Catalina\localhost\apacheDonCarlos.xml]
03-Jun-2025 07:25:05.278 WARNING [main] org.apache.catalina.startup.HostConfig.deployDescriptor The path attribute with value [/apacheDonCarlos] in deployment descriptor [C:\Users\adminsena\Documents\GitHub\SABI\apache-tomcat-11.0.7\conf\Catalina\localhost\apacheDonCarlos.xml] has been ignored
03-Jun-2025 07:25:05.335 SEVERE [main] org.apache.catalina.startup.HostConfig.deployDescriptor Error durante el despliegue del descriptor de configuración [C:\Users\adminsena\Documents\GitHub\SABI\apache-tomcat-11.0.7\conf\Catalina\localhost\apacheDonCarlos.xml]
	java.lang.IllegalStateException: Error starting child
		at org.apache.catalina.core.ContainerBase.addChild(ContainerBase.java:569)
		at org.apache.catalina.core.StandardHost.addChild(StandardHost.java:652)
		at org.apache.catalina.startup.HostConfig.deployDescriptor(HostConfig.java:593)
		at org.apache.catalina.startup.HostConfig$DeployDescriptor.run(HostConfig.java:1831)
		at java.base/java.util.concurrent.Executors$RunnableAdapter.call(Executors.java:572)
		at java.base/java.util.concurrent.FutureTask.run(FutureTask.java:317)
		at org.apache.tomcat.util.threads.InlineExecutorService.execute(InlineExecutorService.java:75)
		at java.base/java.util.concurrent.AbstractExecutorService.submit(AbstractExecutorService.java:124)
		at org.apache.catalina.startup.HostConfig.deployDescriptors(HostConfig.java:488)
		at org.apache.catalina.startup.HostConfig.deployApps(HostConfig.java:379)
		at org.apache.catalina.startup.HostConfig.start(HostConfig.java:1581)
		at org.apache.catalina.startup.HostConfig.lifecycleEvent(HostConfig.java:265)
		at org.apache.catalina.util.LifecycleBase.fireLifecycleEvent(LifecycleBase.java:109)
		at org.apache.catalina.util.LifecycleBase.setStateInternal(LifecycleBase.java:389)
		at org.apache.catalina.util.LifecycleBase.setState(LifecycleBase.java:336)
		at org.apache.catalina.core.ContainerBase.startInternal(ContainerBase.java:743)
		at org.apache.catalina.core.StandardHost.startInternal(StandardHost.java:769)
		at org.apache.catalina.util.LifecycleBase.start(LifecycleBase.java:164)
		at org.apache.catalina.core.ContainerBase$StartChild.call(ContainerBase.java:1164)
		at org.apache.catalina.core.ContainerBase$StartChild.call(ContainerBase.java:1160)
		at java.base/java.util.concurrent.FutureTask.run(FutureTask.java:317)
		at org.apache.tomcat.util.threads.InlineExecutorService.execute(InlineExecutorService.java:75)
		at java.base/java.util.concurrent.AbstractExecutorService.submit(AbstractExecutorService.java:148)
		at org.apache.catalina.core.ContainerBase.startInternal(ContainerBase.java:716)
		at org.apache.catalina.core.StandardEngine.startInternal(StandardEngine.java:203)
		at org.apache.catalina.util.LifecycleBase.start(LifecycleBase.java:164)
		at org.apache.catalina.core.StandardService.startInternal(StandardService.java:412)
		at org.apache.catalina.util.LifecycleBase.start(LifecycleBase.java:164)
		at org.apache.catalina.core.StandardServer.startInternal(StandardServer.java:866)
		at org.apache.catalina.util.LifecycleBase.start(LifecycleBase.java:164)
		at org.apache.catalina.startup.Catalina.start(Catalina.java:759)
		at java.base/jdk.internal.reflect.DirectMethodHandleAccessor.invoke(DirectMethodHandleAccessor.java:103)
		at java.base/java.lang.reflect.Method.invoke(Method.java:580)
		at org.apache.catalina.startup.Bootstrap.start(Bootstrap.java:342)
		at org.apache.catalina.startup.Bootstrap.main(Bootstrap.java:473)
	Caused by: org.apache.catalina.LifecycleException: Failed to start component [org.apache.catalina.webresources.StandardRoot@1787bc24]
		at org.apache.catalina.util.LifecycleBase.handleSubClassException(LifecycleBase.java:406)
		at org.apache.catalina.util.LifecycleBase.start(LifecycleBase.java:179)
		at org.apache.catalina.core.StandardContext.resourcesStart(StandardContext.java:4127)
		at org.apache.catalina.core.StandardContext.startInternal(StandardContext.java:4249)
		at org.apache.catalina.util.LifecycleBase.start(LifecycleBase.java:164)
		at org.apache.catalina.core.ContainerBase.addChild(ContainerBase.java:566)
		... 34 more
	Caused by: java.lang.IllegalArgumentException: The main resource set specified [C:\xampp\htdocs\SABI\apacheDonCarlos\target\apacheDonCarlos-1.0-SNAPSHOT] is not a directory or war file, or is not readable (it does not exist or permissions to access it are missing)
		at org.apache.catalina.webresources.StandardRoot.createMainResourceSet(StandardRoot.java:749)
		at org.apache.catalina.webresources.StandardRoot.startInternal(StandardRoot.java:706)
		at org.apache.catalina.util.LifecycleBase.start(LifecycleBase.java:164)
		... 38 more
03-Jun-2025 07:25:05.366 INFO [main] org.apache.catalina.startup.HostConfig.deployDescriptor Deployment of deployment descriptor [C:\Users\adminsena\Documents\GitHub\SABI\apache-tomcat-11.0.7\conf\Catalina\localhost\apacheDonCarlos.xml] has finished in [108] ms
03-Jun-2025 07:25:05.367 INFO [main] org.apache.catalina.startup.HostConfig.deployDirectory Desplegando el directorio [C:\Users\adminsena\Documents\GitHub\SABI\apache-tomcat-11.0.7\webapps\docs] de la aplicación web
03-Jun-2025 07:25:05.731 INFO [main] org.apache.catalina.startup.HostConfig.deployDirectory Deployment of web application directory [C:\Users\adminsena\Documents\GitHub\SABI\apache-tomcat-11.0.7\webapps\docs] has finished in [363] ms
03-Jun-2025 07:25:05.731 INFO [main] org.apache.catalina.startup.HostConfig.deployDirectory Desplegando el directorio [C:\Users\adminsena\Documents\GitHub\SABI\apache-tomcat-11.0.7\webapps\examples] de la aplicación web
03-Jun-2025 07:25:06.314 INFO [main] org.apache.catalina.startup.HostConfig.deployDirectory Deployment of web application directory [C:\Users\adminsena\Documents\GitHub\SABI\apache-tomcat-11.0.7\webapps\examples] has finished in [583] ms
03-Jun-2025 07:25:06.314 INFO [main] org.apache.catalina.startup.HostConfig.deployDirectory Desplegando el directorio [C:\Users\adminsena\Documents\GitHub\SABI\apache-tomcat-11.0.7\webapps\host-manager] de la aplicación web
03-Jun-2025 07:25:06.369 INFO [main] org.apache.catalina.startup.HostConfig.deployDirectory Deployment of web application directory [C:\Users\adminsena\Documents\GitHub\SABI\apache-tomcat-11.0.7\webapps\host-manager] has finished in [55] ms
03-Jun-2025 07:25:06.370 INFO [main] org.apache.catalina.startup.HostConfig.deployDirectory Desplegando el directorio [C:\Users\adminsena\Documents\GitHub\SABI\apache-tomcat-11.0.7\webapps\manager] de la aplicación web
03-Jun-2025 07:25:06.418 INFO [main] org.apache.catalina.startup.HostConfig.deployDirectory Deployment of web application directory [C:\Users\adminsena\Documents\GitHub\SABI\apache-tomcat-11.0.7\webapps\manager] has finished in [48] ms
03-Jun-2025 07:25:06.419 INFO [main] org.apache.catalina.startup.HostConfig.deployDirectory Desplegando el directorio [C:\Users\adminsena\Documents\GitHub\SABI\apache-tomcat-11.0.7\webapps\ROOT] de la aplicación web
03-Jun-2025 07:25:06.454 INFO [main] org.apache.catalina.startup.HostConfig.deployDirectory Deployment of web application directory [C:\Users\adminsena\Documents\GitHub\SABI\apache-tomcat-11.0.7\webapps\ROOT] has finished in [35] ms
03-Jun-2025 07:25:06.459 INFO [main] org.apache.coyote.AbstractProtocol.start Starting ProtocolHandler ["http-nio-8080"]
03-Jun-2025 07:25:06.486 INFO [main] org.apache.catalina.startup.Catalina.start Server startup in [1336] milliseconds
03-Jun-2025 07:25:17.612 INFO [http-nio-8080-exec-8] org.apache.catalina.startup.HostConfig.undeploy Repliegue (undeploy) de la aplicación web que tiene como trayectoria de contexto [/apacheDonCarlos]
03-Jun-2025 07:25:17.649 INFO [http-nio-8080-exec-1] org.apache.catalina.startup.HostConfig.deployDescriptor Desplieque del descriptor de configuración [C:\Users\adminsena\Documents\GitHub\SABI\apache-tomcat-11.0.7\conf\Catalina\localhost\apacheDonCarlos.xml]
03-Jun-2025 07:25:17.651 WARNING [http-nio-8080-exec-1] org.apache.catalina.startup.HostConfig.deployDescriptor The path attribute with value [/apacheDonCarlos] in deployment descriptor [C:\Users\adminsena\Documents\GitHub\SABI\apache-tomcat-11.0.7\conf\Catalina\localhost\apacheDonCarlos.xml] has been ignored
03-Jun-2025 07:25:17.711 INFO [http-nio-8080-exec-1] org.apache.catalina.startup.HostConfig.deployDescriptor Deployment of deployment descriptor [C:\Users\adminsena\Documents\GitHub\SABI\apache-tomcat-11.0.7\conf\Catalina\localhost\apacheDonCarlos.xml] has finished in [62] ms
03-Jun-2025 07:25:17.715 INFO [http-nio-8080-exec-6] org.apache.catalina.util.LifecycleBase.start The start() method was called on component [StandardEngine[Catalina].StandardHost[localhost].StandardContext[/apacheDonCarlos]] after start() had already been called. The second call will be ignored.
03-Jun-2025 07:25:55.482 INFO [http-nio-8080-exec-7] org.apache.catalina.startup.HostConfig.undeploy Repliegue (undeploy) de la aplicación web que tiene como trayectoria de contexto [/apacheDonCarlos]
03-Jun-2025 07:25:55.503 INFO [http-nio-8080-exec-1] org.apache.catalina.startup.HostConfig.deployDescriptor Desplieque del descriptor de configuración [C:\Users\adminsena\Documents\GitHub\SABI\apache-tomcat-11.0.7\conf\Catalina\localhost\apacheDonCarlos.xml]
03-Jun-2025 07:25:55.504 WARNING [http-nio-8080-exec-1] org.apache.catalina.startup.HostConfig.deployDescriptor The path attribute with value [/apacheDonCarlos] in deployment descriptor [C:\Users\adminsena\Documents\GitHub\SABI\apache-tomcat-11.0.7\conf\Catalina\localhost\apacheDonCarlos.xml] has been ignored
03-Jun-2025 07:25:55.565 INFO [http-nio-8080-exec-1] org.apache.catalina.startup.HostConfig.deployDescriptor Deployment of deployment descriptor [C:\Users\adminsena\Documents\GitHub\SABI\apache-tomcat-11.0.7\conf\Catalina\localhost\apacheDonCarlos.xml] has finished in [62] ms
03-Jun-2025 07:25:55.568 INFO [http-nio-8080-exec-3] org.apache.catalina.util.LifecycleBase.start The start() method was called on component [StandardEngine[Catalina].StandardHost[localhost].StandardContext[/apacheDonCarlos]] after start() had already been called. The second call will be ignored.
03-Jun-2025 07:26:32.518 INFO [main] org.apache.catalina.core.StandardServer.await Se ha recibido un comando de apagado a través del puerto de apagado. Parando la instancia del Servidor.
03-Jun-2025 07:26:32.518 INFO [main] org.apache.coyote.AbstractProtocol.pause Pausing ProtocolHandler ["http-nio-8080"]
03-Jun-2025 07:26:32.527 INFO [main] org.apache.catalina.core.StandardService.stopInternal Parando servicio [Catalina]
03-Jun-2025 07:26:32.545 INFO [main] org.apache.coyote.AbstractProtocol.stop Stopping ProtocolHandler ["http-nio-8080"]
03-Jun-2025 07:26:32.559 INFO [main] org.apache.coyote.AbstractProtocol.destroy Destroying ProtocolHandler ["http-nio-8080"]
