26-Jun-2025 14:44:57.797 INFO [main] org.apache.catalina.startup.VersionLoggerListener.log Nombre de la versión del servidor: Apache Tomcat/11.0.7
26-Jun-2025 14:44:57.800 INFO [main] org.apache.catalina.startup.VersionLoggerListener.log Server built:                      May 7 2025 14:55:59 UTC
26-Jun-2025 14:44:57.800 INFO [main] org.apache.catalina.startup.VersionLoggerListener.log Número de versión de servidor:     11.0.7.0
26-Jun-2025 14:44:57.800 INFO [main] org.apache.catalina.startup.VersionLoggerListener.log OS Name:                           Windows 11
26-Jun-2025 14:44:57.800 INFO [main] org.apache.catalina.startup.VersionLoggerListener.log Versión de Systema Operativo:      10.0
26-Jun-2025 14:44:57.800 INFO [main] org.apache.catalina.startup.VersionLoggerListener.log Arquitectura:                      amd64
26-Jun-2025 14:44:57.800 INFO [main] org.apache.catalina.startup.VersionLoggerListener.log Java Home:                         C:\Program Files\Java\jdk-23
26-Jun-2025 14:44:57.800 INFO [main] org.apache.catalina.startup.VersionLoggerListener.log JVM Version:                       23+37-2369
26-Jun-2025 14:44:57.800 INFO [main] org.apache.catalina.startup.VersionLoggerListener.log Vededor JVM:                       Oracle Corporation
26-Jun-2025 14:44:57.800 INFO [main] org.apache.catalina.startup.VersionLoggerListener.log CATALINA_BASE:                     C:\xampp\htdocs\SABI\apache-tomcat-11.0.7
26-Jun-2025 14:44:57.800 INFO [main] org.apache.catalina.startup.VersionLoggerListener.log CATALINA_HOME:                     C:\xampp\htdocs\SABI\apache-tomcat-11.0.7
26-Jun-2025 14:44:57.808 INFO [main] org.apache.catalina.startup.VersionLoggerListener.log Command line argument:             -Djava.util.logging.config.file=C:\xampp\htdocs\SABI\apache-tomcat-11.0.7\conf\logging.properties
26-Jun-2025 14:44:57.808 INFO [main] org.apache.catalina.startup.VersionLoggerListener.log Command line argument:             -Djava.util.logging.manager=org.apache.juli.ClassLoaderLogManager
26-Jun-2025 14:44:57.808 INFO [main] org.apache.catalina.startup.VersionLoggerListener.log Command line argument:             -Djdk.tls.ephemeralDHKeySize=2048
26-Jun-2025 14:44:57.808 INFO [main] org.apache.catalina.startup.VersionLoggerListener.log Command line argument:             --add-opens=java.base/java.lang=ALL-UNNAMED
26-Jun-2025 14:44:57.808 INFO [main] org.apache.catalina.startup.VersionLoggerListener.log Command line argument:             --add-opens=java.base/java.lang.reflect=ALL-UNNAMED
26-Jun-2025 14:44:57.808 INFO [main] org.apache.catalina.startup.VersionLoggerListener.log Command line argument:             --add-opens=java.base/java.io=ALL-UNNAMED
26-Jun-2025 14:44:57.808 INFO [main] org.apache.catalina.startup.VersionLoggerListener.log Command line argument:             --add-opens=java.base/java.util=ALL-UNNAMED
26-Jun-2025 14:44:57.808 INFO [main] org.apache.catalina.startup.VersionLoggerListener.log Command line argument:             --add-opens=java.base/java.util.concurrent=ALL-UNNAMED
26-Jun-2025 14:44:57.808 INFO [main] org.apache.catalina.startup.VersionLoggerListener.log Command line argument:             --add-opens=java.rmi/sun.rmi.transport=ALL-UNNAMED
26-Jun-2025 14:44:57.808 INFO [main] org.apache.catalina.startup.VersionLoggerListener.log Command line argument:             --enable-native-access=ALL-UNNAMED
26-Jun-2025 14:44:57.808 INFO [main] org.apache.catalina.startup.VersionLoggerListener.log Command line argument:             -Dcatalina.base=C:\xampp\htdocs\SABI\apache-tomcat-11.0.7
26-Jun-2025 14:44:57.808 INFO [main] org.apache.catalina.startup.VersionLoggerListener.log Command line argument:             -Dcatalina.home=C:\xampp\htdocs\SABI\apache-tomcat-11.0.7
26-Jun-2025 14:44:57.808 INFO [main] org.apache.catalina.startup.VersionLoggerListener.log Command line argument:             -Djava.io.tmpdir=C:\xampp\htdocs\SABI\apache-tomcat-11.0.7\temp
26-Jun-2025 14:44:57.887 INFO [main] org.apache.catalina.core.AprLifecycleListener.lifecycleEvent Cargada la biblioteca nativa APR de Apache Tomcat [2.0.8] con la versión APR [1.7.4].
26-Jun-2025 14:44:57.913 INFO [main] org.apache.catalina.core.AprLifecycleListener.initializeSSL OpenSSL inicializado correctamente [OpenSSL 3.0.14 4 Jun 2024]
26-Jun-2025 14:44:58.143 INFO [main] org.apache.coyote.AbstractProtocol.init Inicializando el manejador de protocolo ["http-nio-8080"]

26-Jun-2025 14:44:58.161 INFO [main] org.apache.catalina.startup.Catalina.load Server initialization in [523] milliseconds
26-Jun-2025 14:44:58.212 INFO [main] org.apache.catalina.core.StandardService.startInternal Arrancando servicio [Catalina]
26-Jun-2025 14:44:58.212 INFO [main] org.apache.catalina.core.StandardEngine.startInternal Starting Servlet engine: [Apache Tomcat/11.0.7]
26-Jun-2025 14:44:58.222 INFO [main] org.apache.catalina.startup.HostConfig.deployDescriptor Desplieque del descriptor de configuración [C:\xampp\htdocs\SABI\apache-tomcat-11.0.7\conf\Catalina\localhost\apacheDonCarlos.xml]
26-Jun-2025 14:44:58.234 WARNING [main] org.apache.catalina.startup.HostConfig.deployDescriptor The path attribute with value [/apacheDonCarlos] in deployment descriptor [C:\xampp\htdocs\SABI\apache-tomcat-11.0.7\conf\Catalina\localhost\apacheDonCarlos.xml] has been ignored
26-Jun-2025 14:44:58.771 INFO [main] org.apache.jasper.servlet.TldScanner.scanJars Al menos un JAR, que se ha explorado buscando TLDs, aún no contenía TLDs. Activar historial de depuración para este historiador para una completa lista de los JARs que fueron explorados y de los que nos se halló TLDs. Saltarse JARs no necesarios durante la exploración puede dar lugar a una mejora de tiempo significativa en el arranque y compilación de JSP .
26-Jun-2025 14:44:58.813 INFO [main] org.apache.catalina.startup.HostConfig.deployDescriptor Deployment of deployment descriptor [C:\xampp\htdocs\SABI\apache-tomcat-11.0.7\conf\Catalina\localhost\apacheDonCarlos.xml] has finished in [589] ms
26-Jun-2025 14:44:58.813 INFO [main] org.apache.catalina.startup.HostConfig.deployDescriptor Desplieque del descriptor de configuración [C:\xampp\htdocs\SABI\apache-tomcat-11.0.7\conf\Catalina\localhost\apacheSABI.xml]
26-Jun-2025 14:44:58.814 WARNING [main] org.apache.catalina.startup.HostConfig.deployDescriptor The path attribute with value [/apacheSABI] in deployment descriptor [C:\xampp\htdocs\SABI\apache-tomcat-11.0.7\conf\Catalina\localhost\apacheSABI.xml] has been ignored
26-Jun-2025 14:44:58.858 INFO [main] org.apache.catalina.startup.HostConfig.deployDescriptor Deployment of deployment descriptor [C:\xampp\htdocs\SABI\apache-tomcat-11.0.7\conf\Catalina\localhost\apacheSABI.xml] has finished in [45] ms
26-Jun-2025 14:44:58.858 INFO [main] org.apache.catalina.startup.HostConfig.deployDescriptor Desplieque del descriptor de configuración [C:\xampp\htdocs\SABI\apache-tomcat-11.0.7\conf\Catalina\localhost\mavenproject1.xml]
26-Jun-2025 14:44:58.859 WARNING [main] org.apache.catalina.startup.HostConfig.deployDescriptor The path attribute with value [/mavenproject1] in deployment descriptor [C:\xampp\htdocs\SABI\apache-tomcat-11.0.7\conf\Catalina\localhost\mavenproject1.xml] has been ignored
26-Jun-2025 14:44:58.863 SEVERE [main] org.apache.catalina.startup.HostConfig.deployDescriptor Error durante el despliegue del descriptor de configuración [C:\xampp\htdocs\SABI\apache-tomcat-11.0.7\conf\Catalina\localhost\mavenproject1.xml]
	java.lang.IllegalStateException: Error starting child
		at org.apache.catalina.core.ContainerBase.addChild(ContainerBase.java:569)
		at org.apache.catalina.core.StandardHost.addChild(StandardHost.java:652)
		at org.apache.catalina.startup.HostConfig.deployDescriptor(HostConfig.java:593)
		at org.apache.catalina.startup.HostConfig$DeployDescriptor.run(HostConfig.java:1831)
		at java.base/java.util.concurrent.Executors$RunnableAdapter.call(Executors.java:572)
		at java.base/java.util.concurrent.FutureTask.run(FutureTask.java:317)
		at org.apache.tomcat.util.threads.InlineExecutorService.execute(InlineExecutorService.java:75)
		at java.base/java.util.concurrent.AbstractExecutorService.submit(AbstractExecutorService.java:124)
		at org.apache.catalina.startup.HostConfig.deployDescriptors(HostConfig.java:488)
		at org.apache.catalina.startup.HostConfig.deployApps(HostConfig.java:379)
		at org.apache.catalina.startup.HostConfig.start(HostConfig.java:1581)
		at org.apache.catalina.startup.HostConfig.lifecycleEvent(HostConfig.java:265)
		at org.apache.catalina.util.LifecycleBase.fireLifecycleEvent(LifecycleBase.java:109)
		at org.apache.catalina.util.LifecycleBase.setStateInternal(LifecycleBase.java:389)
		at org.apache.catalina.util.LifecycleBase.setState(LifecycleBase.java:336)
		at org.apache.catalina.core.ContainerBase.startInternal(ContainerBase.java:743)
		at org.apache.catalina.core.StandardHost.startInternal(StandardHost.java:769)
		at org.apache.catalina.util.LifecycleBase.start(LifecycleBase.java:164)
		at org.apache.catalina.core.ContainerBase$StartChild.call(ContainerBase.java:1164)
		at org.apache.catalina.core.ContainerBase$StartChild.call(ContainerBase.java:1160)
		at java.base/java.util.concurrent.FutureTask.run(FutureTask.java:317)
		at org.apache.tomcat.util.threads.InlineExecutorService.execute(InlineExecutorService.java:75)
		at java.base/java.util.concurrent.AbstractExecutorService.submit(AbstractExecutorService.java:148)
		at org.apache.catalina.core.ContainerBase.startInternal(ContainerBase.java:716)
		at org.apache.catalina.core.StandardEngine.startInternal(StandardEngine.java:203)
		at org.apache.catalina.util.LifecycleBase.start(LifecycleBase.java:164)
		at org.apache.catalina.core.StandardService.startInternal(StandardService.java:412)
		at org.apache.catalina.util.LifecycleBase.start(LifecycleBase.java:164)
		at org.apache.catalina.core.StandardServer.startInternal(StandardServer.java:866)
		at org.apache.catalina.util.LifecycleBase.start(LifecycleBase.java:164)
		at org.apache.catalina.startup.Catalina.start(Catalina.java:759)
		at java.base/jdk.internal.reflect.DirectMethodHandleAccessor.invoke(DirectMethodHandleAccessor.java:103)
		at java.base/java.lang.reflect.Method.invoke(Method.java:580)
		at org.apache.catalina.startup.Bootstrap.start(Bootstrap.java:342)
		at org.apache.catalina.startup.Bootstrap.main(Bootstrap.java:473)
	Caused by: org.apache.catalina.LifecycleException: Failed to start component [org.apache.catalina.webresources.StandardRoot@33d53216]
		at org.apache.catalina.util.LifecycleBase.handleSubClassException(LifecycleBase.java:406)
		at org.apache.catalina.util.LifecycleBase.start(LifecycleBase.java:179)
		at org.apache.catalina.core.StandardContext.resourcesStart(StandardContext.java:4127)
		at org.apache.catalina.core.StandardContext.startInternal(StandardContext.java:4249)
		at org.apache.catalina.util.LifecycleBase.start(LifecycleBase.java:164)
		at org.apache.catalina.core.ContainerBase.addChild(ContainerBase.java:566)
		... 34 more
	Caused by: java.lang.IllegalArgumentException: The main resource set specified [C:\Users\William\Documents\mavenproject1\target\mavenproject1-1.0-SNAPSHOT] is not a directory or war file, or is not readable (it does not exist or permissions to access it are missing)
		at org.apache.catalina.webresources.StandardRoot.createMainResourceSet(StandardRoot.java:749)
		at org.apache.catalina.webresources.StandardRoot.startInternal(StandardRoot.java:706)
		at org.apache.catalina.util.LifecycleBase.start(LifecycleBase.java:164)
		... 38 more
26-Jun-2025 14:44:58.877 INFO [main] org.apache.catalina.startup.HostConfig.deployDescriptor Deployment of deployment descriptor [C:\xampp\htdocs\SABI\apache-tomcat-11.0.7\conf\Catalina\localhost\mavenproject1.xml] has finished in [19] ms
26-Jun-2025 14:44:58.878 INFO [main] org.apache.catalina.startup.HostConfig.deployDirectory Desplegando el directorio [C:\xampp\htdocs\SABI\apache-tomcat-11.0.7\webapps\docs] de la aplicación web
26-Jun-2025 14:44:58.909 INFO [main] org.apache.catalina.startup.HostConfig.deployDirectory Deployment of web application directory [C:\xampp\htdocs\SABI\apache-tomcat-11.0.7\webapps\docs] has finished in [31] ms
26-Jun-2025 14:44:58.910 INFO [main] org.apache.catalina.startup.HostConfig.deployDirectory Desplegando el directorio [C:\xampp\htdocs\SABI\apache-tomcat-11.0.7\webapps\examples] de la aplicación web
26-Jun-2025 14:44:59.423 INFO [main] org.apache.catalina.startup.HostConfig.deployDirectory Deployment of web application directory [C:\xampp\htdocs\SABI\apache-tomcat-11.0.7\webapps\examples] has finished in [513] ms
26-Jun-2025 14:44:59.423 INFO [main] org.apache.catalina.startup.HostConfig.deployDirectory Desplegando el directorio [C:\xampp\htdocs\SABI\apache-tomcat-11.0.7\webapps\host-manager] de la aplicación web
26-Jun-2025 14:44:59.452 INFO [main] org.apache.catalina.startup.HostConfig.deployDirectory Deployment of web application directory [C:\xampp\htdocs\SABI\apache-tomcat-11.0.7\webapps\host-manager] has finished in [29] ms
26-Jun-2025 14:44:59.453 INFO [main] org.apache.catalina.startup.HostConfig.deployDirectory Desplegando el directorio [C:\xampp\htdocs\SABI\apache-tomcat-11.0.7\webapps\manager] de la aplicación web
26-Jun-2025 14:44:59.481 INFO [main] org.apache.catalina.startup.HostConfig.deployDirectory Deployment of web application directory [C:\xampp\htdocs\SABI\apache-tomcat-11.0.7\webapps\manager] has finished in [29] ms
26-Jun-2025 14:44:59.482 INFO [main] org.apache.catalina.startup.HostConfig.deployDirectory Desplegando el directorio [C:\xampp\htdocs\SABI\apache-tomcat-11.0.7\webapps\ROOT] de la aplicación web
26-Jun-2025 14:44:59.499 INFO [main] org.apache.catalina.startup.HostConfig.deployDirectory Deployment of web application directory [C:\xampp\htdocs\SABI\apache-tomcat-11.0.7\webapps\ROOT] has finished in [17] ms
26-Jun-2025 14:44:59.502 INFO [main] org.apache.coyote.AbstractProtocol.start Starting ProtocolHandler ["http-nio-8080"]
26-Jun-2025 14:44:59.526 INFO [main] org.apache.catalina.startup.Catalina.start Server startup in [1363] milliseconds
26-Jun-2025 14:45:01.453 INFO [http-nio-8080-exec-9] org.apache.catalina.startup.HostConfig.undeploy Repliegue (undeploy) de la aplicación web que tiene como trayectoria de contexto [/apacheSABI]
26-Jun-2025 14:45:01.487 INFO [http-nio-8080-exec-7] org.apache.catalina.startup.HostConfig.deployDescriptor Desplieque del descriptor de configuración [C:\xampp\htdocs\SABI\apache-tomcat-11.0.7\conf\Catalina\localhost\apacheSABI.xml]
26-Jun-2025 14:45:01.488 WARNING [http-nio-8080-exec-7] org.apache.catalina.startup.HostConfig.deployDescriptor The path attribute with value [/apacheSABI] in deployment descriptor [C:\xampp\htdocs\SABI\apache-tomcat-11.0.7\conf\Catalina\localhost\apacheSABI.xml] has been ignored
26-Jun-2025 14:45:01.528 INFO [http-nio-8080-exec-7] org.apache.catalina.startup.HostConfig.deployDescriptor Deployment of deployment descriptor [C:\xampp\htdocs\SABI\apache-tomcat-11.0.7\conf\Catalina\localhost\apacheSABI.xml] has finished in [40] ms
26-Jun-2025 14:45:01.530 INFO [http-nio-8080-exec-10] org.apache.catalina.util.LifecycleBase.start The start() method was called on component [StandardEngine[Catalina].StandardHost[localhost].StandardContext[/apacheSABI]] after start() had already been called. The second call will be ignored.
26-Jun-2025 14:45:48.364 INFO [http-nio-8080-exec-13] org.apache.catalina.startup.HostConfig.undeploy Repliegue (undeploy) de la aplicación web que tiene como trayectoria de contexto [/apacheSABI]
26-Jun-2025 14:45:48.379 INFO [http-nio-8080-exec-11] org.apache.catalina.startup.HostConfig.deployDescriptor Desplieque del descriptor de configuración [C:\xampp\htdocs\SABI\apache-tomcat-11.0.7\conf\Catalina\localhost\apacheSABI.xml]
26-Jun-2025 14:45:48.380 WARNING [http-nio-8080-exec-11] org.apache.catalina.startup.HostConfig.deployDescriptor The path attribute with value [/apacheSABI] in deployment descriptor [C:\xampp\htdocs\SABI\apache-tomcat-11.0.7\conf\Catalina\localhost\apacheSABI.xml] has been ignored
26-Jun-2025 14:45:48.420 INFO [http-nio-8080-exec-11] org.apache.catalina.startup.HostConfig.deployDescriptor Deployment of deployment descriptor [C:\xampp\htdocs\SABI\apache-tomcat-11.0.7\conf\Catalina\localhost\apacheSABI.xml] has finished in [41] ms
26-Jun-2025 14:45:48.423 INFO [http-nio-8080-exec-12] org.apache.catalina.util.LifecycleBase.start The start() method was called on component [StandardEngine[Catalina].StandardHost[localhost].StandardContext[/apacheSABI]] after start() had already been called. The second call will be ignored.
26-Jun-2025 14:47:49.841 INFO [http-nio-8080-exec-23] org.apache.catalina.startup.HostConfig.undeploy Repliegue (undeploy) de la aplicación web que tiene como trayectoria de contexto [/apacheSABI]
26-Jun-2025 14:47:49.855 INFO [http-nio-8080-exec-19] org.apache.catalina.startup.HostConfig.deployDescriptor Desplieque del descriptor de configuración [C:\xampp\htdocs\SABI\apache-tomcat-11.0.7\conf\Catalina\localhost\apacheSABI.xml]
26-Jun-2025 14:47:49.856 WARNING [http-nio-8080-exec-19] org.apache.catalina.startup.HostConfig.deployDescriptor The path attribute with value [/apacheSABI] in deployment descriptor [C:\xampp\htdocs\SABI\apache-tomcat-11.0.7\conf\Catalina\localhost\apacheSABI.xml] has been ignored
26-Jun-2025 14:47:49.894 INFO [http-nio-8080-exec-19] org.apache.catalina.startup.HostConfig.deployDescriptor Deployment of deployment descriptor [C:\xampp\htdocs\SABI\apache-tomcat-11.0.7\conf\Catalina\localhost\apacheSABI.xml] has finished in [39] ms
26-Jun-2025 14:47:49.897 INFO [http-nio-8080-exec-21] org.apache.catalina.util.LifecycleBase.start The start() method was called on component [StandardEngine[Catalina].StandardHost[localhost].StandardContext[/apacheSABI]] after start() had already been called. The second call will be ignored.
26-Jun-2025 14:49:38.615 INFO [http-nio-8080-exec-21] org.apache.catalina.startup.HostConfig.undeploy Repliegue (undeploy) de la aplicación web que tiene como trayectoria de contexto [/apacheSABI]
26-Jun-2025 14:49:38.630 INFO [http-nio-8080-exec-24] org.apache.catalina.startup.HostConfig.deployDescriptor Desplieque del descriptor de configuración [C:\xampp\htdocs\SABI\apache-tomcat-11.0.7\conf\Catalina\localhost\apacheSABI.xml]
26-Jun-2025 14:49:38.631 WARNING [http-nio-8080-exec-24] org.apache.catalina.startup.HostConfig.deployDescriptor The path attribute with value [/apacheSABI] in deployment descriptor [C:\xampp\htdocs\SABI\apache-tomcat-11.0.7\conf\Catalina\localhost\apacheSABI.xml] has been ignored
26-Jun-2025 14:49:38.669 INFO [http-nio-8080-exec-24] org.apache.catalina.startup.HostConfig.deployDescriptor Deployment of deployment descriptor [C:\xampp\htdocs\SABI\apache-tomcat-11.0.7\conf\Catalina\localhost\apacheSABI.xml] has finished in [39] ms
26-Jun-2025 14:49:38.671 INFO [http-nio-8080-exec-26] org.apache.catalina.util.LifecycleBase.start The start() method was called on component [StandardEngine[Catalina].StandardHost[localhost].StandardContext[/apacheSABI]] after start() had already been called. The second call will be ignored.
26-Jun-2025 14:50:49.465 INFO [http-nio-8080-exec-29] org.apache.catalina.startup.HostConfig.undeploy Repliegue (undeploy) de la aplicación web que tiene como trayectoria de contexto [/apacheSABI]
26-Jun-2025 14:50:49.479 INFO [http-nio-8080-exec-31] org.apache.catalina.startup.HostConfig.deployDescriptor Desplieque del descriptor de configuración [C:\xampp\htdocs\SABI\apache-tomcat-11.0.7\conf\Catalina\localhost\apacheSABI.xml]
26-Jun-2025 14:50:49.480 WARNING [http-nio-8080-exec-31] org.apache.catalina.startup.HostConfig.deployDescriptor The path attribute with value [/apacheSABI] in deployment descriptor [C:\xampp\htdocs\SABI\apache-tomcat-11.0.7\conf\Catalina\localhost\apacheSABI.xml] has been ignored
26-Jun-2025 14:50:49.519 INFO [http-nio-8080-exec-31] org.apache.catalina.startup.HostConfig.deployDescriptor Deployment of deployment descriptor [C:\xampp\htdocs\SABI\apache-tomcat-11.0.7\conf\Catalina\localhost\apacheSABI.xml] has finished in [40] ms
26-Jun-2025 14:50:49.521 INFO [http-nio-8080-exec-30] org.apache.catalina.util.LifecycleBase.start The start() method was called on component [StandardEngine[Catalina].StandardHost[localhost].StandardContext[/apacheSABI]] after start() had already been called. The second call will be ignored.
26-Jun-2025 14:51:04.658 INFO [http-nio-8080-exec-30] org.apache.catalina.startup.HostConfig.undeploy Repliegue (undeploy) de la aplicación web que tiene como trayectoria de contexto [/apacheSABI]
26-Jun-2025 14:51:04.671 INFO [http-nio-8080-exec-34] org.apache.catalina.startup.HostConfig.deployDescriptor Desplieque del descriptor de configuración [C:\xampp\htdocs\SABI\apache-tomcat-11.0.7\conf\Catalina\localhost\apacheSABI.xml]
26-Jun-2025 14:51:04.672 WARNING [http-nio-8080-exec-34] org.apache.catalina.startup.HostConfig.deployDescriptor The path attribute with value [/apacheSABI] in deployment descriptor [C:\xampp\htdocs\SABI\apache-tomcat-11.0.7\conf\Catalina\localhost\apacheSABI.xml] has been ignored
26-Jun-2025 14:51:04.712 INFO [http-nio-8080-exec-34] org.apache.catalina.startup.HostConfig.deployDescriptor Deployment of deployment descriptor [C:\xampp\htdocs\SABI\apache-tomcat-11.0.7\conf\Catalina\localhost\apacheSABI.xml] has finished in [41] ms
26-Jun-2025 14:51:04.714 INFO [http-nio-8080-exec-33] org.apache.catalina.util.LifecycleBase.start The start() method was called on component [StandardEngine[Catalina].StandardHost[localhost].StandardContext[/apacheSABI]] after start() had already been called. The second call will be ignored.
26-Jun-2025 14:52:05.740 INFO [http-nio-8080-exec-30] org.apache.catalina.startup.HostConfig.undeploy Repliegue (undeploy) de la aplicación web que tiene como trayectoria de contexto [/apacheSABI]
26-Jun-2025 14:52:05.754 INFO [http-nio-8080-exec-41] org.apache.catalina.startup.HostConfig.deployDescriptor Desplieque del descriptor de configuración [C:\xampp\htdocs\SABI\apache-tomcat-11.0.7\conf\Catalina\localhost\apacheSABI.xml]
26-Jun-2025 14:52:05.755 WARNING [http-nio-8080-exec-41] org.apache.catalina.startup.HostConfig.deployDescriptor The path attribute with value [/apacheSABI] in deployment descriptor [C:\xampp\htdocs\SABI\apache-tomcat-11.0.7\conf\Catalina\localhost\apacheSABI.xml] has been ignored
26-Jun-2025 14:52:05.793 INFO [http-nio-8080-exec-41] org.apache.catalina.startup.HostConfig.deployDescriptor Deployment of deployment descriptor [C:\xampp\htdocs\SABI\apache-tomcat-11.0.7\conf\Catalina\localhost\apacheSABI.xml] has finished in [38] ms
26-Jun-2025 14:52:05.795 INFO [http-nio-8080-exec-39] org.apache.catalina.util.LifecycleBase.start The start() method was called on component [StandardEngine[Catalina].StandardHost[localhost].StandardContext[/apacheSABI]] after start() had already been called. The second call will be ignored.
26-Jun-2025 14:52:55.489 INFO [http-nio-8080-exec-45] org.apache.catalina.startup.HostConfig.undeploy Repliegue (undeploy) de la aplicación web que tiene como trayectoria de contexto [/apacheSABI]
26-Jun-2025 14:52:55.502 INFO [http-nio-8080-exec-30] org.apache.catalina.startup.HostConfig.deployDescriptor Desplieque del descriptor de configuración [C:\xampp\htdocs\SABI\apache-tomcat-11.0.7\conf\Catalina\localhost\apacheSABI.xml]
26-Jun-2025 14:52:55.503 WARNING [http-nio-8080-exec-30] org.apache.catalina.startup.HostConfig.deployDescriptor The path attribute with value [/apacheSABI] in deployment descriptor [C:\xampp\htdocs\SABI\apache-tomcat-11.0.7\conf\Catalina\localhost\apacheSABI.xml] has been ignored
26-Jun-2025 14:52:55.541 INFO [http-nio-8080-exec-30] org.apache.catalina.startup.HostConfig.deployDescriptor Deployment of deployment descriptor [C:\xampp\htdocs\SABI\apache-tomcat-11.0.7\conf\Catalina\localhost\apacheSABI.xml] has finished in [39] ms
26-Jun-2025 14:52:55.543 INFO [http-nio-8080-exec-39] org.apache.catalina.util.LifecycleBase.start The start() method was called on component [StandardEngine[Catalina].StandardHost[localhost].StandardContext[/apacheSABI]] after start() had already been called. The second call will be ignored.
26-Jun-2025 14:53:48.151 INFO [http-nio-8080-exec-44] org.apache.catalina.startup.HostConfig.undeploy Repliegue (undeploy) de la aplicación web que tiene como trayectoria de contexto [/apacheSABI]
26-Jun-2025 14:53:48.164 INFO [http-nio-8080-exec-45] org.apache.catalina.startup.HostConfig.deployDescriptor Desplieque del descriptor de configuración [C:\xampp\htdocs\SABI\apache-tomcat-11.0.7\conf\Catalina\localhost\apacheSABI.xml]
26-Jun-2025 14:53:48.165 WARNING [http-nio-8080-exec-45] org.apache.catalina.startup.HostConfig.deployDescriptor The path attribute with value [/apacheSABI] in deployment descriptor [C:\xampp\htdocs\SABI\apache-tomcat-11.0.7\conf\Catalina\localhost\apacheSABI.xml] has been ignored
26-Jun-2025 14:53:48.204 INFO [http-nio-8080-exec-45] org.apache.catalina.startup.HostConfig.deployDescriptor Deployment of deployment descriptor [C:\xampp\htdocs\SABI\apache-tomcat-11.0.7\conf\Catalina\localhost\apacheSABI.xml] has finished in [39] ms
26-Jun-2025 14:53:48.206 INFO [http-nio-8080-exec-51] org.apache.catalina.util.LifecycleBase.start The start() method was called on component [StandardEngine[Catalina].StandardHost[localhost].StandardContext[/apacheSABI]] after start() had already been called. The second call will be ignored.
26-Jun-2025 14:56:13.745 INFO [http-nio-8080-exec-58] org.apache.catalina.startup.HostConfig.undeploy Repliegue (undeploy) de la aplicación web que tiene como trayectoria de contexto [/apacheSABI]
26-Jun-2025 14:56:13.758 INFO [http-nio-8080-exec-52] org.apache.catalina.startup.HostConfig.deployDescriptor Desplieque del descriptor de configuración [C:\xampp\htdocs\SABI\apache-tomcat-11.0.7\conf\Catalina\localhost\apacheSABI.xml]
26-Jun-2025 14:56:13.759 WARNING [http-nio-8080-exec-52] org.apache.catalina.startup.HostConfig.deployDescriptor The path attribute with value [/apacheSABI] in deployment descriptor [C:\xampp\htdocs\SABI\apache-tomcat-11.0.7\conf\Catalina\localhost\apacheSABI.xml] has been ignored
26-Jun-2025 14:56:13.795 INFO [http-nio-8080-exec-52] org.apache.catalina.startup.HostConfig.deployDescriptor Deployment of deployment descriptor [C:\xampp\htdocs\SABI\apache-tomcat-11.0.7\conf\Catalina\localhost\apacheSABI.xml] has finished in [37] ms
26-Jun-2025 14:56:13.798 INFO [http-nio-8080-exec-51] org.apache.catalina.util.LifecycleBase.start The start() method was called on component [StandardEngine[Catalina].StandardHost[localhost].StandardContext[/apacheSABI]] after start() had already been called. The second call will be ignored.
26-Jun-2025 15:11:22.097 INFO [http-nio-8080-exec-65] org.apache.catalina.startup.HostConfig.undeploy Repliegue (undeploy) de la aplicación web que tiene como trayectoria de contexto [/apacheSABI]
26-Jun-2025 15:11:22.111 INFO [http-nio-8080-exec-67] org.apache.catalina.startup.HostConfig.deployDescriptor Desplieque del descriptor de configuración [C:\xampp\htdocs\SABI\apache-tomcat-11.0.7\conf\Catalina\localhost\apacheSABI.xml]
26-Jun-2025 15:11:22.112 WARNING [http-nio-8080-exec-67] org.apache.catalina.startup.HostConfig.deployDescriptor The path attribute with value [/apacheSABI] in deployment descriptor [C:\xampp\htdocs\SABI\apache-tomcat-11.0.7\conf\Catalina\localhost\apacheSABI.xml] has been ignored
26-Jun-2025 15:11:22.149 INFO [http-nio-8080-exec-67] org.apache.catalina.startup.HostConfig.deployDescriptor Deployment of deployment descriptor [C:\xampp\htdocs\SABI\apache-tomcat-11.0.7\conf\Catalina\localhost\apacheSABI.xml] has finished in [37] ms
26-Jun-2025 15:11:22.151 INFO [http-nio-8080-exec-63] org.apache.catalina.util.LifecycleBase.start The start() method was called on component [StandardEngine[Catalina].StandardHost[localhost].StandardContext[/apacheSABI]] after start() had already been called. The second call will be ignored.
26-Jun-2025 16:05:36.329 INFO [http-nio-8080-exec-76] org.apache.catalina.startup.HostConfig.undeploy Repliegue (undeploy) de la aplicación web que tiene como trayectoria de contexto [/apacheSABI]
26-Jun-2025 16:05:36.352 INFO [http-nio-8080-exec-70] org.apache.catalina.startup.HostConfig.deployDescriptor Desplieque del descriptor de configuración [C:\xampp\htdocs\SABI\apache-tomcat-11.0.7\conf\Catalina\localhost\apacheSABI.xml]
26-Jun-2025 16:05:36.355 WARNING [http-nio-8080-exec-70] org.apache.catalina.startup.HostConfig.deployDescriptor The path attribute with value [/apacheSABI] in deployment descriptor [C:\xampp\htdocs\SABI\apache-tomcat-11.0.7\conf\Catalina\localhost\apacheSABI.xml] has been ignored
26-Jun-2025 16:05:36.402 INFO [http-nio-8080-exec-70] org.apache.catalina.startup.HostConfig.deployDescriptor Deployment of deployment descriptor [C:\xampp\htdocs\SABI\apache-tomcat-11.0.7\conf\Catalina\localhost\apacheSABI.xml] has finished in [50] ms
26-Jun-2025 16:05:36.404 INFO [http-nio-8080-exec-74] org.apache.catalina.util.LifecycleBase.start The start() method was called on component [StandardEngine[Catalina].StandardHost[localhost].StandardContext[/apacheSABI]] after start() had already been called. The second call will be ignored.
26-Jun-2025 16:16:58.246 INFO [http-nio-8080-exec-81] org.apache.catalina.startup.HostConfig.undeploy Repliegue (undeploy) de la aplicación web que tiene como trayectoria de contexto [/apacheSABI]
26-Jun-2025 16:16:58.258 INFO [http-nio-8080-exec-80] org.apache.catalina.startup.HostConfig.deployDescriptor Desplieque del descriptor de configuración [C:\xampp\htdocs\SABI\apache-tomcat-11.0.7\conf\Catalina\localhost\apacheSABI.xml]
26-Jun-2025 16:16:58.259 WARNING [http-nio-8080-exec-80] org.apache.catalina.startup.HostConfig.deployDescriptor The path attribute with value [/apacheSABI] in deployment descriptor [C:\xampp\htdocs\SABI\apache-tomcat-11.0.7\conf\Catalina\localhost\apacheSABI.xml] has been ignored
26-Jun-2025 16:16:58.297 INFO [http-nio-8080-exec-80] org.apache.catalina.startup.HostConfig.deployDescriptor Deployment of deployment descriptor [C:\xampp\htdocs\SABI\apache-tomcat-11.0.7\conf\Catalina\localhost\apacheSABI.xml] has finished in [39] ms
26-Jun-2025 16:16:58.299 INFO [http-nio-8080-exec-82] org.apache.catalina.util.LifecycleBase.start The start() method was called on component [StandardEngine[Catalina].StandardHost[localhost].StandardContext[/apacheSABI]] after start() had already been called. The second call will be ignored.
26-Jun-2025 16:21:40.370 INFO [http-nio-8080-exec-97] org.apache.catalina.startup.HostConfig.undeploy Repliegue (undeploy) de la aplicación web que tiene como trayectoria de contexto [/apacheSABI]
26-Jun-2025 16:21:40.388 INFO [http-nio-8080-exec-89] org.apache.catalina.startup.HostConfig.deployDescriptor Desplieque del descriptor de configuración [C:\xampp\htdocs\SABI\apache-tomcat-11.0.7\conf\Catalina\localhost\apacheSABI.xml]
26-Jun-2025 16:21:40.389 WARNING [http-nio-8080-exec-89] org.apache.catalina.startup.HostConfig.deployDescriptor The path attribute with value [/apacheSABI] in deployment descriptor [C:\xampp\htdocs\SABI\apache-tomcat-11.0.7\conf\Catalina\localhost\apacheSABI.xml] has been ignored
26-Jun-2025 16:21:40.429 INFO [http-nio-8080-exec-89] org.apache.catalina.startup.HostConfig.deployDescriptor Deployment of deployment descriptor [C:\xampp\htdocs\SABI\apache-tomcat-11.0.7\conf\Catalina\localhost\apacheSABI.xml] has finished in [42] ms
26-Jun-2025 16:21:40.431 INFO [http-nio-8080-exec-92] org.apache.catalina.util.LifecycleBase.start The start() method was called on component [StandardEngine[Catalina].StandardHost[localhost].StandardContext[/apacheSABI]] after start() had already been called. The second call will be ignored.
26-Jun-2025 17:11:23.310 INFO [http-nio-8080-exec-102] org.apache.catalina.startup.HostConfig.undeploy Repliegue (undeploy) de la aplicación web que tiene como trayectoria de contexto [/apacheSABI]
26-Jun-2025 17:11:23.324 INFO [http-nio-8080-exec-104] org.apache.catalina.startup.HostConfig.deployDescriptor Desplieque del descriptor de configuración [C:\xampp\htdocs\SABI\apache-tomcat-11.0.7\conf\Catalina\localhost\apacheSABI.xml]
26-Jun-2025 17:11:23.326 WARNING [http-nio-8080-exec-104] org.apache.catalina.startup.HostConfig.deployDescriptor The path attribute with value [/apacheSABI] in deployment descriptor [C:\xampp\htdocs\SABI\apache-tomcat-11.0.7\conf\Catalina\localhost\apacheSABI.xml] has been ignored
26-Jun-2025 17:11:23.367 INFO [http-nio-8080-exec-104] org.apache.catalina.startup.HostConfig.deployDescriptor Deployment of deployment descriptor [C:\xampp\htdocs\SABI\apache-tomcat-11.0.7\conf\Catalina\localhost\apacheSABI.xml] has finished in [43] ms
26-Jun-2025 17:11:23.370 INFO [http-nio-8080-exec-100] org.apache.catalina.util.LifecycleBase.start The start() method was called on component [StandardEngine[Catalina].StandardHost[localhost].StandardContext[/apacheSABI]] after start() had already been called. The second call will be ignored.
26-Jun-2025 17:13:55.702 INFO [http-nio-8080-exec-100] org.apache.catalina.startup.HostConfig.undeploy Repliegue (undeploy) de la aplicación web que tiene como trayectoria de contexto [/apacheSABI]
26-Jun-2025 17:13:55.715 INFO [http-nio-8080-exec-109] org.apache.catalina.startup.HostConfig.deployDescriptor Desplieque del descriptor de configuración [C:\xampp\htdocs\SABI\apache-tomcat-11.0.7\conf\Catalina\localhost\apacheSABI.xml]
26-Jun-2025 17:13:55.716 WARNING [http-nio-8080-exec-109] org.apache.catalina.startup.HostConfig.deployDescriptor The path attribute with value [/apacheSABI] in deployment descriptor [C:\xampp\htdocs\SABI\apache-tomcat-11.0.7\conf\Catalina\localhost\apacheSABI.xml] has been ignored
26-Jun-2025 17:13:55.755 INFO [http-nio-8080-exec-109] org.apache.catalina.startup.HostConfig.deployDescriptor Deployment of deployment descriptor [C:\xampp\htdocs\SABI\apache-tomcat-11.0.7\conf\Catalina\localhost\apacheSABI.xml] has finished in [40] ms
26-Jun-2025 17:13:55.757 INFO [http-nio-8080-exec-112] org.apache.catalina.util.LifecycleBase.start The start() method was called on component [StandardEngine[Catalina].StandardHost[localhost].StandardContext[/apacheSABI]] after start() had already been called. The second call will be ignored.
26-Jun-2025 17:15:29.055 INFO [http-nio-8080-exec-109] org.apache.catalina.startup.HostConfig.undeploy Repliegue (undeploy) de la aplicación web que tiene como trayectoria de contexto [/apacheSABI]
26-Jun-2025 17:15:29.069 INFO [http-nio-8080-exec-118] org.apache.catalina.startup.HostConfig.deployDescriptor Desplieque del descriptor de configuración [C:\xampp\htdocs\SABI\apache-tomcat-11.0.7\conf\Catalina\localhost\apacheSABI.xml]
26-Jun-2025 17:15:29.070 WARNING [http-nio-8080-exec-118] org.apache.catalina.startup.HostConfig.deployDescriptor The path attribute with value [/apacheSABI] in deployment descriptor [C:\xampp\htdocs\SABI\apache-tomcat-11.0.7\conf\Catalina\localhost\apacheSABI.xml] has been ignored
26-Jun-2025 17:15:29.108 INFO [http-nio-8080-exec-118] org.apache.catalina.startup.HostConfig.deployDescriptor Deployment of deployment descriptor [C:\xampp\htdocs\SABI\apache-tomcat-11.0.7\conf\Catalina\localhost\apacheSABI.xml] has finished in [39] ms
26-Jun-2025 17:15:29.110 INFO [http-nio-8080-exec-112] org.apache.catalina.util.LifecycleBase.start The start() method was called on component [StandardEngine[Catalina].StandardHost[localhost].StandardContext[/apacheSABI]] after start() had already been called. The second call will be ignored.
26-Jun-2025 17:18:03.265 INFO [http-nio-8080-exec-131] org.apache.catalina.startup.HostConfig.undeploy Repliegue (undeploy) de la aplicación web que tiene como trayectoria de contexto [/apacheSABI]
26-Jun-2025 17:18:03.279 INFO [http-nio-8080-exec-124] org.apache.catalina.startup.HostConfig.deployDescriptor Desplieque del descriptor de configuración [C:\xampp\htdocs\SABI\apache-tomcat-11.0.7\conf\Catalina\localhost\apacheSABI.xml]
26-Jun-2025 17:18:03.279 WARNING [http-nio-8080-exec-124] org.apache.catalina.startup.HostConfig.deployDescriptor The path attribute with value [/apacheSABI] in deployment descriptor [C:\xampp\htdocs\SABI\apache-tomcat-11.0.7\conf\Catalina\localhost\apacheSABI.xml] has been ignored
26-Jun-2025 17:18:03.318 INFO [http-nio-8080-exec-124] org.apache.catalina.startup.HostConfig.deployDescriptor Deployment of deployment descriptor [C:\xampp\htdocs\SABI\apache-tomcat-11.0.7\conf\Catalina\localhost\apacheSABI.xml] has finished in [39] ms
26-Jun-2025 17:18:03.319 INFO [http-nio-8080-exec-125] org.apache.catalina.util.LifecycleBase.start The start() method was called on component [StandardEngine[Catalina].StandardHost[localhost].StandardContext[/apacheSABI]] after start() had already been called. The second call will be ignored.
