16-Jun-2025 18:19:01.372 INFO [http-nio-8080-exec-6] org.apache.catalina.core.ApplicationContext.log Manager: init: Associated with Deployer 'Catalina:type=Deployer,host=localhost'
16-Jun-2025 18:19:01.372 INFO [http-nio-8080-exec-6] org.apache.catalina.core.ApplicationContext.log Manager: init: Global resources are available
16-Jun-2025 18:19:01.400 INFO [http-nio-8080-exec-7] org.apache.catalina.core.ApplicationContext.log Manager: list: Listing contexts for virtual host 'localhost'
16-Jun-2025 18:19:01.404 INFO [http-nio-8080-exec-8] org.apache.catalina.core.ApplicationContext.log Manager: list: Listing contexts for virtual host 'localhost'
16-Jun-2025 18:19:01.412 INFO [http-nio-8080-exec-9] org.apache.catalina.core.ApplicationContext.log Manager: undeploy: Undeploying web application at '/apacheDonCarlos'
16-Jun-2025 18:19:02.047 INFO [http-nio-8080-exec-5] org.apache.catalina.core.ApplicationContext.log Manager: install: Installing context configuration at 'file:/C:/Users/William/AppData/Local/Temp/context18313401423120001681.xml'
16-Jun-2025 18:19:02.395 INFO [http-nio-8080-exec-2] org.apache.catalina.core.ApplicationContext.log Manager: start: Starting web application '/apacheDonCarlos'
16-Jun-2025 18:34:29.262 INFO [http-nio-8080-exec-15] org.apache.catalina.core.ApplicationContext.log Manager: list: Listing contexts for virtual host 'localhost'
16-Jun-2025 18:34:29.264 INFO [http-nio-8080-exec-16] org.apache.catalina.core.ApplicationContext.log Manager: list: Listing contexts for virtual host 'localhost'
16-Jun-2025 18:34:29.278 INFO [http-nio-8080-exec-11] org.apache.catalina.core.ApplicationContext.log Manager: undeploy: Undeploying web application at '/apacheDonCarlos'
16-Jun-2025 18:34:29.815 INFO [http-nio-8080-exec-18] org.apache.catalina.core.ApplicationContext.log Manager: install: Installing context configuration at 'file:/C:/Users/William/AppData/Local/Temp/context7833903933692636861.xml'
16-Jun-2025 18:34:30.155 INFO [http-nio-8080-exec-15] org.apache.catalina.core.ApplicationContext.log Manager: start: Starting web application '/apacheDonCarlos'
16-Jun-2025 18:37:29.651 INFO [http-nio-8080-exec-26] org.apache.catalina.core.ApplicationContext.log Manager: list: Listing contexts for virtual host 'localhost'
16-Jun-2025 18:37:29.655 INFO [http-nio-8080-exec-27] org.apache.catalina.core.ApplicationContext.log Manager: list: Listing contexts for virtual host 'localhost'
16-Jun-2025 18:37:29.659 INFO [http-nio-8080-exec-28] org.apache.catalina.core.ApplicationContext.log Manager: undeploy: Undeploying web application at '/apacheDonCarlos'
16-Jun-2025 18:37:30.180 INFO [http-nio-8080-exec-26] org.apache.catalina.core.ApplicationContext.log Manager: install: Installing context configuration at 'file:/C:/Users/William/AppData/Local/Temp/context7394171454651022680.xml'
16-Jun-2025 18:37:30.495 INFO [http-nio-8080-exec-21] org.apache.catalina.core.ApplicationContext.log Manager: start: Starting web application '/apacheDonCarlos'
16-Jun-2025 18:51:33.311 INFO [http-nio-8080-exec-34] org.apache.catalina.core.ApplicationContext.log Manager: list: Listing contexts for virtual host 'localhost'
16-Jun-2025 18:51:33.312 INFO [http-nio-8080-exec-36] org.apache.catalina.core.ApplicationContext.log Manager: list: Listing contexts for virtual host 'localhost'
16-Jun-2025 18:51:33.316 INFO [http-nio-8080-exec-37] org.apache.catalina.core.ApplicationContext.log Manager: undeploy: Undeploying web application at '/apacheDonCarlos'
16-Jun-2025 18:51:33.847 INFO [http-nio-8080-exec-38] org.apache.catalina.core.ApplicationContext.log Manager: install: Installing context configuration at 'file:/C:/Users/William/AppData/Local/Temp/context3759452139746125568.xml'
16-Jun-2025 18:51:34.181 INFO [http-nio-8080-exec-32] org.apache.catalina.core.ApplicationContext.log Manager: start: Starting web application '/apacheDonCarlos'
16-Jun-2025 18:53:13.877 INFO [http-nio-8080-exec-44] org.apache.catalina.core.ApplicationContext.log Manager: list: Listing contexts for virtual host 'localhost'
16-Jun-2025 18:53:13.881 INFO [http-nio-8080-exec-47] org.apache.catalina.core.ApplicationContext.log Manager: list: Listing contexts for virtual host 'localhost'
16-Jun-2025 18:53:13.887 INFO [http-nio-8080-exec-50] org.apache.catalina.core.ApplicationContext.log Manager: undeploy: Undeploying web application at '/apacheDonCarlos'
16-Jun-2025 18:53:14.413 INFO [http-nio-8080-exec-43] org.apache.catalina.core.ApplicationContext.log Manager: install: Installing context configuration at 'file:/C:/Users/William/AppData/Local/Temp/context2480945054916080145.xml'
16-Jun-2025 18:53:14.773 INFO [http-nio-8080-exec-49] org.apache.catalina.core.ApplicationContext.log Manager: start: Starting web application '/apacheDonCarlos'
