28-Jun-2025 08:02:42.679 INFO [http-nio-8080-exec-4] org.apache.catalina.core.ApplicationContext.log Manager: init: Associated with Deployer 'Catalina:type=Deployer,host=localhost'
28-Jun-2025 08:02:42.679 INFO [http-nio-8080-exec-4] org.apache.catalina.core.ApplicationContext.log Manager: init: Global resources are available
28-Jun-2025 08:02:42.700 INFO [http-nio-8080-exec-7] org.apache.catalina.core.ApplicationContext.log Manager: list: Listing contexts for virtual host 'localhost'
28-Jun-2025 08:02:42.704 INFO [http-nio-8080-exec-8] org.apache.catalina.core.ApplicationContext.log Manager: list: Listing contexts for virtual host 'localhost'
28-Jun-2025 08:02:42.714 INFO [http-nio-8080-exec-9] org.apache.catalina.core.ApplicationContext.log Manager: undeploy: Undeploying web application at '/apacheSABI'
28-Jun-2025 08:02:43.261 INFO [http-nio-8080-exec-6] org.apache.catalina.core.ApplicationContext.log Manager: install: Installing context configuration at 'file:/C:/Users/William/AppData/Local/Temp/context5911006139826816780.xml'
28-Jun-2025 08:02:43.556 INFO [http-nio-8080-exec-10] org.apache.catalina.core.ApplicationContext.log Manager: start: Starting web application '/apacheSABI'
28-Jun-2025 08:03:55.651 INFO [http-nio-8080-exec-13] org.apache.catalina.core.ApplicationContext.log Manager: list: Listing contexts for virtual host 'localhost'
28-Jun-2025 08:03:55.654 INFO [http-nio-8080-exec-1] org.apache.catalina.core.ApplicationContext.log Manager: list: Listing contexts for virtual host 'localhost'
28-Jun-2025 08:03:55.660 INFO [http-nio-8080-exec-14] org.apache.catalina.core.ApplicationContext.log Manager: undeploy: Undeploying web application at '/apacheSABI'
28-Jun-2025 08:03:56.183 INFO [http-nio-8080-exec-6] org.apache.catalina.core.ApplicationContext.log Manager: install: Installing context configuration at 'file:/C:/Users/William/AppData/Local/Temp/context12330897926639810393.xml'
28-Jun-2025 08:03:56.467 INFO [http-nio-8080-exec-10] org.apache.catalina.core.ApplicationContext.log Manager: start: Starting web application '/apacheSABI'
28-Jun-2025 08:05:32.771 INFO [http-nio-8080-exec-8] org.apache.catalina.core.ApplicationContext.log Manager: list: Listing contexts for virtual host 'localhost'
28-Jun-2025 08:05:32.774 INFO [http-nio-8080-exec-19] org.apache.catalina.core.ApplicationContext.log Manager: list: Listing contexts for virtual host 'localhost'
28-Jun-2025 08:05:32.780 INFO [http-nio-8080-exec-14] org.apache.catalina.core.ApplicationContext.log Manager: undeploy: Undeploying web application at '/apacheSABI'
28-Jun-2025 08:05:33.301 INFO [http-nio-8080-exec-17] org.apache.catalina.core.ApplicationContext.log Manager: install: Installing context configuration at 'file:/C:/Users/William/AppData/Local/Temp/context16949702238014011885.xml'
28-Jun-2025 08:05:33.587 INFO [http-nio-8080-exec-18] org.apache.catalina.core.ApplicationContext.log Manager: start: Starting web application '/apacheSABI'
28-Jun-2025 08:06:10.855 INFO [http-nio-8080-exec-18] org.apache.catalina.core.ApplicationContext.log Manager: list: Listing contexts for virtual host 'localhost'
28-Jun-2025 08:06:10.858 INFO [http-nio-8080-exec-23] org.apache.catalina.core.ApplicationContext.log Manager: list: Listing contexts for virtual host 'localhost'
28-Jun-2025 08:06:10.865 INFO [http-nio-8080-exec-24] org.apache.catalina.core.ApplicationContext.log Manager: undeploy: Undeploying web application at '/apacheSABI'
28-Jun-2025 08:06:11.387 INFO [http-nio-8080-exec-14] org.apache.catalina.core.ApplicationContext.log Manager: install: Installing context configuration at 'file:/C:/Users/William/AppData/Local/Temp/context1930265540071508160.xml'
28-Jun-2025 08:06:11.702 INFO [http-nio-8080-exec-18] org.apache.catalina.core.ApplicationContext.log Manager: start: Starting web application '/apacheSABI'
28-Jun-2025 08:10:22.614 INFO [http-nio-8080-exec-31] org.apache.catalina.core.ApplicationContext.log Manager: list: Listing contexts for virtual host 'localhost'
28-Jun-2025 08:10:22.616 INFO [http-nio-8080-exec-32] org.apache.catalina.core.ApplicationContext.log Manager: list: Listing contexts for virtual host 'localhost'
28-Jun-2025 08:10:22.649 INFO [http-nio-8080-exec-33] org.apache.catalina.core.ApplicationContext.log Manager: undeploy: Undeploying web application at '/apacheSABI'
28-Jun-2025 08:10:23.175 INFO [http-nio-8080-exec-32] org.apache.catalina.core.ApplicationContext.log Manager: install: Installing context configuration at 'file:/C:/Users/William/AppData/Local/Temp/context16037313143608779237.xml'
28-Jun-2025 08:10:23.490 INFO [http-nio-8080-exec-36] org.apache.catalina.core.ApplicationContext.log Manager: start: Starting web application '/apacheSABI'
28-Jun-2025 08:10:30.884 INFO [http-nio-8080-exec-35] org.apache.catalina.core.ApplicationContext.log Manager: list: Listing contexts for virtual host 'localhost'
28-Jun-2025 08:10:30.885 INFO [http-nio-8080-exec-28] org.apache.catalina.core.ApplicationContext.log Manager: list: Listing contexts for virtual host 'localhost'
28-Jun-2025 08:10:30.892 INFO [http-nio-8080-exec-36] org.apache.catalina.core.ApplicationContext.log Manager: undeploy: Undeploying web application at '/apacheSABI'
28-Jun-2025 08:10:31.423 INFO [http-nio-8080-exec-32] org.apache.catalina.core.ApplicationContext.log Manager: install: Installing context configuration at 'file:/C:/Users/William/AppData/Local/Temp/context9972347298773299873.xml'
28-Jun-2025 08:10:31.700 INFO [http-nio-8080-exec-37] org.apache.catalina.core.ApplicationContext.log Manager: start: Starting web application '/apacheSABI'
28-Jun-2025 08:15:48.808 INFO [http-nio-8080-exec-43] org.apache.catalina.core.ApplicationContext.log Manager: list: Listing contexts for virtual host 'localhost'
28-Jun-2025 08:15:48.809 INFO [http-nio-8080-exec-44] org.apache.catalina.core.ApplicationContext.log Manager: list: Listing contexts for virtual host 'localhost'
28-Jun-2025 08:15:48.814 INFO [http-nio-8080-exec-45] org.apache.catalina.core.ApplicationContext.log Manager: undeploy: Undeploying web application at '/apacheSABI'
28-Jun-2025 08:15:49.334 INFO [http-nio-8080-exec-39] org.apache.catalina.core.ApplicationContext.log Manager: install: Installing context configuration at 'file:/C:/Users/William/AppData/Local/Temp/context14816395975991214919.xml'
28-Jun-2025 08:15:49.609 INFO [http-nio-8080-exec-42] org.apache.catalina.core.ApplicationContext.log Manager: start: Starting web application '/apacheSABI'
28-Jun-2025 08:16:52.595 INFO [http-nio-8080-exec-54] org.apache.catalina.core.ApplicationContext.log Manager: list: Listing contexts for virtual host 'localhost'
28-Jun-2025 08:16:52.596 INFO [http-nio-8080-exec-48] org.apache.catalina.core.ApplicationContext.log Manager: list: Listing contexts for virtual host 'localhost'
28-Jun-2025 08:16:52.601 INFO [http-nio-8080-exec-52] org.apache.catalina.core.ApplicationContext.log Manager: undeploy: Undeploying web application at '/apacheSABI'
28-Jun-2025 08:16:53.130 INFO [http-nio-8080-exec-48] org.apache.catalina.core.ApplicationContext.log Manager: install: Installing context configuration at 'file:/C:/Users/William/AppData/Local/Temp/context6507712875605477507.xml'
28-Jun-2025 08:16:53.420 INFO [http-nio-8080-exec-49] org.apache.catalina.core.ApplicationContext.log Manager: start: Starting web application '/apacheSABI'
28-Jun-2025 08:18:19.258 INFO [http-nio-8080-exec-57] org.apache.catalina.core.ApplicationContext.log Manager: list: Listing contexts for virtual host 'localhost'
28-Jun-2025 08:18:19.261 INFO [http-nio-8080-exec-58] org.apache.catalina.core.ApplicationContext.log Manager: list: Listing contexts for virtual host 'localhost'
28-Jun-2025 08:18:19.266 INFO [http-nio-8080-exec-52] org.apache.catalina.core.ApplicationContext.log Manager: undeploy: Undeploying web application at '/apacheSABI'
28-Jun-2025 08:18:19.786 INFO [http-nio-8080-exec-49] org.apache.catalina.core.ApplicationContext.log Manager: install: Installing context configuration at 'file:/C:/Users/William/AppData/Local/Temp/context3831972456331367990.xml'
28-Jun-2025 08:18:20.064 INFO [http-nio-8080-exec-43] org.apache.catalina.core.ApplicationContext.log Manager: start: Starting web application '/apacheSABI'
28-Jun-2025 08:21:16.395 INFO [http-nio-8080-exec-62] org.apache.catalina.core.ApplicationContext.log Manager: list: Listing contexts for virtual host 'localhost'
28-Jun-2025 08:21:16.398 INFO [http-nio-8080-exec-52] org.apache.catalina.core.ApplicationContext.log Manager: list: Listing contexts for virtual host 'localhost'
28-Jun-2025 08:21:16.402 INFO [http-nio-8080-exec-67] org.apache.catalina.core.ApplicationContext.log Manager: undeploy: Undeploying web application at '/apacheSABI'
28-Jun-2025 08:21:16.931 INFO [http-nio-8080-exec-61] org.apache.catalina.core.ApplicationContext.log Manager: install: Installing context configuration at 'file:/C:/Users/William/AppData/Local/Temp/context5122164296518530989.xml'
28-Jun-2025 08:21:17.204 INFO [http-nio-8080-exec-43] org.apache.catalina.core.ApplicationContext.log Manager: start: Starting web application '/apacheSABI'
28-Jun-2025 08:24:27.505 INFO [http-nio-8080-exec-71] org.apache.catalina.core.ApplicationContext.log Manager: list: Listing contexts for virtual host 'localhost'
28-Jun-2025 08:24:27.507 INFO [http-nio-8080-exec-73] org.apache.catalina.core.ApplicationContext.log Manager: list: Listing contexts for virtual host 'localhost'
28-Jun-2025 08:24:27.513 INFO [http-nio-8080-exec-74] org.apache.catalina.core.ApplicationContext.log Manager: undeploy: Undeploying web application at '/apacheSABI'
28-Jun-2025 08:24:28.035 INFO [http-nio-8080-exec-70] org.apache.catalina.core.ApplicationContext.log Manager: install: Installing context configuration at 'file:/C:/Users/William/AppData/Local/Temp/context7695582388901027925.xml'
28-Jun-2025 08:24:28.309 INFO [http-nio-8080-exec-77] org.apache.catalina.core.ApplicationContext.log Manager: start: Starting web application '/apacheSABI'
28-Jun-2025 08:28:38.940 INFO [http-nio-8080-exec-83] org.apache.catalina.core.ApplicationContext.log Manager: list: Listing contexts for virtual host 'localhost'
28-Jun-2025 08:28:38.941 INFO [http-nio-8080-exec-85] org.apache.catalina.core.ApplicationContext.log Manager: list: Listing contexts for virtual host 'localhost'
28-Jun-2025 08:28:38.947 INFO [http-nio-8080-exec-84] org.apache.catalina.core.ApplicationContext.log Manager: undeploy: Undeploying web application at '/apacheSABI'
28-Jun-2025 08:28:39.466 INFO [http-nio-8080-exec-80] org.apache.catalina.core.ApplicationContext.log Manager: install: Installing context configuration at 'file:/C:/Users/William/AppData/Local/Temp/context10374435723632428688.xml'
28-Jun-2025 08:28:39.733 INFO [http-nio-8080-exec-83] org.apache.catalina.core.ApplicationContext.log Manager: start: Starting web application '/apacheSABI'
28-Jun-2025 08:30:06.081 INFO [http-nio-8080-exec-86] org.apache.catalina.core.ApplicationContext.log Manager: list: Listing contexts for virtual host 'localhost'
28-Jun-2025 08:30:06.082 INFO [http-nio-8080-exec-91] org.apache.catalina.core.ApplicationContext.log Manager: list: Listing contexts for virtual host 'localhost'
28-Jun-2025 08:30:06.088 INFO [http-nio-8080-exec-84] org.apache.catalina.core.ApplicationContext.log Manager: undeploy: Undeploying web application at '/apacheSABI'
28-Jun-2025 08:30:06.614 INFO [http-nio-8080-exec-91] org.apache.catalina.core.ApplicationContext.log Manager: install: Installing context configuration at 'file:/C:/Users/William/AppData/Local/Temp/context6566425234514711500.xml'
28-Jun-2025 08:30:06.889 INFO [http-nio-8080-exec-88] org.apache.catalina.core.ApplicationContext.log Manager: start: Starting web application '/apacheSABI'
28-Jun-2025 08:33:03.123 INFO [http-nio-8080-exec-100] org.apache.catalina.core.ApplicationContext.log Manager: list: Listing contexts for virtual host 'localhost'
28-Jun-2025 08:33:03.126 INFO [http-nio-8080-exec-101] org.apache.catalina.core.ApplicationContext.log Manager: list: Listing contexts for virtual host 'localhost'
28-Jun-2025 08:33:03.131 INFO [http-nio-8080-exec-102] org.apache.catalina.core.ApplicationContext.log Manager: undeploy: Undeploying web application at '/apacheSABI'
28-Jun-2025 08:33:03.652 INFO [http-nio-8080-exec-96] org.apache.catalina.core.ApplicationContext.log Manager: install: Installing context configuration at 'file:/C:/Users/William/AppData/Local/Temp/context12884069243131891079.xml'
28-Jun-2025 08:33:03.933 INFO [http-nio-8080-exec-91] org.apache.catalina.core.ApplicationContext.log Manager: start: Starting web application '/apacheSABI'
28-Jun-2025 08:37:58.815 INFO [http-nio-8080-exec-107] org.apache.catalina.core.ApplicationContext.log Manager: list: Listing contexts for virtual host 'localhost'
28-Jun-2025 08:37:58.816 INFO [http-nio-8080-exec-108] org.apache.catalina.core.ApplicationContext.log Manager: list: Listing contexts for virtual host 'localhost'
28-Jun-2025 08:37:58.821 INFO [http-nio-8080-exec-109] org.apache.catalina.core.ApplicationContext.log Manager: undeploy: Undeploying web application at '/apacheSABI'
28-Jun-2025 08:37:59.344 INFO [http-nio-8080-exec-111] org.apache.catalina.core.ApplicationContext.log Manager: install: Installing context configuration at 'file:/C:/Users/William/AppData/Local/Temp/context6355050221070258844.xml'
28-Jun-2025 08:37:59.642 INFO [http-nio-8080-exec-108] org.apache.catalina.core.ApplicationContext.log Manager: start: Starting web application '/apacheSABI'
28-Jun-2025 08:38:33.038 INFO [http-nio-8080-exec-113] org.apache.catalina.core.ApplicationContext.log Manager: list: Listing contexts for virtual host 'localhost'
28-Jun-2025 08:38:33.041 INFO [http-nio-8080-exec-115] org.apache.catalina.core.ApplicationContext.log Manager: list: Listing contexts for virtual host 'localhost'
28-Jun-2025 08:38:33.046 INFO [http-nio-8080-exec-112] org.apache.catalina.core.ApplicationContext.log Manager: undeploy: Undeploying web application at '/apacheSABI'
28-Jun-2025 08:38:33.574 INFO [http-nio-8080-exec-114] org.apache.catalina.core.ApplicationContext.log Manager: install: Installing context configuration at 'file:/C:/Users/William/AppData/Local/Temp/context13088370777869976657.xml'
28-Jun-2025 08:38:33.847 INFO [http-nio-8080-exec-116] org.apache.catalina.core.ApplicationContext.log Manager: start: Starting web application '/apacheSABI'
28-Jun-2025 08:39:04.543 INFO [http-nio-8080-exec-117] org.apache.catalina.core.ApplicationContext.log Manager: list: Listing contexts for virtual host 'localhost'
28-Jun-2025 08:39:04.545 INFO [http-nio-8080-exec-116] org.apache.catalina.core.ApplicationContext.log Manager: list: Listing contexts for virtual host 'localhost'
28-Jun-2025 08:39:04.550 INFO [http-nio-8080-exec-118] org.apache.catalina.core.ApplicationContext.log Manager: undeploy: Undeploying web application at '/apacheSABI'
28-Jun-2025 08:39:05.080 INFO [http-nio-8080-exec-114] org.apache.catalina.core.ApplicationContext.log Manager: install: Installing context configuration at 'file:/C:/Users/William/AppData/Local/Temp/context13873981726090629225.xml'
28-Jun-2025 08:39:05.383 INFO [http-nio-8080-exec-112] org.apache.catalina.core.ApplicationContext.log Manager: start: Starting web application '/apacheSABI'
28-Jun-2025 08:41:00.100 INFO [http-nio-8080-exec-126] org.apache.catalina.core.ApplicationContext.log Manager: list: Listing contexts for virtual host 'localhost'
28-Jun-2025 08:41:00.101 INFO [http-nio-8080-exec-127] org.apache.catalina.core.ApplicationContext.log Manager: list: Listing contexts for virtual host 'localhost'
28-Jun-2025 08:41:00.107 INFO [http-nio-8080-exec-112] org.apache.catalina.core.ApplicationContext.log Manager: undeploy: Undeploying web application at '/apacheSABI'
28-Jun-2025 08:41:00.623 INFO [http-nio-8080-exec-123] org.apache.catalina.core.ApplicationContext.log Manager: install: Installing context configuration at 'file:/C:/Users/William/AppData/Local/Temp/context16630431772617991081.xml'
28-Jun-2025 08:41:00.918 INFO [http-nio-8080-exec-124] org.apache.catalina.core.ApplicationContext.log Manager: start: Starting web application '/apacheSABI'
28-Jun-2025 08:41:55.739 INFO [http-nio-8080-exec-123] org.apache.catalina.core.ApplicationContext.log Manager: list: Listing contexts for virtual host 'localhost'
28-Jun-2025 08:41:55.740 INFO [http-nio-8080-exec-129] org.apache.catalina.core.ApplicationContext.log Manager: list: Listing contexts for virtual host 'localhost'
28-Jun-2025 08:41:55.744 INFO [http-nio-8080-exec-130] org.apache.catalina.core.ApplicationContext.log Manager: undeploy: Undeploying web application at '/apacheSABI'
28-Jun-2025 08:41:56.259 INFO [http-nio-8080-exec-131] org.apache.catalina.core.ApplicationContext.log Manager: install: Installing context configuration at 'file:/C:/Users/William/AppData/Local/Temp/context14455890992133980109.xml'
28-Jun-2025 08:41:56.541 INFO [http-nio-8080-exec-128] org.apache.catalina.core.ApplicationContext.log Manager: start: Starting web application '/apacheSABI'
28-Jun-2025 08:43:53.789 INFO [http-nio-8080-exec-130] org.apache.catalina.core.ApplicationContext.log Manager: list: Listing contexts for virtual host 'localhost'
28-Jun-2025 08:43:53.790 INFO [http-nio-8080-exec-138] org.apache.catalina.core.ApplicationContext.log Manager: list: Listing contexts for virtual host 'localhost'
28-Jun-2025 08:43:53.795 INFO [http-nio-8080-exec-139] org.apache.catalina.core.ApplicationContext.log Manager: undeploy: Undeploying web application at '/apacheSABI'
28-Jun-2025 08:43:54.311 INFO [http-nio-8080-exec-135] org.apache.catalina.core.ApplicationContext.log Manager: install: Installing context configuration at 'file:/C:/Users/William/AppData/Local/Temp/context13217285232927305912.xml'
28-Jun-2025 08:43:54.584 INFO [http-nio-8080-exec-133] org.apache.catalina.core.ApplicationContext.log Manager: start: Starting web application '/apacheSABI'
28-Jun-2025 08:49:56.690 INFO [http-nio-8080-exec-145] org.apache.catalina.core.ApplicationContext.log Manager: list: Listing contexts for virtual host 'localhost'
28-Jun-2025 08:49:56.691 INFO [http-nio-8080-exec-146] org.apache.catalina.core.ApplicationContext.log Manager: list: Listing contexts for virtual host 'localhost'
28-Jun-2025 08:49:56.696 INFO [http-nio-8080-exec-147] org.apache.catalina.core.ApplicationContext.log Manager: undeploy: Undeploying web application at '/apacheSABI'
28-Jun-2025 08:49:57.219 INFO [http-nio-8080-exec-149] org.apache.catalina.core.ApplicationContext.log Manager: install: Installing context configuration at 'file:/C:/Users/William/AppData/Local/Temp/context2030625394647200732.xml'
28-Jun-2025 08:49:57.510 INFO [http-nio-8080-exec-141] org.apache.catalina.core.ApplicationContext.log Manager: start: Starting web application '/apacheSABI'
28-Jun-2025 08:51:36.351 INFO [http-nio-8080-exec-153] org.apache.catalina.core.ApplicationContext.log Manager: list: Listing contexts for virtual host 'localhost'
28-Jun-2025 08:51:36.352 INFO [http-nio-8080-exec-154] org.apache.catalina.core.ApplicationContext.log Manager: list: Listing contexts for virtual host 'localhost'
28-Jun-2025 08:51:36.356 INFO [http-nio-8080-exec-141] org.apache.catalina.core.ApplicationContext.log Manager: undeploy: Undeploying web application at '/apacheSABI'
28-Jun-2025 08:51:36.872 INFO [http-nio-8080-exec-154] org.apache.catalina.core.ApplicationContext.log Manager: install: Installing context configuration at 'file:/C:/Users/William/AppData/Local/Temp/context11226119369236064309.xml'
28-Jun-2025 08:51:37.144 INFO [http-nio-8080-exec-150] org.apache.catalina.core.ApplicationContext.log Manager: start: Starting web application '/apacheSABI'
28-Jun-2025 08:55:39.690 INFO [http-nio-8080-exec-163] org.apache.catalina.core.ApplicationContext.log Manager: list: Listing contexts for virtual host 'localhost'
28-Jun-2025 08:55:39.691 INFO [http-nio-8080-exec-164] org.apache.catalina.core.ApplicationContext.log Manager: list: Listing contexts for virtual host 'localhost'
28-Jun-2025 08:55:39.695 INFO [http-nio-8080-exec-165] org.apache.catalina.core.ApplicationContext.log Manager: undeploy: Undeploying web application at '/apacheSABI'
28-Jun-2025 08:55:40.211 INFO [http-nio-8080-exec-162] org.apache.catalina.core.ApplicationContext.log Manager: install: Installing context configuration at 'file:/C:/Users/William/AppData/Local/Temp/context12816254885802289663.xml'
28-Jun-2025 08:55:40.481 INFO [http-nio-8080-exec-163] org.apache.catalina.core.ApplicationContext.log Manager: start: Starting web application '/apacheSABI'
28-Jun-2025 08:57:46.360 INFO [http-nio-8080-exec-173] org.apache.catalina.core.ApplicationContext.log Manager: list: Listing contexts for virtual host 'localhost'
28-Jun-2025 08:57:46.362 INFO [http-nio-8080-exec-174] org.apache.catalina.core.ApplicationContext.log Manager: list: Listing contexts for virtual host 'localhost'
28-Jun-2025 08:57:46.366 INFO [http-nio-8080-exec-175] org.apache.catalina.core.ApplicationContext.log Manager: undeploy: Undeploying web application at '/apacheSABI'
28-Jun-2025 08:57:46.889 INFO [http-nio-8080-exec-168] org.apache.catalina.core.ApplicationContext.log Manager: install: Installing context configuration at 'file:/C:/Users/William/AppData/Local/Temp/context15247800169475837549.xml'
28-Jun-2025 08:57:47.177 INFO [http-nio-8080-exec-171] org.apache.catalina.core.ApplicationContext.log Manager: start: Starting web application '/apacheSABI'
28-Jun-2025 09:13:04.258 INFO [http-nio-8080-exec-182] org.apache.catalina.core.ApplicationContext.log Manager: list: Listing contexts for virtual host 'localhost'
28-Jun-2025 09:13:04.259 INFO [http-nio-8080-exec-183] org.apache.catalina.core.ApplicationContext.log Manager: list: Listing contexts for virtual host 'localhost'
28-Jun-2025 09:13:04.264 INFO [http-nio-8080-exec-184] org.apache.catalina.core.ApplicationContext.log Manager: undeploy: Undeploying web application at '/apacheSABI'
28-Jun-2025 09:13:04.782 INFO [http-nio-8080-exec-179] org.apache.catalina.core.ApplicationContext.log Manager: install: Installing context configuration at 'file:/C:/Users/William/AppData/Local/Temp/context1897875964834090844.xml'
28-Jun-2025 09:13:05.057 INFO [http-nio-8080-exec-182] org.apache.catalina.core.ApplicationContext.log Manager: start: Starting web application '/apacheSABI'
28-Jun-2025 09:15:45.636 INFO [http-nio-8080-exec-192] org.apache.catalina.core.ApplicationContext.log Manager: list: Listing contexts for virtual host 'localhost'
28-Jun-2025 09:15:45.637 INFO [http-nio-8080-exec-193] org.apache.catalina.core.ApplicationContext.log Manager: list: Listing contexts for virtual host 'localhost'
28-Jun-2025 09:15:45.641 INFO [http-nio-8080-exec-194] org.apache.catalina.core.ApplicationContext.log Manager: undeploy: Undeploying web application at '/apacheSABI'
28-Jun-2025 09:15:46.160 INFO [http-nio-8080-exec-189] org.apache.catalina.core.ApplicationContext.log Manager: install: Installing context configuration at 'file:/C:/Users/William/AppData/Local/Temp/context9924191550542783634.xml'
28-Jun-2025 09:15:46.431 INFO [http-nio-8080-exec-182] org.apache.catalina.core.ApplicationContext.log Manager: start: Starting web application '/apacheSABI'
28-Jun-2025 09:25:07.036 INFO [http-nio-8080-exec-198] org.apache.catalina.core.ApplicationContext.log Manager: list: Listing contexts for virtual host 'localhost'
28-Jun-2025 09:25:07.038 INFO [http-nio-8080-exec-200] org.apache.catalina.core.ApplicationContext.log Manager: list: Listing contexts for virtual host 'localhost'
28-Jun-2025 09:25:07.043 INFO [http-nio-8080-exec-201] org.apache.catalina.core.ApplicationContext.log Manager: undeploy: Undeploying web application at '/apacheSABI'
28-Jun-2025 09:25:07.559 INFO [http-nio-8080-exec-200] org.apache.catalina.core.ApplicationContext.log Manager: install: Installing context configuration at 'file:/C:/Users/William/AppData/Local/Temp/context9477599611114080903.xml'
28-Jun-2025 09:25:07.847 INFO [http-nio-8080-exec-202] org.apache.catalina.core.ApplicationContext.log Manager: start: Starting web application '/apacheSABI'
28-Jun-2025 09:28:33.108 INFO [http-nio-8080-exec-207] org.apache.catalina.core.ApplicationContext.log Manager: list: Listing contexts for virtual host 'localhost'
28-Jun-2025 09:28:33.110 INFO [http-nio-8080-exec-211] org.apache.catalina.core.ApplicationContext.log Manager: list: Listing contexts for virtual host 'localhost'
28-Jun-2025 09:28:33.116 INFO [http-nio-8080-exec-212] org.apache.catalina.core.ApplicationContext.log Manager: undeploy: Undeploying web application at '/apacheSABI'
28-Jun-2025 09:28:33.639 INFO [http-nio-8080-exec-209] org.apache.catalina.core.ApplicationContext.log Manager: install: Installing context configuration at 'file:/C:/Users/William/AppData/Local/Temp/context2322661435886460478.xml'
28-Jun-2025 09:28:33.916 INFO [http-nio-8080-exec-213] org.apache.catalina.core.ApplicationContext.log Manager: start: Starting web application '/apacheSABI'
28-Jun-2025 09:33:32.618 INFO [http-nio-8080-exec-221] org.apache.catalina.core.ApplicationContext.log Manager: list: Listing contexts for virtual host 'localhost'
28-Jun-2025 09:33:32.619 INFO [http-nio-8080-exec-222] org.apache.catalina.core.ApplicationContext.log Manager: list: Listing contexts for virtual host 'localhost'
28-Jun-2025 09:33:32.623 INFO [http-nio-8080-exec-223] org.apache.catalina.core.ApplicationContext.log Manager: undeploy: Undeploying web application at '/apacheSABI'
28-Jun-2025 09:33:33.151 INFO [http-nio-8080-exec-219] org.apache.catalina.core.ApplicationContext.log Manager: install: Installing context configuration at 'file:/C:/Users/William/AppData/Local/Temp/context3299002972241761178.xml'
28-Jun-2025 09:33:33.447 INFO [http-nio-8080-exec-217] org.apache.catalina.core.ApplicationContext.log Manager: start: Starting web application '/apacheSABI'
28-Jun-2025 09:42:39.171 INFO [http-nio-8080-exec-229] org.apache.catalina.core.ApplicationContext.log Manager: list: Listing contexts for virtual host 'localhost'
28-Jun-2025 09:42:39.172 INFO [http-nio-8080-exec-225] org.apache.catalina.core.ApplicationContext.log Manager: list: Listing contexts for virtual host 'localhost'
28-Jun-2025 09:42:39.177 INFO [http-nio-8080-exec-230] org.apache.catalina.core.ApplicationContext.log Manager: undeploy: Undeploying web application at '/apacheSABI'
28-Jun-2025 09:42:39.700 INFO [http-nio-8080-exec-231] org.apache.catalina.core.ApplicationContext.log Manager: install: Installing context configuration at 'file:/C:/Users/William/AppData/Local/Temp/context2852219769129453757.xml'
28-Jun-2025 09:42:39.988 INFO [http-nio-8080-exec-232] org.apache.catalina.core.ApplicationContext.log Manager: start: Starting web application '/apacheSABI'
28-Jun-2025 09:45:58.793 INFO [http-nio-8080-exec-239] org.apache.catalina.core.ApplicationContext.log Manager: list: Listing contexts for virtual host 'localhost'
28-Jun-2025 09:45:58.794 INFO [http-nio-8080-exec-235] org.apache.catalina.core.ApplicationContext.log Manager: list: Listing contexts for virtual host 'localhost'
28-Jun-2025 09:45:58.798 INFO [http-nio-8080-exec-240] org.apache.catalina.core.ApplicationContext.log Manager: undeploy: Undeploying web application at '/apacheSABI'
28-Jun-2025 09:45:59.317 INFO [http-nio-8080-exec-242] org.apache.catalina.core.ApplicationContext.log Manager: install: Installing context configuration at 'file:/C:/Users/William/AppData/Local/Temp/context6514017827903084186.xml'
28-Jun-2025 09:45:59.602 INFO [http-nio-8080-exec-241] org.apache.catalina.core.ApplicationContext.log Manager: start: Starting web application '/apacheSABI'
28-Jun-2025 09:47:15.652 INFO [http-nio-8080-exec-245] org.apache.catalina.core.ApplicationContext.log Manager: list: Listing contexts for virtual host 'localhost'
28-Jun-2025 09:47:15.653 INFO [http-nio-8080-exec-241] org.apache.catalina.core.ApplicationContext.log Manager: list: Listing contexts for virtual host 'localhost'
28-Jun-2025 09:47:15.657 INFO [http-nio-8080-exec-250] org.apache.catalina.core.ApplicationContext.log Manager: undeploy: Undeploying web application at '/apacheSABI'
28-Jun-2025 09:47:16.180 INFO [http-nio-8080-exec-246] org.apache.catalina.core.ApplicationContext.log Manager: install: Installing context configuration at 'file:/C:/Users/William/AppData/Local/Temp/context17762587984844415779.xml'
28-Jun-2025 09:47:16.469 INFO [http-nio-8080-exec-248] org.apache.catalina.core.ApplicationContext.log Manager: start: Starting web application '/apacheSABI'
28-Jun-2025 09:54:57.464 INFO [http-nio-8080-exec-257] org.apache.catalina.core.ApplicationContext.log Manager: list: Listing contexts for virtual host 'localhost'
28-Jun-2025 09:54:57.465 INFO [http-nio-8080-exec-258] org.apache.catalina.core.ApplicationContext.log Manager: list: Listing contexts for virtual host 'localhost'
28-Jun-2025 09:54:57.470 INFO [http-nio-8080-exec-260] org.apache.catalina.core.ApplicationContext.log Manager: undeploy: Undeploying web application at '/apacheSABI'
28-Jun-2025 09:54:57.993 INFO [http-nio-8080-exec-255] org.apache.catalina.core.ApplicationContext.log Manager: install: Installing context configuration at 'file:/C:/Users/William/AppData/Local/Temp/context13600925672758156248.xml'
28-Jun-2025 09:54:58.259 INFO [http-nio-8080-exec-254] org.apache.catalina.core.ApplicationContext.log Manager: start: Starting web application '/apacheSABI'
28-Jun-2025 09:56:35.760 INFO [http-nio-8080-exec-258] org.apache.catalina.core.ApplicationContext.log Manager: list: Listing contexts for virtual host 'localhost'
28-Jun-2025 09:56:35.761 INFO [http-nio-8080-exec-270] org.apache.catalina.core.ApplicationContext.log Manager: list: Listing contexts for virtual host 'localhost'
28-Jun-2025 09:56:35.765 INFO [http-nio-8080-exec-268] org.apache.catalina.core.ApplicationContext.log Manager: undeploy: Undeploying web application at '/apacheSABI'
28-Jun-2025 09:56:36.290 INFO [http-nio-8080-exec-269] org.apache.catalina.core.ApplicationContext.log Manager: install: Installing context configuration at 'file:/C:/Users/William/AppData/Local/Temp/context7944853859147819043.xml'
28-Jun-2025 09:56:36.560 INFO [http-nio-8080-exec-267] org.apache.catalina.core.ApplicationContext.log Manager: start: Starting web application '/apacheSABI'
28-Jun-2025 09:57:31.970 INFO [http-nio-8080-exec-270] org.apache.catalina.core.ApplicationContext.log Manager: list: Listing contexts for virtual host 'localhost'
28-Jun-2025 09:57:31.971 INFO [http-nio-8080-exec-275] org.apache.catalina.core.ApplicationContext.log Manager: list: Listing contexts for virtual host 'localhost'
28-Jun-2025 09:57:31.976 INFO [http-nio-8080-exec-276] org.apache.catalina.core.ApplicationContext.log Manager: undeploy: Undeploying web application at '/apacheSABI'
28-Jun-2025 09:57:32.500 INFO [http-nio-8080-exec-270] org.apache.catalina.core.ApplicationContext.log Manager: install: Installing context configuration at 'file:/C:/Users/William/AppData/Local/Temp/context17250186947864186364.xml'
28-Jun-2025 09:57:32.783 INFO [http-nio-8080-exec-267] org.apache.catalina.core.ApplicationContext.log Manager: start: Starting web application '/apacheSABI'
28-Jun-2025 10:04:40.564 INFO [http-nio-8080-exec-283] org.apache.catalina.core.ApplicationContext.log Manager: list: Listing contexts for virtual host 'localhost'
28-Jun-2025 10:04:40.566 INFO [http-nio-8080-exec-286] org.apache.catalina.core.ApplicationContext.log Manager: list: Listing contexts for virtual host 'localhost'
28-Jun-2025 10:04:40.571 INFO [http-nio-8080-exec-287] org.apache.catalina.core.ApplicationContext.log Manager: undeploy: Undeploying web application at '/apacheSABI'
28-Jun-2025 10:04:41.088 INFO [http-nio-8080-exec-286] org.apache.catalina.core.ApplicationContext.log Manager: install: Installing context configuration at 'file:/C:/Users/William/AppData/Local/Temp/context3632768460669431746.xml'
28-Jun-2025 10:04:41.366 INFO [http-nio-8080-exec-280] org.apache.catalina.core.ApplicationContext.log Manager: start: Starting web application '/apacheSABI'
28-Jun-2025 10:17:48.659 INFO [http-nio-8080-exec-295] org.apache.catalina.core.ApplicationContext.log Manager: list: Listing contexts for virtual host 'localhost'
28-Jun-2025 10:17:48.661 INFO [http-nio-8080-exec-296] org.apache.catalina.core.ApplicationContext.log Manager: list: Listing contexts for virtual host 'localhost'
28-Jun-2025 10:17:48.665 INFO [http-nio-8080-exec-297] org.apache.catalina.core.ApplicationContext.log Manager: undeploy: Undeploying web application at '/apacheSABI'
28-Jun-2025 10:17:49.193 INFO [http-nio-8080-exec-298] org.apache.catalina.core.ApplicationContext.log Manager: install: Installing context configuration at 'file:/C:/Users/William/AppData/Local/Temp/context13166456603477059204.xml'
28-Jun-2025 10:17:49.465 INFO [http-nio-8080-exec-292] org.apache.catalina.core.ApplicationContext.log Manager: start: Starting web application '/apacheSABI'
28-Jun-2025 10:52:39.912 INFO [http-nio-8080-exec-305] org.apache.catalina.core.ApplicationContext.log Manager: list: Listing contexts for virtual host 'localhost'
28-Jun-2025 10:52:39.913 INFO [http-nio-8080-exec-306] org.apache.catalina.core.ApplicationContext.log Manager: list: Listing contexts for virtual host 'localhost'
28-Jun-2025 10:52:39.917 INFO [http-nio-8080-exec-307] org.apache.catalina.core.ApplicationContext.log Manager: undeploy: Undeploying web application at '/apacheSABI'
28-Jun-2025 10:52:40.446 INFO [http-nio-8080-exec-306] org.apache.catalina.core.ApplicationContext.log Manager: install: Installing context configuration at 'file:/C:/Users/William/AppData/Local/Temp/context3929312833373045532.xml'
28-Jun-2025 10:52:40.720 INFO [http-nio-8080-exec-299] org.apache.catalina.core.ApplicationContext.log Manager: start: Starting web application '/apacheSABI'
28-Jun-2025 10:53:34.722 INFO [http-nio-8080-exec-299] org.apache.catalina.core.ApplicationContext.log Manager: list: Listing contexts for virtual host 'localhost'
28-Jun-2025 10:53:34.724 INFO [http-nio-8080-exec-302] org.apache.catalina.core.ApplicationContext.log Manager: list: Listing contexts for virtual host 'localhost'
28-Jun-2025 10:53:34.728 INFO [http-nio-8080-exec-305] org.apache.catalina.core.ApplicationContext.log Manager: undeploy: Undeploying web application at '/apacheSABI'
28-Jun-2025 10:53:35.243 INFO [http-nio-8080-exec-301] org.apache.catalina.core.ApplicationContext.log Manager: install: Installing context configuration at 'file:/C:/Users/William/AppData/Local/Temp/context17510982842133362591.xml'
28-Jun-2025 10:53:35.510 INFO [http-nio-8080-exec-311] org.apache.catalina.core.ApplicationContext.log Manager: start: Starting web application '/apacheSABI'
28-Jun-2025 13:39:59.647 INFO [http-nio-8080-exec-318] org.apache.catalina.core.ApplicationContext.log Manager: list: Listing contexts for virtual host 'localhost'
28-Jun-2025 13:39:59.649 INFO [http-nio-8080-exec-319] org.apache.catalina.core.ApplicationContext.log Manager: list: Listing contexts for virtual host 'localhost'
28-Jun-2025 13:39:59.669 INFO [http-nio-8080-exec-320] org.apache.catalina.core.ApplicationContext.log Manager: undeploy: Undeploying web application at '/apacheSABI'
28-Jun-2025 13:40:00.197 INFO [http-nio-8080-exec-321] org.apache.catalina.core.ApplicationContext.log Manager: install: Installing context configuration at 'file:/C:/Users/William/AppData/Local/Temp/context12537291153799979772.xml'
28-Jun-2025 13:40:00.507 INFO [http-nio-8080-exec-315] org.apache.catalina.core.ApplicationContext.log Manager: start: Starting web application '/apacheSABI'
28-Jun-2025 14:27:13.429 INFO [http-nio-8080-exec-328] org.apache.catalina.core.ApplicationContext.log Manager: list: Listing contexts for virtual host 'localhost'
28-Jun-2025 14:27:13.429 INFO [http-nio-8080-exec-329] org.apache.catalina.core.ApplicationContext.log Manager: list: Listing contexts for virtual host 'localhost'
28-Jun-2025 14:27:13.433 INFO [http-nio-8080-exec-330] org.apache.catalina.core.ApplicationContext.log Manager: undeploy: Undeploying web application at '/apacheSABI'
28-Jun-2025 14:27:13.956 INFO [http-nio-8080-exec-327] org.apache.catalina.core.ApplicationContext.log Manager: install: Installing context configuration at 'file:/C:/Users/William/AppData/Local/Temp/context9524097655949454386.xml'
28-Jun-2025 14:27:14.248 INFO [http-nio-8080-exec-328] org.apache.catalina.core.ApplicationContext.log Manager: start: Starting web application '/apacheSABI'
28-Jun-2025 14:30:33.746 INFO [http-nio-8080-exec-339] org.apache.catalina.core.ApplicationContext.log Manager: list: Listing contexts for virtual host 'localhost'
28-Jun-2025 14:30:33.747 INFO [http-nio-8080-exec-335] org.apache.catalina.core.ApplicationContext.log Manager: list: Listing contexts for virtual host 'localhost'
28-Jun-2025 14:30:33.751 INFO [http-nio-8080-exec-341] org.apache.catalina.core.ApplicationContext.log Manager: undeploy: Undeploying web application at '/apacheSABI'
28-Jun-2025 14:30:34.274 INFO [http-nio-8080-exec-339] org.apache.catalina.core.ApplicationContext.log Manager: install: Installing context configuration at 'file:/C:/Users/William/AppData/Local/Temp/context6745893746048721470.xml'
28-Jun-2025 14:30:34.558 INFO [http-nio-8080-exec-333] org.apache.catalina.core.ApplicationContext.log Manager: start: Starting web application '/apacheSABI'
28-Jun-2025 14:41:47.998 INFO [http-nio-8080-exec-349] org.apache.catalina.core.ApplicationContext.log Manager: list: Listing contexts for virtual host 'localhost'
28-Jun-2025 14:41:47.999 INFO [http-nio-8080-exec-342] org.apache.catalina.core.ApplicationContext.log Manager: list: Listing contexts for virtual host 'localhost'
28-Jun-2025 14:41:48.004 INFO [http-nio-8080-exec-350] org.apache.catalina.core.ApplicationContext.log Manager: undeploy: Undeploying web application at '/apacheSABI'
28-Jun-2025 14:41:48.533 INFO [http-nio-8080-exec-346] org.apache.catalina.core.ApplicationContext.log Manager: install: Installing context configuration at 'file:/C:/Users/William/AppData/Local/Temp/context16926571025701327627.xml'
28-Jun-2025 14:41:48.804 INFO [http-nio-8080-exec-344] org.apache.catalina.core.ApplicationContext.log Manager: start: Starting web application '/apacheSABI'
28-Jun-2025 14:45:19.721 INFO [http-nio-8080-exec-358] org.apache.catalina.core.ApplicationContext.log Manager: list: Listing contexts for virtual host 'localhost'
28-Jun-2025 14:45:19.722 INFO [http-nio-8080-exec-359] org.apache.catalina.core.ApplicationContext.log Manager: list: Listing contexts for virtual host 'localhost'
28-Jun-2025 14:45:19.725 INFO [http-nio-8080-exec-360] org.apache.catalina.core.ApplicationContext.log Manager: undeploy: Undeploying web application at '/apacheSABI'
28-Jun-2025 14:45:20.245 INFO [http-nio-8080-exec-361] org.apache.catalina.core.ApplicationContext.log Manager: install: Installing context configuration at 'file:/C:/Users/William/AppData/Local/Temp/context4038398756167262823.xml'
28-Jun-2025 14:45:20.523 INFO [http-nio-8080-exec-355] org.apache.catalina.core.ApplicationContext.log Manager: start: Starting web application '/apacheSABI'
28-Jun-2025 14:47:11.476 INFO [http-nio-8080-exec-367] org.apache.catalina.core.ApplicationContext.log Manager: list: Listing contexts for virtual host 'localhost'
28-Jun-2025 14:47:11.477 INFO [http-nio-8080-exec-368] org.apache.catalina.core.ApplicationContext.log Manager: list: Listing contexts for virtual host 'localhost'
28-Jun-2025 14:47:11.481 INFO [http-nio-8080-exec-370] org.apache.catalina.core.ApplicationContext.log Manager: undeploy: Undeploying web application at '/apacheSABI'
28-Jun-2025 14:47:11.998 INFO [http-nio-8080-exec-362] org.apache.catalina.core.ApplicationContext.log Manager: install: Installing context configuration at 'file:/C:/Users/William/AppData/Local/Temp/context2052140814709976983.xml'
28-Jun-2025 14:47:12.286 INFO [http-nio-8080-exec-368] org.apache.catalina.core.ApplicationContext.log Manager: start: Starting web application '/apacheSABI'
28-Jun-2025 14:55:38.006 INFO [http-nio-8080-exec-378] org.apache.catalina.core.ApplicationContext.log Manager: list: Listing contexts for virtual host 'localhost'
28-Jun-2025 14:55:38.007 INFO [http-nio-8080-exec-379] org.apache.catalina.core.ApplicationContext.log Manager: list: Listing contexts for virtual host 'localhost'
28-Jun-2025 14:55:38.010 INFO [http-nio-8080-exec-380] org.apache.catalina.core.ApplicationContext.log Manager: undeploy: Undeploying web application at '/apacheSABI'
28-Jun-2025 14:55:38.525 INFO [http-nio-8080-exec-374] org.apache.catalina.core.ApplicationContext.log Manager: install: Installing context configuration at 'file:/C:/Users/William/AppData/Local/Temp/context15119716609966255826.xml'
28-Jun-2025 14:55:38.799 INFO [http-nio-8080-exec-373] org.apache.catalina.core.ApplicationContext.log Manager: start: Starting web application '/apacheSABI'
28-Jun-2025 14:57:07.556 INFO [http-nio-8080-exec-387] org.apache.catalina.core.ApplicationContext.log Manager: list: Listing contexts for virtual host 'localhost'
28-Jun-2025 14:57:07.557 INFO [http-nio-8080-exec-389] org.apache.catalina.core.ApplicationContext.log Manager: list: Listing contexts for virtual host 'localhost'
28-Jun-2025 14:57:07.560 INFO [http-nio-8080-exec-388] org.apache.catalina.core.ApplicationContext.log Manager: undeploy: Undeploying web application at '/apacheSABI'
28-Jun-2025 14:57:08.081 INFO [http-nio-8080-exec-385] org.apache.catalina.core.ApplicationContext.log Manager: install: Installing context configuration at 'file:/C:/Users/William/AppData/Local/Temp/context9827997745129313764.xml'
28-Jun-2025 14:57:08.369 INFO [http-nio-8080-exec-384] org.apache.catalina.core.ApplicationContext.log Manager: start: Starting web application '/apacheSABI'
28-Jun-2025 15:00:22.285 INFO [http-nio-8080-exec-395] org.apache.catalina.core.ApplicationContext.log Manager: list: Listing contexts for virtual host 'localhost'
28-Jun-2025 15:00:22.286 INFO [http-nio-8080-exec-397] org.apache.catalina.core.ApplicationContext.log Manager: list: Listing contexts for virtual host 'localhost'
28-Jun-2025 15:00:22.290 INFO [http-nio-8080-exec-396] org.apache.catalina.core.ApplicationContext.log Manager: undeploy: Undeploying web application at '/apacheSABI'
28-Jun-2025 15:00:22.821 INFO [http-nio-8080-exec-395] org.apache.catalina.core.ApplicationContext.log Manager: install: Installing context configuration at 'file:/C:/Users/William/AppData/Local/Temp/context6487022705825917344.xml'
28-Jun-2025 15:00:23.096 INFO [http-nio-8080-exec-398] org.apache.catalina.core.ApplicationContext.log Manager: start: Starting web application '/apacheSABI'
28-Jun-2025 15:07:19.036 INFO [http-nio-8080-exec-406] org.apache.catalina.core.ApplicationContext.log Manager: list: Listing contexts for virtual host 'localhost'
28-Jun-2025 15:07:19.037 INFO [http-nio-8080-exec-407] org.apache.catalina.core.ApplicationContext.log Manager: list: Listing contexts for virtual host 'localhost'
28-Jun-2025 15:07:19.041 INFO [http-nio-8080-exec-408] org.apache.catalina.core.ApplicationContext.log Manager: undeploy: Undeploying web application at '/apacheSABI'
28-Jun-2025 15:07:19.569 INFO [http-nio-8080-exec-407] org.apache.catalina.core.ApplicationContext.log Manager: install: Installing context configuration at 'file:/C:/Users/William/AppData/Local/Temp/context13763849208303570511.xml'
28-Jun-2025 15:07:19.851 INFO [http-nio-8080-exec-404] org.apache.catalina.core.ApplicationContext.log Manager: start: Starting web application '/apacheSABI'
28-Jun-2025 15:08:07.752 INFO [http-nio-8080-exec-413] org.apache.catalina.core.ApplicationContext.log Manager: list: Listing contexts for virtual host 'localhost'
28-Jun-2025 15:08:07.753 INFO [http-nio-8080-exec-414] org.apache.catalina.core.ApplicationContext.log Manager: list: Listing contexts for virtual host 'localhost'
28-Jun-2025 15:08:07.757 INFO [http-nio-8080-exec-415] org.apache.catalina.core.ApplicationContext.log Manager: undeploy: Undeploying web application at '/apacheSABI'
28-Jun-2025 15:08:08.277 INFO [http-nio-8080-exec-410] org.apache.catalina.core.ApplicationContext.log Manager: install: Installing context configuration at 'file:/C:/Users/William/AppData/Local/Temp/context14393864587635231026.xml'
28-Jun-2025 15:08:08.559 INFO [http-nio-8080-exec-404] org.apache.catalina.core.ApplicationContext.log Manager: start: Starting web application '/apacheSABI'
28-Jun-2025 15:11:14.686 INFO [http-nio-8080-exec-418] org.apache.catalina.core.ApplicationContext.log Manager: list: Listing contexts for virtual host 'localhost'
28-Jun-2025 15:11:14.688 INFO [http-nio-8080-exec-425] org.apache.catalina.core.ApplicationContext.log Manager: list: Listing contexts for virtual host 'localhost'
28-Jun-2025 15:11:14.691 INFO [http-nio-8080-exec-426] org.apache.catalina.core.ApplicationContext.log Manager: undeploy: Undeploying web application at '/apacheSABI'
28-Jun-2025 15:11:15.219 INFO [http-nio-8080-exec-420] org.apache.catalina.core.ApplicationContext.log Manager: install: Installing context configuration at 'file:/C:/Users/William/AppData/Local/Temp/context596128942100937111.xml'
28-Jun-2025 15:11:15.493 INFO [http-nio-8080-exec-425] org.apache.catalina.core.ApplicationContext.log Manager: start: Starting web application '/apacheSABI'
28-Jun-2025 15:52:30.589 INFO [http-nio-8080-exec-434] org.apache.catalina.core.ApplicationContext.log Manager: list: Listing contexts for virtual host 'localhost'
28-Jun-2025 15:52:30.590 INFO [http-nio-8080-exec-435] org.apache.catalina.core.ApplicationContext.log Manager: list: Listing contexts for virtual host 'localhost'
28-Jun-2025 15:52:30.595 INFO [http-nio-8080-exec-436] org.apache.catalina.core.ApplicationContext.log Manager: undeploy: Undeploying web application at '/apacheSABI'
28-Jun-2025 15:52:31.114 INFO [http-nio-8080-exec-430] org.apache.catalina.core.ApplicationContext.log Manager: install: Installing context configuration at 'file:/C:/Users/William/AppData/Local/Temp/context2651156457286575368.xml'
28-Jun-2025 15:52:31.428 INFO [http-nio-8080-exec-433] org.apache.catalina.core.ApplicationContext.log Manager: start: Starting web application '/apacheSABI'
28-Jun-2025 16:53:38.585 INFO [http-nio-8080-exec-441] org.apache.catalina.core.ApplicationContext.log Manager: list: Listing contexts for virtual host 'localhost'
28-Jun-2025 16:53:38.586 INFO [http-nio-8080-exec-442] org.apache.catalina.core.ApplicationContext.log Manager: list: Listing contexts for virtual host 'localhost'
28-Jun-2025 16:53:38.589 INFO [http-nio-8080-exec-446] org.apache.catalina.core.ApplicationContext.log Manager: undeploy: Undeploying web application at '/apacheSABI'
28-Jun-2025 16:53:39.119 INFO [http-nio-8080-exec-440] org.apache.catalina.core.ApplicationContext.log Manager: install: Installing context configuration at 'file:/C:/Users/William/AppData/Local/Temp/context3803246521281664661.xml'
28-Jun-2025 16:53:39.456 INFO [http-nio-8080-exec-447] org.apache.catalina.core.ApplicationContext.log Manager: start: Starting web application '/apacheSABI'
28-Jun-2025 17:02:48.174 INFO [http-nio-8080-exec-454] org.apache.catalina.core.ApplicationContext.log Manager: list: Listing contexts for virtual host 'localhost'
28-Jun-2025 17:02:48.176 INFO [http-nio-8080-exec-455] org.apache.catalina.core.ApplicationContext.log Manager: list: Listing contexts for virtual host 'localhost'
28-Jun-2025 17:02:48.180 INFO [http-nio-8080-exec-456] org.apache.catalina.core.ApplicationContext.log Manager: undeploy: Undeploying web application at '/apacheSABI'
28-Jun-2025 17:02:48.700 INFO [http-nio-8080-exec-452] org.apache.catalina.core.ApplicationContext.log Manager: install: Installing context configuration at 'file:/C:/Users/William/AppData/Local/Temp/context2916698866372133499.xml'
28-Jun-2025 17:02:48.973 INFO [http-nio-8080-exec-448] org.apache.catalina.core.ApplicationContext.log Manager: start: Starting web application '/apacheSABI'
28-Jun-2025 17:10:32.125 INFO [http-nio-8080-exec-464] org.apache.catalina.core.ApplicationContext.log Manager: list: Listing contexts for virtual host 'localhost'
28-Jun-2025 17:10:32.126 INFO [http-nio-8080-exec-465] org.apache.catalina.core.ApplicationContext.log Manager: list: Listing contexts for virtual host 'localhost'
28-Jun-2025 17:10:32.131 INFO [http-nio-8080-exec-466] org.apache.catalina.core.ApplicationContext.log Manager: undeploy: Undeploying web application at '/apacheSABI'
28-Jun-2025 17:10:32.648 INFO [http-nio-8080-exec-462] org.apache.catalina.core.ApplicationContext.log Manager: install: Installing context configuration at 'file:/C:/Users/William/AppData/Local/Temp/context16265845274832735716.xml'
28-Jun-2025 17:10:32.946 INFO [http-nio-8080-exec-465] org.apache.catalina.core.ApplicationContext.log Manager: start: Starting web application '/apacheSABI'
28-Jun-2025 17:14:16.462 INFO [http-nio-8080-exec-474] org.apache.catalina.core.ApplicationContext.log Manager: list: Listing contexts for virtual host 'localhost'
28-Jun-2025 17:14:16.462 INFO [http-nio-8080-exec-475] org.apache.catalina.core.ApplicationContext.log Manager: list: Listing contexts for virtual host 'localhost'
28-Jun-2025 17:14:16.468 INFO [http-nio-8080-exec-477] org.apache.catalina.core.ApplicationContext.log Manager: undeploy: Undeploying web application at '/apacheSABI'
28-Jun-2025 17:14:16.982 INFO [http-nio-8080-exec-471] org.apache.catalina.core.ApplicationContext.log Manager: install: Installing context configuration at 'file:/C:/Users/William/AppData/Local/Temp/context16243472712314324746.xml'
28-Jun-2025 17:14:17.263 INFO [http-nio-8080-exec-473] org.apache.catalina.core.ApplicationContext.log Manager: start: Starting web application '/apacheSABI'
28-Jun-2025 17:15:38.366 INFO [http-nio-8080-exec-477] org.apache.catalina.core.ApplicationContext.log Manager: list: Listing contexts for virtual host 'localhost'
28-Jun-2025 17:15:38.366 INFO [http-nio-8080-exec-471] org.apache.catalina.core.ApplicationContext.log Manager: list: Listing contexts for virtual host 'localhost'
28-Jun-2025 17:15:38.370 INFO [http-nio-8080-exec-473] org.apache.catalina.core.ApplicationContext.log Manager: undeploy: Undeploying web application at '/apacheSABI'
28-Jun-2025 17:15:38.891 INFO [http-nio-8080-exec-470] org.apache.catalina.core.ApplicationContext.log Manager: install: Installing context configuration at 'file:/C:/Users/William/AppData/Local/Temp/context3716187558815673913.xml'
28-Jun-2025 17:15:39.179 INFO [http-nio-8080-exec-478] org.apache.catalina.core.ApplicationContext.log Manager: start: Starting web application '/apacheSABI'
28-Jun-2025 17:22:35.072 INFO [http-nio-8080-exec-491] org.apache.catalina.core.ApplicationContext.log Manager: list: Listing contexts for virtual host 'localhost'
28-Jun-2025 17:22:35.075 INFO [http-nio-8080-exec-490] org.apache.catalina.core.ApplicationContext.log Manager: list: Listing contexts for virtual host 'localhost'
28-Jun-2025 17:22:35.078 INFO [http-nio-8080-exec-492] org.apache.catalina.core.ApplicationContext.log Manager: undeploy: Undeploying web application at '/apacheSABI'
28-Jun-2025 17:22:35.603 INFO [http-nio-8080-exec-487] org.apache.catalina.core.ApplicationContext.log Manager: install: Installing context configuration at 'file:/C:/Users/William/AppData/Local/Temp/context4647596727531249084.xml'
28-Jun-2025 17:22:35.876 INFO [http-nio-8080-exec-490] org.apache.catalina.core.ApplicationContext.log Manager: start: Starting web application '/apacheSABI'
28-Jun-2025 17:26:24.797 INFO [http-nio-8080-exec-501] org.apache.catalina.core.ApplicationContext.log Manager: list: Listing contexts for virtual host 'localhost'
28-Jun-2025 17:26:24.798 INFO [http-nio-8080-exec-500] org.apache.catalina.core.ApplicationContext.log Manager: list: Listing contexts for virtual host 'localhost'
28-Jun-2025 17:26:24.802 INFO [http-nio-8080-exec-502] org.apache.catalina.core.ApplicationContext.log Manager: undeploy: Undeploying web application at '/apacheSABI'
28-Jun-2025 17:26:25.317 INFO [http-nio-8080-exec-501] org.apache.catalina.core.ApplicationContext.log Manager: install: Installing context configuration at 'file:/C:/Users/William/AppData/Local/Temp/context16018886360970783355.xml'
28-Jun-2025 17:26:25.593 INFO [http-nio-8080-exec-495] org.apache.catalina.core.ApplicationContext.log Manager: start: Starting web application '/apacheSABI'
28-Jun-2025 17:30:24.686 INFO [http-nio-8080-exec-510] org.apache.catalina.core.ApplicationContext.log Manager: list: Listing contexts for virtual host 'localhost'
28-Jun-2025 17:30:24.688 INFO [http-nio-8080-exec-511] org.apache.catalina.core.ApplicationContext.log Manager: list: Listing contexts for virtual host 'localhost'
28-Jun-2025 17:30:24.693 INFO [http-nio-8080-exec-513] org.apache.catalina.core.ApplicationContext.log Manager: undeploy: Undeploying web application at '/apacheSABI'
28-Jun-2025 17:30:25.219 INFO [http-nio-8080-exec-507] org.apache.catalina.core.ApplicationContext.log Manager: install: Installing context configuration at 'file:/C:/Users/William/AppData/Local/Temp/context9943181738633626728.xml'
28-Jun-2025 17:30:25.499 INFO [http-nio-8080-exec-510] org.apache.catalina.core.ApplicationContext.log Manager: start: Starting web application '/apacheSABI'
28-Jun-2025 17:56:58.167 INFO [http-nio-8080-exec-521] org.apache.catalina.core.ApplicationContext.log Manager: list: Listing contexts for virtual host 'localhost'
28-Jun-2025 17:56:58.168 INFO [http-nio-8080-exec-520] org.apache.catalina.core.ApplicationContext.log Manager: list: Listing contexts for virtual host 'localhost'
28-Jun-2025 17:56:58.172 INFO [http-nio-8080-exec-522] org.apache.catalina.core.ApplicationContext.log Manager: undeploy: Undeploying web application at '/apacheSABI'
28-Jun-2025 17:56:58.694 INFO [http-nio-8080-exec-523] org.apache.catalina.core.ApplicationContext.log Manager: install: Installing context configuration at 'file:/C:/Users/William/AppData/Local/Temp/context15473480666999098588.xml'
28-Jun-2025 17:56:58.962 INFO [http-nio-8080-exec-521] org.apache.catalina.core.ApplicationContext.log Manager: start: Starting web application '/apacheSABI'
28-Jun-2025 18:51:20.365 INFO [http-nio-8080-exec-524] org.apache.catalina.core.ApplicationContext.log Manager: list: Listing contexts for virtual host 'localhost'
28-Jun-2025 18:51:20.366 INFO [http-nio-8080-exec-540] org.apache.catalina.core.ApplicationContext.log Manager: list: Listing contexts for virtual host 'localhost'
28-Jun-2025 18:51:20.371 INFO [http-nio-8080-exec-525] org.apache.catalina.core.ApplicationContext.log Manager: undeploy: Undeploying web application at '/apacheSABI'
28-Jun-2025 18:51:20.895 INFO [http-nio-8080-exec-539] org.apache.catalina.core.ApplicationContext.log Manager: install: Installing context configuration at 'file:/C:/Users/William/AppData/Local/Temp/context12939470035245335359.xml'
28-Jun-2025 18:51:21.168 INFO [http-nio-8080-exec-540] org.apache.catalina.core.ApplicationContext.log Manager: start: Starting web application '/apacheSABI'
28-Jun-2025 18:54:52.790 INFO [http-nio-8080-exec-547] org.apache.catalina.core.ApplicationContext.log Manager: list: Listing contexts for virtual host 'localhost'
28-Jun-2025 18:54:52.791 INFO [http-nio-8080-exec-548] org.apache.catalina.core.ApplicationContext.log Manager: list: Listing contexts for virtual host 'localhost'
28-Jun-2025 18:54:52.795 INFO [http-nio-8080-exec-549] org.apache.catalina.core.ApplicationContext.log Manager: undeploy: Undeploying web application at '/apacheSABI'
28-Jun-2025 18:54:53.310 INFO [http-nio-8080-exec-545] org.apache.catalina.core.ApplicationContext.log Manager: install: Installing context configuration at 'file:/C:/Users/William/AppData/Local/Temp/context6752245897539032230.xml'
28-Jun-2025 18:54:53.595 INFO [http-nio-8080-exec-546] org.apache.catalina.core.ApplicationContext.log Manager: start: Starting web application '/apacheSABI'
28-Jun-2025 18:56:45.680 INFO [http-nio-8080-exec-545] org.apache.catalina.core.ApplicationContext.log Manager: list: Listing contexts for virtual host 'localhost'
28-Jun-2025 18:56:45.680 INFO [http-nio-8080-exec-556] org.apache.catalina.core.ApplicationContext.log Manager: list: Listing contexts for virtual host 'localhost'
28-Jun-2025 18:56:45.685 INFO [http-nio-8080-exec-546] org.apache.catalina.core.ApplicationContext.log Manager: undeploy: Undeploying web application at '/apacheSABI'
28-Jun-2025 18:56:46.212 INFO [http-nio-8080-exec-549] org.apache.catalina.core.ApplicationContext.log Manager: install: Installing context configuration at 'file:/C:/Users/William/AppData/Local/Temp/context381405490597299865.xml'
28-Jun-2025 18:56:46.496 INFO [http-nio-8080-exec-554] org.apache.catalina.core.ApplicationContext.log Manager: start: Starting web application '/apacheSABI'
28-Jun-2025 18:59:21.631 INFO [http-nio-8080-exec-563] org.apache.catalina.core.ApplicationContext.log Manager: list: Listing contexts for virtual host 'localhost'
28-Jun-2025 18:59:21.633 INFO [http-nio-8080-exec-564] org.apache.catalina.core.ApplicationContext.log Manager: list: Listing contexts for virtual host 'localhost'
28-Jun-2025 18:59:21.637 INFO [http-nio-8080-exec-549] org.apache.catalina.core.ApplicationContext.log Manager: undeploy: Undeploying web application at '/apacheSABI'
28-Jun-2025 18:59:22.165 INFO [http-nio-8080-exec-559] org.apache.catalina.core.ApplicationContext.log Manager: install: Installing context configuration at 'file:/C:/Users/William/AppData/Local/Temp/context17593338168303791203.xml'
28-Jun-2025 18:59:22.488 INFO [http-nio-8080-exec-561] org.apache.catalina.core.ApplicationContext.log Manager: start: Starting web application '/apacheSABI'
28-Jun-2025 19:04:33.389 INFO [http-nio-8080-exec-571] org.apache.catalina.core.ApplicationContext.log Manager: list: Listing contexts for virtual host 'localhost'
28-Jun-2025 19:04:33.389 INFO [http-nio-8080-exec-572] org.apache.catalina.core.ApplicationContext.log Manager: list: Listing contexts for virtual host 'localhost'
28-Jun-2025 19:04:33.393 INFO [http-nio-8080-exec-574] org.apache.catalina.core.ApplicationContext.log Manager: undeploy: Undeploying web application at '/apacheSABI'
28-Jun-2025 19:04:33.922 INFO [http-nio-8080-exec-571] org.apache.catalina.core.ApplicationContext.log Manager: install: Installing context configuration at 'file:/C:/Users/William/AppData/Local/Temp/context2704742681413209267.xml'
28-Jun-2025 19:04:34.195 INFO [http-nio-8080-exec-570] org.apache.catalina.core.ApplicationContext.log Manager: start: Starting web application '/apacheSABI'
28-Jun-2025 19:09:28.987 INFO [http-nio-8080-exec-581] org.apache.catalina.core.ApplicationContext.log Manager: list: Listing contexts for virtual host 'localhost'
28-Jun-2025 19:09:28.988 INFO [http-nio-8080-exec-582] org.apache.catalina.core.ApplicationContext.log Manager: list: Listing contexts for virtual host 'localhost'
28-Jun-2025 19:09:28.992 INFO [http-nio-8080-exec-584] org.apache.catalina.core.ApplicationContext.log Manager: undeploy: Undeploying web application at '/apacheSABI'
28-Jun-2025 19:09:29.507 INFO [http-nio-8080-exec-579] org.apache.catalina.core.ApplicationContext.log Manager: install: Installing context configuration at 'file:/C:/Users/William/AppData/Local/Temp/context3465801319835003214.xml'
28-Jun-2025 19:09:29.775 INFO [http-nio-8080-exec-580] org.apache.catalina.core.ApplicationContext.log Manager: start: Starting web application '/apacheSABI'
28-Jun-2025 19:31:33.895 INFO [http-nio-8080-exec-591] org.apache.catalina.core.ApplicationContext.log Manager: list: Listing contexts for virtual host 'localhost'
28-Jun-2025 19:31:33.895 INFO [http-nio-8080-exec-592] org.apache.catalina.core.ApplicationContext.log Manager: list: Listing contexts for virtual host 'localhost'
28-Jun-2025 19:31:33.900 INFO [http-nio-8080-exec-593] org.apache.catalina.core.ApplicationContext.log Manager: undeploy: Undeploying web application at '/apacheSABI'
28-Jun-2025 19:31:34.422 INFO [http-nio-8080-exec-587] org.apache.catalina.core.ApplicationContext.log Manager: install: Installing context configuration at 'file:/C:/Users/William/AppData/Local/Temp/context2440577352125313803.xml'
28-Jun-2025 19:31:34.698 INFO [http-nio-8080-exec-592] org.apache.catalina.core.ApplicationContext.log Manager: start: Starting web application '/apacheSABI'
28-Jun-2025 19:34:17.907 INFO [http-nio-8080-exec-602] org.apache.catalina.core.ApplicationContext.log Manager: list: Listing contexts for virtual host 'localhost'
28-Jun-2025 19:34:17.907 INFO [http-nio-8080-exec-603] org.apache.catalina.core.ApplicationContext.log Manager: list: Listing contexts for virtual host 'localhost'
28-Jun-2025 19:34:17.911 INFO [http-nio-8080-exec-596] org.apache.catalina.core.ApplicationContext.log Manager: undeploy: Undeploying web application at '/apacheSABI'
28-Jun-2025 19:34:18.434 INFO [http-nio-8080-exec-601] org.apache.catalina.core.ApplicationContext.log Manager: install: Installing context configuration at 'file:/C:/Users/William/AppData/Local/Temp/context7216508634426145375.xml'
28-Jun-2025 19:34:18.722 INFO [http-nio-8080-exec-595] org.apache.catalina.core.ApplicationContext.log Manager: start: Starting web application '/apacheSABI'
28-Jun-2025 19:38:09.969 INFO [http-nio-8080-exec-611] org.apache.catalina.core.ApplicationContext.log Manager: list: Listing contexts for virtual host 'localhost'
28-Jun-2025 19:38:09.970 INFO [http-nio-8080-exec-612] org.apache.catalina.core.ApplicationContext.log Manager: list: Listing contexts for virtual host 'localhost'
28-Jun-2025 19:38:09.973 INFO [http-nio-8080-exec-613] org.apache.catalina.core.ApplicationContext.log Manager: undeploy: Undeploying web application at '/apacheSABI'
28-Jun-2025 19:38:10.498 INFO [http-nio-8080-exec-605] org.apache.catalina.core.ApplicationContext.log Manager: install: Installing context configuration at 'file:/C:/Users/William/AppData/Local/Temp/context5318239486052341109.xml'
28-Jun-2025 19:38:10.796 INFO [http-nio-8080-exec-609] org.apache.catalina.core.ApplicationContext.log Manager: start: Starting web application '/apacheSABI'
